{"C:\\Users\\abdul\\Downloads\\moodmash\\src\\lib\\auth\\auth-options.ts": {"path":"C:\\Users\\abdul\\Downloads\\moodmash\\src\\lib\\auth\\auth-options.ts","all":false,"statementMap":{"0":{"start":{"line":1,"column":0},"end":{"line":1,"column":34}},"1":{"start":{"line":2,"column":0},"end":{"line":2,"column":58}},"3":{"start":{"line":4,"column":0},"end":{"line":4,"column":66}},"4":{"start":{"line":5,"column":0},"end":{"line":5,"column":54}},"5":{"start":{"line":6,"column":0},"end":{"line":6,"column":46}},"10":{"start":{"line":11,"column":0},"end":{"line":11,"column":45}},"11":{"start":{"line":12,"column":0},"end":{"line":12,"column":33}},"12":{"start":{"line":13,"column":0},"end":{"line":13,"column":12}},"13":{"start":{"line":14,"column":0},"end":{"line":14,"column":20}},"14":{"start":{"line":15,"column":0},"end":{"line":15,"column":41}},"15":{"start":{"line":16,"column":0},"end":{"line":16,"column":4}},"16":{"start":{"line":17,"column":0},"end":{"line":17,"column":10}},"17":{"start":{"line":18,"column":0},"end":{"line":18,"column":27}},"18":{"start":{"line":19,"column":0},"end":{"line":19,"column":29}},"19":{"start":{"line":20,"column":0},"end":{"line":20,"column":25}},"20":{"start":{"line":21,"column":0},"end":{"line":21,"column":42}},"21":{"start":{"line":22,"column":0},"end":{"line":22,"column":30}},"22":{"start":{"line":23,"column":0},"end":{"line":23,"column":4}},"23":{"start":{"line":24,"column":0},"end":{"line":24,"column":14}},"24":{"start":{"line":25,"column":0},"end":{"line":25,"column":19}},"25":{"start":{"line":26,"column":0},"end":{"line":26,"column":15}},"26":{"start":{"line":27,"column":0},"end":{"line":27,"column":44}},"27":{"start":{"line":28,"column":0},"end":{"line":28,"column":67}},"28":{"start":{"line":29,"column":0},"end":{"line":29,"column":15}},"29":{"start":{"line":30,"column":0},"end":{"line":30,"column":46}},"30":{"start":{"line":31,"column":0},"end":{"line":31,"column":50}},"31":{"start":{"line":32,"column":0},"end":{"line":32,"column":10}},"32":{"start":{"line":33,"column":0},"end":{"line":33,"column":8}},"33":{"start":{"line":34,"column":0},"end":{"line":34,"column":35}},"34":{"start":{"line":35,"column":0},"end":{"line":35,"column":7}},"35":{"start":{"line":36,"column":0},"end":{"line":36,"column":25}},"36":{"start":{"line":37,"column":0},"end":{"line":37,"column":26}},"37":{"start":{"line":38,"column":0},"end":{"line":38,"column":20}},"38":{"start":{"line":39,"column":0},"end":{"line":39,"column":49}},"39":{"start":{"line":40,"column":0},"end":{"line":40,"column":58}},"40":{"start":{"line":41,"column":0},"end":{"line":41,"column":8}},"41":{"start":{"line":42,"column":0},"end":{"line":42,"column":36}},"42":{"start":{"line":43,"column":0},"end":{"line":43,"column":60}},"43":{"start":{"line":44,"column":0},"end":{"line":44,"column":22}},"44":{"start":{"line":45,"column":0},"end":{"line":45,"column":9}},"46":{"start":{"line":47,"column":0},"end":{"line":47,"column":51}},"47":{"start":{"line":48,"column":0},"end":{"line":48,"column":46}},"48":{"start":{"line":49,"column":0},"end":{"line":49,"column":11}},"50":{"start":{"line":51,"column":0},"end":{"line":51,"column":38}},"51":{"start":{"line":52,"column":0},"end":{"line":52,"column":22}},"52":{"start":{"line":53,"column":0},"end":{"line":53,"column":9}},"54":{"start":{"line":55,"column":0},"end":{"line":55,"column":92}},"56":{"start":{"line":57,"column":0},"end":{"line":57,"column":31}},"57":{"start":{"line":58,"column":0},"end":{"line":58,"column":22}},"58":{"start":{"line":59,"column":0},"end":{"line":59,"column":9}},"60":{"start":{"line":61,"column":0},"end":{"line":61,"column":16}},"61":{"start":{"line":62,"column":0},"end":{"line":62,"column":22}},"62":{"start":{"line":63,"column":0},"end":{"line":63,"column":28}},"63":{"start":{"line":64,"column":0},"end":{"line":64,"column":26}},"64":{"start":{"line":65,"column":0},"end":{"line":65,"column":10}},"65":{"start":{"line":66,"column":0},"end":{"line":66,"column":8}},"66":{"start":{"line":67,"column":0},"end":{"line":67,"column":7}},"67":{"start":{"line":68,"column":0},"end":{"line":68,"column":4}},"68":{"start":{"line":69,"column":0},"end":{"line":69,"column":14}},"69":{"start":{"line":70,"column":0},"end":{"line":70,"column":39}},"70":{"start":{"line":71,"column":0},"end":{"line":71,"column":34}},"71":{"start":{"line":72,"column":0},"end":{"line":72,"column":46}},"72":{"start":{"line":73,"column":0},"end":{"line":73,"column":7}},"73":{"start":{"line":74,"column":0},"end":{"line":74,"column":21}},"74":{"start":{"line":75,"column":0},"end":{"line":75,"column":6}},"75":{"start":{"line":76,"column":0},"end":{"line":76,"column":32}},"76":{"start":{"line":77,"column":0},"end":{"line":77,"column":17}},"77":{"start":{"line":78,"column":0},"end":{"line":78,"column":28}},"78":{"start":{"line":79,"column":0},"end":{"line":79,"column":7}},"79":{"start":{"line":80,"column":0},"end":{"line":80,"column":19}},"80":{"start":{"line":81,"column":0},"end":{"line":81,"column":6}},"81":{"start":{"line":82,"column":0},"end":{"line":82,"column":4}},"82":{"start":{"line":83,"column":0},"end":{"line":83,"column":2}},"85":{"start":{"line":86,"column":0},"end":{"line":86,"column":27}}},"s":{"0":1,"1":1,"3":1,"4":1,"5":1,"10":1,"11":1,"12":1,"13":1,"14":1,"15":1,"16":1,"17":1,"18":1,"19":1,"20":1,"21":1,"22":1,"23":1,"24":1,"25":1,"26":1,"27":1,"28":1,"29":1,"30":1,"31":1,"32":1,"33":1,"34":1,"35":1,"36":1,"37":1,"38":1,"39":1,"40":1,"41":1,"42":7,"43":3,"44":3,"46":4,"47":4,"48":4,"50":7,"51":2,"52":2,"54":2,"56":7,"57":1,"58":1,"60":1,"61":1,"62":1,"63":1,"64":1,"65":7,"66":1,"67":1,"68":1,"69":1,"70":6,"71":2,"72":2,"73":6,"74":6,"75":1,"76":4,"77":2,"78":2,"79":4,"80":4,"81":1,"82":1,"85":1},"branchMap":{"0":{"type":"branch","line":28,"loc":{"start":{"line":28,"column":35},"end":{"line":28,"column":63}},"locations":[{"start":{"line":28,"column":35},"end":{"line":28,"column":63}}]},"1":{"type":"branch","line":42,"loc":{"start":{"line":42,"column":6},"end":{"line":66,"column":8}},"locations":[{"start":{"line":42,"column":6},"end":{"line":66,"column":8}}]},"2":{"type":"branch","line":43,"loc":{"start":{"line":43,"column":26},"end":{"line":43,"column":59}},"locations":[{"start":{"line":43,"column":26},"end":{"line":43,"column":59}}]},"3":{"type":"branch","line":43,"loc":{"start":{"line":43,"column":59},"end":{"line":45,"column":9}},"locations":[{"start":{"line":43,"column":59},"end":{"line":45,"column":9}}]},"4":{"type":"branch","line":45,"loc":{"start":{"line":45,"column":8},"end":{"line":51,"column":21}},"locations":[{"start":{"line":45,"column":8},"end":{"line":51,"column":21}}]},"5":{"type":"branch","line":51,"loc":{"start":{"line":51,"column":13},"end":{"line":51,"column":37}},"locations":[{"start":{"line":51,"column":13},"end":{"line":51,"column":37}}]},"6":{"type":"branch","line":51,"loc":{"start":{"line":51,"column":37},"end":{"line":57,"column":30}},"locations":[{"start":{"line":51,"column":37},"end":{"line":57,"column":30}}]},"7":{"type":"branch","line":57,"loc":{"start":{"line":57,"column":30},"end":{"line":65,"column":10}},"locations":[{"start":{"line":57,"column":30},"end":{"line":65,"column":10}}]},"8":{"type":"branch","line":70,"loc":{"start":{"line":70,"column":4},"end":{"line":75,"column":6}},"locations":[{"start":{"line":70,"column":4},"end":{"line":75,"column":6}}]},"9":{"type":"branch","line":71,"loc":{"start":{"line":71,"column":10},"end":{"line":71,"column":33}},"locations":[{"start":{"line":71,"column":10},"end":{"line":71,"column":33}}]},"10":{"type":"branch","line":71,"loc":{"start":{"line":71,"column":33},"end":{"line":73,"column":7}},"locations":[{"start":{"line":71,"column":33},"end":{"line":73,"column":7}}]},"11":{"type":"branch","line":76,"loc":{"start":{"line":76,"column":4},"end":{"line":81,"column":6}},"locations":[{"start":{"line":76,"column":4},"end":{"line":81,"column":6}}]},"12":{"type":"branch","line":77,"loc":{"start":{"line":77,"column":16},"end":{"line":79,"column":7}},"locations":[{"start":{"line":77,"column":16},"end":{"line":79,"column":7}}]}},"b":{"0":[1],"1":[7],"2":[5],"3":[3],"4":[4],"5":[3],"6":[2],"7":[1],"8":[6],"9":[4],"10":[2],"11":[4],"12":[2]},"fnMap":{"0":{"name":"authorize","decl":{"start":{"line":42,"column":6},"end":{"line":66,"column":8}},"loc":{"start":{"line":42,"column":6},"end":{"line":66,"column":8}},"line":42},"1":{"name":"session","decl":{"start":{"line":70,"column":4},"end":{"line":75,"column":6}},"loc":{"start":{"line":70,"column":4},"end":{"line":75,"column":6}},"line":70},"2":{"name":"jwt","decl":{"start":{"line":76,"column":4},"end":{"line":81,"column":6}},"loc":{"start":{"line":76,"column":4},"end":{"line":81,"column":6}},"line":76}},"f":{"0":7,"1":6,"2":4}}
,"C:\\Users\\abdul\\Downloads\\moodmash\\src\\lib\\auth\\auth.config.ts": {"path":"C:\\Users\\abdul\\Downloads\\moodmash\\src\\lib\\auth\\auth.config.ts","all":false,"statementMap":{"1":{"start":{"line":2,"column":0},"end":{"line":2,"column":56}},"2":{"start":{"line":3,"column":0},"end":{"line":3,"column":56}},"3":{"start":{"line":4,"column":0},"end":{"line":4,"column":66}},"4":{"start":{"line":5,"column":0},"end":{"line":5,"column":58}},"5":{"start":{"line":6,"column":0},"end":{"line":6,"column":37}},"6":{"start":{"line":7,"column":0},"end":{"line":7,"column":55}},"31":{"start":{"line":32,"column":0},"end":{"line":32,"column":44}},"32":{"start":{"line":33,"column":0},"end":{"line":33,"column":29}},"33":{"start":{"line":34,"column":0},"end":{"line":34,"column":14}},"34":{"start":{"line":35,"column":0},"end":{"line":35,"column":20}},"35":{"start":{"line":36,"column":0},"end":{"line":36,"column":51}},"36":{"start":{"line":37,"column":0},"end":{"line":37,"column":59}},"37":{"start":{"line":38,"column":0},"end":{"line":38,"column":7}},"38":{"start":{"line":39,"column":0},"end":{"line":39,"column":20}},"39":{"start":{"line":40,"column":0},"end":{"line":40,"column":51}},"40":{"start":{"line":41,"column":0},"end":{"line":41,"column":59}},"41":{"start":{"line":42,"column":0},"end":{"line":42,"column":7}},"42":{"start":{"line":43,"column":0},"end":{"line":43,"column":25}},"43":{"start":{"line":44,"column":0},"end":{"line":44,"column":26}},"44":{"start":{"line":45,"column":0},"end":{"line":45,"column":20}},"45":{"start":{"line":46,"column":0},"end":{"line":46,"column":49}},"46":{"start":{"line":47,"column":0},"end":{"line":47,"column":58}},"47":{"start":{"line":48,"column":0},"end":{"line":48,"column":8}},"48":{"start":{"line":49,"column":0},"end":{"line":49,"column":36}},"49":{"start":{"line":50,"column":0},"end":{"line":50,"column":60}},"50":{"start":{"line":51,"column":0},"end":{"line":51,"column":22}},"51":{"start":{"line":52,"column":0},"end":{"line":52,"column":9}},"53":{"start":{"line":54,"column":0},"end":{"line":54,"column":50}},"54":{"start":{"line":55,"column":0},"end":{"line":55,"column":56}},"56":{"start":{"line":57,"column":0},"end":{"line":57,"column":47}},"57":{"start":{"line":58,"column":0},"end":{"line":58,"column":18}},"58":{"start":{"line":59,"column":0},"end":{"line":59,"column":18}},"59":{"start":{"line":60,"column":0},"end":{"line":60,"column":12}},"60":{"start":{"line":61,"column":0},"end":{"line":61,"column":19}},"61":{"start":{"line":62,"column":0},"end":{"line":62,"column":21}},"62":{"start":{"line":63,"column":0},"end":{"line":63,"column":24}},"63":{"start":{"line":64,"column":0},"end":{"line":64,"column":23}},"64":{"start":{"line":65,"column":0},"end":{"line":65,"column":24}},"65":{"start":{"line":66,"column":0},"end":{"line":66,"column":27}},"66":{"start":{"line":67,"column":0},"end":{"line":67,"column":29}},"67":{"start":{"line":68,"column":0},"end":{"line":68,"column":12}},"68":{"start":{"line":69,"column":0},"end":{"line":69,"column":11}},"70":{"start":{"line":71,"column":0},"end":{"line":71,"column":38}},"71":{"start":{"line":72,"column":0},"end":{"line":72,"column":22}},"72":{"start":{"line":73,"column":0},"end":{"line":73,"column":9}},"74":{"start":{"line":75,"column":0},"end":{"line":75,"column":79}},"76":{"start":{"line":77,"column":0},"end":{"line":77,"column":30}},"77":{"start":{"line":78,"column":0},"end":{"line":78,"column":22}},"78":{"start":{"line":79,"column":0},"end":{"line":79,"column":9}},"80":{"start":{"line":81,"column":0},"end":{"line":81,"column":16}},"81":{"start":{"line":82,"column":0},"end":{"line":82,"column":22}},"82":{"start":{"line":83,"column":0},"end":{"line":83,"column":28}},"83":{"start":{"line":84,"column":0},"end":{"line":84,"column":26}},"84":{"start":{"line":85,"column":0},"end":{"line":85,"column":28}},"85":{"start":{"line":86,"column":0},"end":{"line":86,"column":38}},"86":{"start":{"line":87,"column":0},"end":{"line":87,"column":10}},"87":{"start":{"line":88,"column":0},"end":{"line":88,"column":8}},"88":{"start":{"line":89,"column":0},"end":{"line":89,"column":7}},"89":{"start":{"line":90,"column":0},"end":{"line":90,"column":4}},"90":{"start":{"line":91,"column":0},"end":{"line":91,"column":14}},"91":{"start":{"line":92,"column":0},"end":{"line":92,"column":32}},"92":{"start":{"line":93,"column":0},"end":{"line":93,"column":17}},"93":{"start":{"line":94,"column":0},"end":{"line":94,"column":27}},"95":{"start":{"line":96,"column":0},"end":{"line":96,"column":35}},"96":{"start":{"line":97,"column":0},"end":{"line":97,"column":63}},"97":{"start":{"line":98,"column":0},"end":{"line":98,"column":9}},"98":{"start":{"line":99,"column":0},"end":{"line":99,"column":7}},"101":{"start":{"line":102,"column":0},"end":{"line":102,"column":29}},"103":{"start":{"line":104,"column":0},"end":{"line":104,"column":7}},"105":{"start":{"line":106,"column":0},"end":{"line":106,"column":19}},"106":{"start":{"line":107,"column":0},"end":{"line":107,"column":6}},"107":{"start":{"line":108,"column":0},"end":{"line":108,"column":39}},"108":{"start":{"line":109,"column":0},"end":{"line":109,"column":25}},"109":{"start":{"line":110,"column":0},"end":{"line":110,"column":45}},"110":{"start":{"line":111,"column":0},"end":{"line":111,"column":74}},"111":{"start":{"line":112,"column":0},"end":{"line":112,"column":7}},"112":{"start":{"line":113,"column":0},"end":{"line":113,"column":21}},"113":{"start":{"line":114,"column":0},"end":{"line":114,"column":6}},"114":{"start":{"line":115,"column":0},"end":{"line":115,"column":4}},"115":{"start":{"line":116,"column":0},"end":{"line":116,"column":10}},"116":{"start":{"line":117,"column":0},"end":{"line":117,"column":27}},"117":{"start":{"line":118,"column":0},"end":{"line":118,"column":30}},"118":{"start":{"line":119,"column":0},"end":{"line":119,"column":25}},"119":{"start":{"line":120,"column":0},"end":{"line":120,"column":42}},"120":{"start":{"line":121,"column":0},"end":{"line":121,"column":4}},"121":{"start":{"line":122,"column":0},"end":{"line":122,"column":12}},"122":{"start":{"line":123,"column":0},"end":{"line":123,"column":20}},"123":{"start":{"line":124,"column":0},"end":{"line":124,"column":4}},"124":{"start":{"line":125,"column":0},"end":{"line":125,"column":48}},"125":{"start":{"line":126,"column":0},"end":{"line":126,"column":2}}},"s":{"1":1,"2":1,"3":1,"4":1,"5":1,"6":1,"31":1,"32":1,"33":1,"34":1,"35":1,"36":1,"37":1,"38":1,"39":1,"40":1,"41":1,"42":1,"43":1,"44":1,"45":1,"46":1,"47":1,"48":1,"49":5,"50":1,"51":1,"53":4,"54":4,"56":4,"57":4,"58":4,"59":4,"60":4,"61":4,"62":4,"63":4,"64":4,"65":4,"66":4,"67":4,"68":4,"70":5,"71":2,"72":2,"74":2,"76":5,"77":1,"78":1,"80":1,"81":1,"82":1,"83":1,"84":1,"85":1,"86":1,"87":5,"88":1,"89":1,"90":1,"91":1,"92":2,"93":1,"95":1,"96":1,"97":1,"98":1,"101":2,"103":2,"105":2,"106":2,"107":1,"108":1,"109":1,"110":1,"111":1,"112":1,"113":1,"114":1,"115":1,"116":1,"117":1,"118":1,"119":1,"120":1,"121":1,"122":1,"123":1,"124":1,"125":1},"branchMap":{"0":{"type":"branch","line":49,"loc":{"start":{"line":49,"column":6},"end":{"line":88,"column":8}},"locations":[{"start":{"line":49,"column":6},"end":{"line":88,"column":8}}]},"1":{"type":"branch","line":50,"loc":{"start":{"line":50,"column":26},"end":{"line":50,"column":59}},"locations":[{"start":{"line":50,"column":26},"end":{"line":50,"column":59}}]},"2":{"type":"branch","line":50,"loc":{"start":{"line":50,"column":59},"end":{"line":52,"column":9}},"locations":[{"start":{"line":50,"column":59},"end":{"line":52,"column":9}}]},"3":{"type":"branch","line":52,"loc":{"start":{"line":52,"column":8},"end":{"line":71,"column":21}},"locations":[{"start":{"line":52,"column":8},"end":{"line":71,"column":21}}]},"4":{"type":"branch","line":71,"loc":{"start":{"line":71,"column":13},"end":{"line":71,"column":37}},"locations":[{"start":{"line":71,"column":13},"end":{"line":71,"column":37}}]},"5":{"type":"branch","line":71,"loc":{"start":{"line":71,"column":37},"end":{"line":77,"column":29}},"locations":[{"start":{"line":71,"column":37},"end":{"line":77,"column":29}}]},"6":{"type":"branch","line":77,"loc":{"start":{"line":77,"column":29},"end":{"line":87,"column":10}},"locations":[{"start":{"line":77,"column":29},"end":{"line":87,"column":10}}]},"7":{"type":"branch","line":92,"loc":{"start":{"line":92,"column":4},"end":{"line":107,"column":6}},"locations":[{"start":{"line":92,"column":4},"end":{"line":107,"column":6}}]},"8":{"type":"branch","line":93,"loc":{"start":{"line":93,"column":16},"end":{"line":99,"column":7}},"locations":[{"start":{"line":93,"column":16},"end":{"line":99,"column":7}}]},"9":{"type":"branch","line":108,"loc":{"start":{"line":108,"column":4},"end":{"line":114,"column":6}},"locations":[{"start":{"line":108,"column":4},"end":{"line":114,"column":6}}]}},"b":{"0":[5],"1":[4],"2":[1],"3":[4],"4":[3],"5":[2],"6":[1],"7":[2],"8":[1],"9":[1]},"fnMap":{"0":{"name":"authorize","decl":{"start":{"line":49,"column":6},"end":{"line":88,"column":8}},"loc":{"start":{"line":49,"column":6},"end":{"line":88,"column":8}},"line":49},"1":{"name":"jwt","decl":{"start":{"line":92,"column":4},"end":{"line":107,"column":6}},"loc":{"start":{"line":92,"column":4},"end":{"line":107,"column":6}},"line":92},"2":{"name":"session","decl":{"start":{"line":108,"column":4},"end":{"line":114,"column":6}},"loc":{"start":{"line":108,"column":4},"end":{"line":114,"column":6}},"line":108}},"f":{"0":5,"1":2,"2":1}}
,"C:\\Users\\abdul\\Downloads\\moodmash\\src\\lib\\auth\\auth.ts": {"path":"C:\\Users\\abdul\\Downloads\\moodmash\\src\\lib\\auth\\auth.ts","all":false,"statementMap":{"0":{"start":{"line":1,"column":0},"end":{"line":1,"column":33}},"1":{"start":{"line":2,"column":0},"end":{"line":2,"column":43}},"5":{"start":{"line":6,"column":0},"end":{"line":6,"column":45}},"6":{"start":{"line":7,"column":0},"end":{"line":7,"column":24}},"10":{"start":{"line":11,"column":0},"end":{"line":11,"column":34}},"11":{"start":{"line":12,"column":0},"end":{"line":12,"column":13}},"12":{"start":{"line":13,"column":0},"end":{"line":13,"column":28}},"13":{"start":{"line":14,"column":0},"end":{"line":14,"column":3}},"15":{"start":{"line":16,"column":0},"end":{"line":16,"column":29}},"16":{"start":{"line":17,"column":0},"end":{"line":17,"column":56}},"17":{"start":{"line":18,"column":0},"end":{"line":18,"column":2}},"19":{"start":{"line":20,"column":0},"end":{"line":20,"column":30}},"20":{"start":{"line":21,"column":0},"end":{"line":21,"column":57}},"21":{"start":{"line":22,"column":0},"end":{"line":22,"column":2}}},"s":{"0":1,"1":1,"5":1,"6":1,"10":1,"11":1,"12":1,"13":1,"15":1,"16":1,"17":1,"19":1,"20":1,"21":1},"branchMap":{"0":{"type":"branch","line":11,"loc":{"start":{"line":11,"column":20},"end":{"line":14,"column":3}},"locations":[{"start":{"line":11,"column":20},"end":{"line":14,"column":3}}]},"1":{"type":"branch","line":16,"loc":{"start":{"line":16,"column":22},"end":{"line":18,"column":2}},"locations":[{"start":{"line":16,"column":22},"end":{"line":18,"column":2}}]},"2":{"type":"branch","line":20,"loc":{"start":{"line":20,"column":23},"end":{"line":22,"column":2}},"locations":[{"start":{"line":20,"column":23},"end":{"line":22,"column":2}}]}},"b":{"0":[1],"1":[1],"2":[1]},"fnMap":{"0":{"name":"auth","decl":{"start":{"line":11,"column":20},"end":{"line":14,"column":3}},"loc":{"start":{"line":11,"column":20},"end":{"line":14,"column":3}},"line":11},"1":{"name":"signIn","decl":{"start":{"line":16,"column":22},"end":{"line":18,"column":2}},"loc":{"start":{"line":16,"column":22},"end":{"line":18,"column":2}},"line":16},"2":{"name":"signOut","decl":{"start":{"line":20,"column":23},"end":{"line":22,"column":2}},"loc":{"start":{"line":20,"column":23},"end":{"line":22,"column":2}},"line":20}},"f":{"0":1,"1":1,"2":1}}
,"C:\\Users\\abdul\\Downloads\\moodmash\\src\\lib\\auth\\mfa.ts": {"path":"C:\\Users\\abdul\\Downloads\\moodmash\\src\\lib\\auth\\mfa.ts","all":false,"statementMap":{"0":{"start":{"line":1,"column":0},"end":{"line":1,"column":37}},"1":{"start":{"line":2,"column":0},"end":{"line":2,"column":32}},"2":{"start":{"line":3,"column":0},"end":{"line":3,"column":39}},"3":{"start":{"line":4,"column":0},"end":{"line":4,"column":28}},"6":{"start":{"line":7,"column":0},"end":{"line":7,"column":40}},"7":{"start":{"line":8,"column":0},"end":{"line":8,"column":17}},"8":{"start":{"line":9,"column":0},"end":{"line":9,"column":15}},"13":{"start":{"line":14,"column":0},"end":{"line":14,"column":4}},"15":{"start":{"line":16,"column":0},"end":{"line":16,"column":48}},"18":{"start":{"line":19,"column":0},"end":{"line":19,"column":65}},"19":{"start":{"line":20,"column":0},"end":{"line":20,"column":69}},"22":{"start":{"line":23,"column":0},"end":{"line":23,"column":44}},"25":{"start":{"line":26,"column":0},"end":{"line":26,"column":24}},"26":{"start":{"line":27,"column":0},"end":{"line":27,"column":26}},"27":{"start":{"line":28,"column":0},"end":{"line":28,"column":11}},"28":{"start":{"line":29,"column":0},"end":{"line":29,"column":24}},"29":{"start":{"line":30,"column":0},"end":{"line":30,"column":34}},"30":{"start":{"line":31,"column":0},"end":{"line":31,"column":6}},"31":{"start":{"line":32,"column":0},"end":{"line":32,"column":5}},"33":{"start":{"line":34,"column":0},"end":{"line":34,"column":10}},"34":{"start":{"line":35,"column":0},"end":{"line":35,"column":11}},"35":{"start":{"line":36,"column":0},"end":{"line":36,"column":14}},"36":{"start":{"line":37,"column":0},"end":{"line":37,"column":16}},"37":{"start":{"line":38,"column":0},"end":{"line":38,"column":4}},"38":{"start":{"line":39,"column":0},"end":{"line":39,"column":1}},"43":{"start":{"line":44,"column":0},"end":{"line":44,"column":64}},"44":{"start":{"line":45,"column":0},"end":{"line":45,"column":29}},"46":{"start":{"line":47,"column":0},"end":{"line":47,"column":35}},"47":{"start":{"line":48,"column":0},"end":{"line":48,"column":31}},"48":{"start":{"line":49,"column":0},"end":{"line":49,"column":3}},"50":{"start":{"line":51,"column":0},"end":{"line":51,"column":15}},"51":{"start":{"line":52,"column":0},"end":{"line":52,"column":1}},"54":{"start":{"line":55,"column":0},"end":{"line":55,"column":68}},"55":{"start":{"line":56,"column":0},"end":{"line":56,"column":7}},"56":{"start":{"line":57,"column":0},"end":{"line":57,"column":51}},"57":{"start":{"line":58,"column":0},"end":{"line":58,"column":19}},"58":{"start":{"line":59,"column":0},"end":{"line":59,"column":53}},"59":{"start":{"line":60,"column":0},"end":{"line":60,"column":17}},"60":{"start":{"line":61,"column":0},"end":{"line":61,"column":3}},"61":{"start":{"line":62,"column":0},"end":{"line":62,"column":1}},"64":{"start":{"line":65,"column":0},"end":{"line":65,"column":88}},"65":{"start":{"line":66,"column":0},"end":{"line":66,"column":41}},"66":{"start":{"line":67,"column":0},"end":{"line":67,"column":26}},"67":{"start":{"line":68,"column":0},"end":{"line":68,"column":37}},"68":{"start":{"line":69,"column":0},"end":{"line":69,"column":5}},"70":{"start":{"line":71,"column":0},"end":{"line":71,"column":74}},"71":{"start":{"line":72,"column":0},"end":{"line":72,"column":17}},"72":{"start":{"line":73,"column":0},"end":{"line":73,"column":3}},"74":{"start":{"line":75,"column":0},"end":{"line":75,"column":42}},"75":{"start":{"line":76,"column":0},"end":{"line":76,"column":46}},"77":{"start":{"line":78,"column":0},"end":{"line":78,"column":25}},"78":{"start":{"line":79,"column":0},"end":{"line":79,"column":17}},"79":{"start":{"line":80,"column":0},"end":{"line":80,"column":3}},"82":{"start":{"line":83,"column":0},"end":{"line":83,"column":46}},"83":{"start":{"line":84,"column":0},"end":{"line":84,"column":42}},"86":{"start":{"line":87,"column":0},"end":{"line":87,"column":24}},"87":{"start":{"line":88,"column":0},"end":{"line":88,"column":26}},"88":{"start":{"line":89,"column":0},"end":{"line":89,"column":11}},"89":{"start":{"line":90,"column":0},"end":{"line":90,"column":41}},"90":{"start":{"line":91,"column":0},"end":{"line":91,"column":6}},"91":{"start":{"line":92,"column":0},"end":{"line":92,"column":5}},"93":{"start":{"line":94,"column":0},"end":{"line":94,"column":14}},"94":{"start":{"line":95,"column":0},"end":{"line":95,"column":1}},"97":{"start":{"line":98,"column":0},"end":{"line":98,"column":90}},"98":{"start":{"line":99,"column":0},"end":{"line":99,"column":7}},"99":{"start":{"line":100,"column":0},"end":{"line":100,"column":67}},"100":{"start":{"line":101,"column":0},"end":{"line":101,"column":69}},"101":{"start":{"line":102,"column":0},"end":{"line":102,"column":43}},"102":{"start":{"line":103,"column":0},"end":{"line":103,"column":19}},"103":{"start":{"line":104,"column":0},"end":{"line":104,"column":54}},"104":{"start":{"line":105,"column":0},"end":{"line":105,"column":50}},"105":{"start":{"line":106,"column":0},"end":{"line":106,"column":3}},"106":{"start":{"line":107,"column":0},"end":{"line":107,"column":1}}},"s":{"0":1,"1":1,"2":1,"3":1,"6":6,"7":6,"8":6,"13":6,"15":6,"18":6,"19":6,"22":6,"25":6,"26":6,"27":6,"28":6,"29":6,"30":6,"31":6,"33":4,"34":4,"35":4,"36":4,"37":4,"38":4,"43":6,"44":6,"46":6,"47":60,"48":60,"50":6,"51":6,"54":1,"55":6,"56":6,"57":6,"58":2,"59":2,"60":2,"61":6,"64":11,"65":11,"66":11,"67":11,"68":11,"70":11,"71":5,"72":5,"74":6,"75":6,"77":11,"78":2,"79":2,"82":4,"83":4,"86":4,"87":4,"88":4,"89":4,"90":4,"91":4,"93":3,"94":3,"97":1,"98":1,"99":1,"100":1,"101":1,"102":1,"103":1,"104":1,"105":1,"106":1},"branchMap":{"0":{"type":"branch","line":7,"loc":{"start":{"line":7,"column":0},"end":{"line":39,"column":1}},"locations":[{"start":{"line":7,"column":0},"end":{"line":39,"column":1}}]},"1":{"type":"branch","line":19,"loc":{"start":{"line":19,"column":34},"end":{"line":19,"column":65}},"locations":[{"start":{"line":19,"column":34},"end":{"line":19,"column":65}}]},"2":{"type":"branch","line":32,"loc":{"start":{"line":32,"column":3},"end":{"line":39,"column":1}},"locations":[{"start":{"line":32,"column":3},"end":{"line":39,"column":1}}]},"3":{"type":"branch","line":44,"loc":{"start":{"line":44,"column":0},"end":{"line":52,"column":1}},"locations":[{"start":{"line":44,"column":0},"end":{"line":52,"column":1}}]},"4":{"type":"branch","line":47,"loc":{"start":{"line":47,"column":34},"end":{"line":49,"column":3}},"locations":[{"start":{"line":47,"column":34},"end":{"line":49,"column":3}}]},"5":{"type":"branch","line":55,"loc":{"start":{"line":55,"column":7},"end":{"line":62,"column":1}},"locations":[{"start":{"line":55,"column":7},"end":{"line":62,"column":1}}]},"6":{"type":"branch","line":58,"loc":{"start":{"line":58,"column":2},"end":{"line":61,"column":3}},"locations":[{"start":{"line":58,"column":2},"end":{"line":61,"column":3}}]},"7":{"type":"branch","line":65,"loc":{"start":{"line":65,"column":0},"end":{"line":95,"column":1}},"locations":[{"start":{"line":65,"column":0},"end":{"line":95,"column":1}}]},"8":{"type":"branch","line":71,"loc":{"start":{"line":71,"column":7},"end":{"line":71,"column":39}},"locations":[{"start":{"line":71,"column":7},"end":{"line":71,"column":39}}]},"9":{"type":"branch","line":71,"loc":{"start":{"line":71,"column":21},"end":{"line":71,"column":73}},"locations":[{"start":{"line":71,"column":21},"end":{"line":71,"column":73}}]},"10":{"type":"branch","line":71,"loc":{"start":{"line":71,"column":73},"end":{"line":78,"column":24}},"locations":[{"start":{"line":71,"column":73},"end":{"line":78,"column":24}}]},"11":{"type":"branch","line":71,"loc":{"start":{"line":71,"column":73},"end":{"line":73,"column":3}},"locations":[{"start":{"line":71,"column":73},"end":{"line":73,"column":3}}]},"12":{"type":"branch","line":73,"loc":{"start":{"line":73,"column":2},"end":{"line":78,"column":24}},"locations":[{"start":{"line":73,"column":2},"end":{"line":78,"column":24}}]},"13":{"type":"branch","line":78,"loc":{"start":{"line":78,"column":24},"end":{"line":95,"column":1}},"locations":[{"start":{"line":78,"column":24},"end":{"line":95,"column":1}}]},"14":{"type":"branch","line":78,"loc":{"start":{"line":78,"column":24},"end":{"line":80,"column":3}},"locations":[{"start":{"line":78,"column":24},"end":{"line":80,"column":3}}]},"15":{"type":"branch","line":80,"loc":{"start":{"line":80,"column":2},"end":{"line":92,"column":5}},"locations":[{"start":{"line":80,"column":2},"end":{"line":92,"column":5}}]},"16":{"type":"branch","line":92,"loc":{"start":{"line":92,"column":3},"end":{"line":95,"column":1}},"locations":[{"start":{"line":92,"column":3},"end":{"line":95,"column":1}}]},"17":{"type":"branch","line":98,"loc":{"start":{"line":98,"column":0},"end":{"line":107,"column":1}},"locations":[{"start":{"line":98,"column":0},"end":{"line":107,"column":1}}]},"18":{"type":"branch","line":100,"loc":{"start":{"line":100,"column":36},"end":{"line":100,"column":67}},"locations":[{"start":{"line":100,"column":36},"end":{"line":100,"column":67}}]}},"b":{"0":[6],"1":[0],"2":[4],"3":[6],"4":[60],"5":[6],"6":[2],"7":[11],"8":[9],"9":[8],"10":[9],"11":[5],"12":[6],"13":[8],"14":[2],"15":[4],"16":[3],"17":[1],"18":[0]},"fnMap":{"0":{"name":"generateMfaSecret","decl":{"start":{"line":7,"column":0},"end":{"line":39,"column":1}},"loc":{"start":{"line":7,"column":0},"end":{"line":39,"column":1}},"line":7},"1":{"name":"generateBackupCodes","decl":{"start":{"line":44,"column":0},"end":{"line":52,"column":1}},"loc":{"start":{"line":44,"column":0},"end":{"line":52,"column":1}},"line":44},"2":{"name":"verifyTOTP","decl":{"start":{"line":55,"column":7},"end":{"line":62,"column":1}},"loc":{"start":{"line":55,"column":7},"end":{"line":62,"column":1}},"line":55},"3":{"name":"verifyBackupCode","decl":{"start":{"line":65,"column":0},"end":{"line":95,"column":1}},"loc":{"start":{"line":65,"column":0},"end":{"line":95,"column":1}},"line":65},"4":{"name":"generateTOTPQRCode","decl":{"start":{"line":98,"column":0},"end":{"line":107,"column":1}},"loc":{"start":{"line":98,"column":0},"end":{"line":107,"column":1}},"line":98}},"f":{"0":6,"1":6,"2":6,"3":11,"4":1}}
,"C:\\Users\\abdul\\Downloads\\moodmash\\src\\lib\\auth\\password.ts": {"path":"C:\\Users\\abdul\\Downloads\\moodmash\\src\\lib\\auth\\password.ts","all":false,"statementMap":{"0":{"start":{"line":1,"column":0},"end":{"line":1,"column":41}},"2":{"start":{"line":3,"column":0},"end":{"line":3,"column":71}},"3":{"start":{"line":4,"column":0},"end":{"line":4,"column":7}},"4":{"start":{"line":5,"column":0},"end":{"line":5,"column":36}},"5":{"start":{"line":6,"column":0},"end":{"line":6,"column":11}},"6":{"start":{"line":7,"column":0},"end":{"line":7,"column":46}},"7":{"start":{"line":8,"column":0},"end":{"line":8,"column":3}},"8":{"start":{"line":9,"column":0},"end":{"line":9,"column":1}},"10":{"start":{"line":11,"column":0},"end":{"line":11,"column":39}},"11":{"start":{"line":12,"column":0},"end":{"line":12,"column":24}},"12":{"start":{"line":13,"column":0},"end":{"line":13,"column":24}},"13":{"start":{"line":14,"column":0},"end":{"line":14,"column":21}},"14":{"start":{"line":15,"column":0},"end":{"line":15,"column":7}},"15":{"start":{"line":16,"column":0},"end":{"line":16,"column":56}},"16":{"start":{"line":17,"column":0},"end":{"line":17,"column":11}},"17":{"start":{"line":18,"column":0},"end":{"line":18,"column":49}},"18":{"start":{"line":19,"column":0},"end":{"line":19,"column":3}},"19":{"start":{"line":20,"column":0},"end":{"line":20,"column":1}}},"s":{"0":1,"2":3,"3":3,"4":3,"5":3,"6":1,"7":1,"8":3,"10":5,"11":5,"12":5,"13":5,"14":5,"15":5,"16":5,"17":1,"18":1,"19":5},"branchMap":{"0":{"type":"branch","line":3,"loc":{"start":{"line":3,"column":0},"end":{"line":9,"column":1}},"locations":[{"start":{"line":3,"column":0},"end":{"line":9,"column":1}}]},"1":{"type":"branch","line":6,"loc":{"start":{"line":6,"column":2},"end":{"line":8,"column":3}},"locations":[{"start":{"line":6,"column":2},"end":{"line":8,"column":3}}]},"2":{"type":"branch","line":11,"loc":{"start":{"line":11,"column":0},"end":{"line":20,"column":1}},"locations":[{"start":{"line":11,"column":0},"end":{"line":20,"column":1}}]},"3":{"type":"branch","line":17,"loc":{"start":{"line":17,"column":2},"end":{"line":19,"column":3}},"locations":[{"start":{"line":17,"column":2},"end":{"line":19,"column":3}}]}},"b":{"0":[3],"1":[1],"2":[5],"3":[1]},"fnMap":{"0":{"name":"hashPassword","decl":{"start":{"line":3,"column":0},"end":{"line":9,"column":1}},"loc":{"start":{"line":3,"column":0},"end":{"line":9,"column":1}},"line":3},"1":{"name":"comparePasswords","decl":{"start":{"line":11,"column":0},"end":{"line":20,"column":1}},"loc":{"start":{"line":11,"column":0},"end":{"line":20,"column":1}},"line":11}},"f":{"0":3,"1":5}}
,"C:\\Users\\abdul\\Downloads\\moodmash\\src\\lib\\auth\\rate-limit-client.ts": {"path":"C:\\Users\\abdul\\Downloads\\moodmash\\src\\lib\\auth\\rate-limit-client.ts","all":false,"statementMap":{"8":{"start":{"line":9,"column":0},"end":{"line":9,"column":51}},"9":{"start":{"line":10,"column":0},"end":{"line":10,"column":30}},"10":{"start":{"line":11,"column":0},"end":{"line":11,"column":33}},"29":{"start":{"line":30,"column":0},"end":{"line":30,"column":52}},"30":{"start":{"line":31,"column":0},"end":{"line":31,"column":12}},"31":{"start":{"line":32,"column":0},"end":{"line":32,"column":31}},"32":{"start":{"line":33,"column":0},"end":{"line":33,"column":75}},"33":{"start":{"line":34,"column":0},"end":{"line":34,"column":71}},"34":{"start":{"line":35,"column":0},"end":{"line":35,"column":19}},"35":{"start":{"line":36,"column":0},"end":{"line":36,"column":44}},"37":{"start":{"line":38,"column":0},"end":{"line":38,"column":88}},"38":{"start":{"line":39,"column":0},"end":{"line":39,"column":27}},"39":{"start":{"line":40,"column":0},"end":{"line":40,"column":45}},"41":{"start":{"line":42,"column":0},"end":{"line":42,"column":39}},"42":{"start":{"line":43,"column":0},"end":{"line":43,"column":23}},"43":{"start":{"line":44,"column":0},"end":{"line":44,"column":21}},"44":{"start":{"line":45,"column":0},"end":{"line":45,"column":7}},"46":{"start":{"line":47,"column":0},"end":{"line":47,"column":20}},"47":{"start":{"line":48,"column":0},"end":{"line":48,"column":30}},"48":{"start":{"line":49,"column":0},"end":{"line":49,"column":7}},"50":{"start":{"line":51,"column":0},"end":{"line":51,"column":39}},"51":{"start":{"line":52,"column":0},"end":{"line":52,"column":36}},"52":{"start":{"line":53,"column":0},"end":{"line":53,"column":32}},"55":{"start":{"line":56,"column":0},"end":{"line":56,"column":52}},"56":{"start":{"line":57,"column":0},"end":{"line":57,"column":41}},"57":{"start":{"line":58,"column":0},"end":{"line":58,"column":9}},"58":{"start":{"line":59,"column":0},"end":{"line":59,"column":5}},"60":{"start":{"line":61,"column":0},"end":{"line":61,"column":19}},"61":{"start":{"line":62,"column":0},"end":{"line":62,"column":44}},"62":{"start":{"line":63,"column":0},"end":{"line":63,"column":4}},"63":{"start":{"line":64,"column":0},"end":{"line":64,"column":1}},"86":{"start":{"line":87,"column":0},"end":{"line":87,"column":37}},"87":{"start":{"line":88,"column":0},"end":{"line":88,"column":23}},"88":{"start":{"line":89,"column":0},"end":{"line":89,"column":30}},"89":{"start":{"line":90,"column":0},"end":{"line":90,"column":15}},"90":{"start":{"line":91,"column":0},"end":{"line":91,"column":9}},"91":{"start":{"line":92,"column":0},"end":{"line":92,"column":37}},"92":{"start":{"line":93,"column":0},"end":{"line":93,"column":42}},"93":{"start":{"line":94,"column":0},"end":{"line":94,"column":43}},"94":{"start":{"line":95,"column":0},"end":{"line":95,"column":11}},"95":{"start":{"line":96,"column":0},"end":{"line":96,"column":14}},"97":{"start":{"line":98,"column":0},"end":{"line":98,"column":18}},"99":{"start":{"line":100,"column":0},"end":{"line":100,"column":16}},"100":{"start":{"line":101,"column":0},"end":{"line":101,"column":9}},"101":{"start":{"line":102,"column":0},"end":{"line":102,"column":24}},"102":{"start":{"line":103,"column":0},"end":{"line":103,"column":30}},"103":{"start":{"line":104,"column":0},"end":{"line":104,"column":16}},"106":{"start":{"line":107,"column":0},"end":{"line":107,"column":41}},"109":{"start":{"line":110,"column":0},"end":{"line":110,"column":86}},"112":{"start":{"line":113,"column":0},"end":{"line":113,"column":55}},"113":{"start":{"line":114,"column":0},"end":{"line":114,"column":20}},"114":{"start":{"line":115,"column":0},"end":{"line":115,"column":7}},"117":{"start":{"line":118,"column":0},"end":{"line":118,"column":69}},"119":{"start":{"line":120,"column":0},"end":{"line":120,"column":20}},"120":{"start":{"line":121,"column":0},"end":{"line":121,"column":32}},"121":{"start":{"line":122,"column":0},"end":{"line":122,"column":7}},"124":{"start":{"line":125,"column":0},"end":{"line":125,"column":63}},"125":{"start":{"line":126,"column":0},"end":{"line":126,"column":5}},"126":{"start":{"line":127,"column":0},"end":{"line":127,"column":3}},"127":{"start":{"line":128,"column":0},"end":{"line":128,"column":1}}},"s":{"8":1,"9":1,"10":1,"29":1,"30":3,"31":3,"32":3,"33":3,"34":3,"35":3,"37":3,"38":6,"39":6,"41":6,"42":3,"43":1,"44":1,"46":3,"47":1,"48":1,"50":3,"51":3,"52":2,"55":2,"56":3,"57":3,"58":3,"60":3,"61":3,"62":6,"63":3,"86":6,"87":6,"88":6,"89":6,"90":6,"91":6,"92":6,"93":6,"94":6,"95":6,"97":6,"99":6,"100":10,"101":10,"102":10,"103":6,"106":6,"109":6,"112":6,"113":2,"114":2,"117":4,"119":6,"120":0,"121":0,"124":4,"125":4,"126":10,"127":6},"branchMap":{"0":{"type":"branch","line":30,"loc":{"start":{"line":30,"column":7},"end":{"line":64,"column":1}},"locations":[{"start":{"line":30,"column":7},"end":{"line":64,"column":1}}]},"1":{"type":"branch","line":38,"loc":{"start":{"line":38,"column":9},"end":{"line":63,"column":4}},"locations":[{"start":{"line":38,"column":9},"end":{"line":63,"column":4}}]},"2":{"type":"branch","line":42,"loc":{"start":{"line":42,"column":38},"end":{"line":62,"column":44}},"locations":[{"start":{"line":42,"column":38},"end":{"line":62,"column":44}}]},"3":{"type":"branch","line":43,"loc":{"start":{"line":43,"column":22},"end":{"line":45,"column":7}},"locations":[{"start":{"line":43,"column":22},"end":{"line":45,"column":7}}]},"4":{"type":"branch","line":47,"loc":{"start":{"line":47,"column":19},"end":{"line":49,"column":7}},"locations":[{"start":{"line":47,"column":19},"end":{"line":49,"column":7}}]},"5":{"type":"branch","line":51,"loc":{"start":{"line":51,"column":25},"end":{"line":58,"column":7}},"locations":[{"start":{"line":51,"column":25},"end":{"line":58,"column":7}}]},"6":{"type":"branch","line":52,"loc":{"start":{"line":52,"column":29},"end":{"line":57,"column":11}},"locations":[{"start":{"line":52,"column":29},"end":{"line":57,"column":11}}]},"7":{"type":"branch","line":87,"loc":{"start":{"line":87,"column":0},"end":{"line":128,"column":1}},"locations":[{"start":{"line":87,"column":0},"end":{"line":128,"column":1}}]},"8":{"type":"branch","line":100,"loc":{"start":{"line":100,"column":15},"end":{"line":127,"column":3}},"locations":[{"start":{"line":100,"column":15},"end":{"line":127,"column":3}}]},"9":{"type":"branch","line":103,"loc":{"start":{"line":103,"column":4},"end":{"line":126,"column":5}},"locations":[{"start":{"line":103,"column":4},"end":{"line":126,"column":5}}]},"10":{"type":"branch","line":110,"loc":{"start":{"line":110,"column":51},"end":{"line":110,"column":86}},"locations":[{"start":{"line":110,"column":51},"end":{"line":110,"column":86}}]},"11":{"type":"branch","line":113,"loc":{"start":{"line":113,"column":21},"end":{"line":113,"column":54}},"locations":[{"start":{"line":113,"column":21},"end":{"line":113,"column":54}}]},"12":{"type":"branch","line":113,"loc":{"start":{"line":113,"column":54},"end":{"line":115,"column":7}},"locations":[{"start":{"line":113,"column":54},"end":{"line":115,"column":7}}]},"13":{"type":"branch","line":115,"loc":{"start":{"line":115,"column":6},"end":{"line":120,"column":19}},"locations":[{"start":{"line":115,"column":6},"end":{"line":120,"column":19}}]},"14":{"type":"branch","line":120,"loc":{"start":{"line":120,"column":19},"end":{"line":122,"column":7}},"locations":[{"start":{"line":120,"column":19},"end":{"line":122,"column":7}}]},"15":{"type":"branch","line":122,"loc":{"start":{"line":122,"column":6},"end":{"line":126,"column":5}},"locations":[{"start":{"line":122,"column":6},"end":{"line":126,"column":5}}]},"16":{"type":"branch","line":125,"loc":{"start":{"line":125,"column":24},"end":{"line":125,"column":61}},"locations":[{"start":{"line":125,"column":24},"end":{"line":125,"column":61}}]}},"b":{"0":[3],"1":[6],"2":[3],"3":[1],"4":[1],"5":[3],"6":[2],"7":[6],"8":[10],"9":[6],"10":[2],"11":[5],"12":[2],"13":[4],"14":[0],"15":[4],"16":[4]},"fnMap":{"0":{"name":"throttle","decl":{"start":{"line":30,"column":7},"end":{"line":64,"column":1}},"loc":{"start":{"line":30,"column":7},"end":{"line":64,"column":1}},"line":30},"1":{"name":"lastCall","decl":{"start":{"line":51,"column":25},"end":{"line":58,"column":7}},"loc":{"start":{"line":51,"column":25},"end":{"line":58,"column":7}},"line":51},"2":{"name":"withBackoff","decl":{"start":{"line":87,"column":0},"end":{"line":128,"column":1}},"loc":{"start":{"line":87,"column":0},"end":{"line":128,"column":1}},"line":87}},"f":{"0":3,"1":3,"2":6}}
,"C:\\Users\\abdul\\Downloads\\moodmash\\src\\lib\\auth\\rate-limit-config.ts": {"path":"C:\\Users\\abdul\\Downloads\\moodmash\\src\\lib\\auth\\rate-limit-config.ts","all":false,"statementMap":{"25":{"start":{"line":26,"column":0},"end":{"line":26,"column":67}},"26":{"start":{"line":27,"column":0},"end":{"line":27,"column":12}},"27":{"start":{"line":28,"column":0},"end":{"line":28,"column":12}},"28":{"start":{"line":29,"column":0},"end":{"line":29,"column":15}},"29":{"start":{"line":30,"column":0},"end":{"line":30,"column":58}},"30":{"start":{"line":31,"column":0},"end":{"line":31,"column":4}},"31":{"start":{"line":32,"column":0},"end":{"line":32,"column":9}},"32":{"start":{"line":33,"column":0},"end":{"line":33,"column":12}},"33":{"start":{"line":34,"column":0},"end":{"line":34,"column":15}},"34":{"start":{"line":35,"column":0},"end":{"line":35,"column":73}},"35":{"start":{"line":36,"column":0},"end":{"line":36,"column":4}},"36":{"start":{"line":37,"column":0},"end":{"line":37,"column":8}},"37":{"start":{"line":38,"column":0},"end":{"line":38,"column":11}},"38":{"start":{"line":39,"column":0},"end":{"line":39,"column":15}},"39":{"start":{"line":40,"column":0},"end":{"line":40,"column":62}},"40":{"start":{"line":41,"column":0},"end":{"line":41,"column":4}},"41":{"start":{"line":42,"column":0},"end":{"line":42,"column":8}},"42":{"start":{"line":43,"column":0},"end":{"line":43,"column":12}},"43":{"start":{"line":44,"column":0},"end":{"line":44,"column":15}},"44":{"start":{"line":45,"column":0},"end":{"line":45,"column":60}},"45":{"start":{"line":46,"column":0},"end":{"line":46,"column":4}},"46":{"start":{"line":47,"column":0},"end":{"line":47,"column":10}},"47":{"start":{"line":48,"column":0},"end":{"line":48,"column":11}},"48":{"start":{"line":49,"column":0},"end":{"line":49,"column":34}},"49":{"start":{"line":50,"column":0},"end":{"line":50,"column":64}},"50":{"start":{"line":51,"column":0},"end":{"line":51,"column":4}},"51":{"start":{"line":52,"column":0},"end":{"line":52,"column":18}},"52":{"start":{"line":53,"column":0},"end":{"line":53,"column":11}},"53":{"start":{"line":54,"column":0},"end":{"line":54,"column":34}},"54":{"start":{"line":55,"column":0},"end":{"line":55,"column":73}},"55":{"start":{"line":56,"column":0},"end":{"line":56,"column":4}},"56":{"start":{"line":57,"column":0},"end":{"line":57,"column":22}},"57":{"start":{"line":58,"column":0},"end":{"line":58,"column":11}},"58":{"start":{"line":59,"column":0},"end":{"line":59,"column":34}},"59":{"start":{"line":60,"column":0},"end":{"line":60,"column":77}},"60":{"start":{"line":61,"column":0},"end":{"line":61,"column":4}},"61":{"start":{"line":62,"column":0},"end":{"line":62,"column":2}},"64":{"start":{"line":65,"column":0},"end":{"line":65,"column":87}},"65":{"start":{"line":66,"column":0},"end":{"line":66,"column":43}},"66":{"start":{"line":67,"column":0},"end":{"line":67,"column":1}},"68":{"start":{"line":69,"column":0},"end":{"line":69,"column":81}},"69":{"start":{"line":70,"column":0},"end":{"line":70,"column":38}},"70":{"start":{"line":71,"column":0},"end":{"line":71,"column":1}}},"s":{"25":1,"26":1,"27":1,"28":1,"29":1,"30":1,"31":1,"32":1,"33":1,"34":1,"35":1,"36":1,"37":1,"38":1,"39":1,"40":1,"41":1,"42":1,"43":1,"44":1,"45":1,"46":1,"47":1,"48":1,"49":1,"50":1,"51":1,"52":1,"53":1,"54":1,"55":1,"56":1,"57":1,"58":1,"59":1,"60":1,"61":1,"64":1,"65":15,"66":15,"68":1,"69":14,"70":14},"branchMap":{"0":{"type":"branch","line":65,"loc":{"start":{"line":65,"column":7},"end":{"line":67,"column":1}},"locations":[{"start":{"line":65,"column":7},"end":{"line":67,"column":1}}]},"1":{"type":"branch","line":69,"loc":{"start":{"line":69,"column":7},"end":{"line":71,"column":1}},"locations":[{"start":{"line":69,"column":7},"end":{"line":71,"column":1}}]}},"b":{"0":[15],"1":[14]},"fnMap":{"0":{"name":"generateRateLimitKey","decl":{"start":{"line":65,"column":7},"end":{"line":67,"column":1}},"loc":{"start":{"line":65,"column":7},"end":{"line":67,"column":1}},"line":65},"1":{"name":"generateIPRateLimitKey","decl":{"start":{"line":69,"column":7},"end":{"line":71,"column":1}},"loc":{"start":{"line":69,"column":7},"end":{"line":71,"column":1}},"line":69}},"f":{"0":15,"1":14}}
,"C:\\Users\\abdul\\Downloads\\moodmash\\src\\lib\\auth\\rate-limit-middleware.ts": {"path":"C:\\Users\\abdul\\Downloads\\moodmash\\src\\lib\\auth\\rate-limit-middleware.ts","all":false,"statementMap":{"8":{"start":{"line":9,"column":0},"end":{"line":9,"column":8}},"14":{"start":{"line":15,"column":0},"end":{"line":15,"column":56}},"20":{"start":{"line":21,"column":0},"end":{"line":21,"column":32}},"21":{"start":{"line":22,"column":0},"end":{"line":22,"column":22}},"22":{"start":{"line":23,"column":0},"end":{"line":23,"column":23}},"23":{"start":{"line":24,"column":0},"end":{"line":24,"column":34}},"24":{"start":{"line":25,"column":0},"end":{"line":25,"column":21}},"25":{"start":{"line":26,"column":0},"end":{"line":26,"column":21}},"26":{"start":{"line":27,"column":0},"end":{"line":27,"column":7}},"27":{"start":{"line":28,"column":0},"end":{"line":28,"column":87}},"30":{"start":{"line":31,"column":0},"end":{"line":31,"column":27}},"31":{"start":{"line":32,"column":0},"end":{"line":32,"column":47}},"32":{"start":{"line":33,"column":0},"end":{"line":33,"column":51}},"34":{"start":{"line":35,"column":0},"end":{"line":35,"column":36}},"37":{"start":{"line":38,"column":0},"end":{"line":38,"column":52}},"39":{"start":{"line":40,"column":0},"end":{"line":40,"column":32}},"41":{"start":{"line":42,"column":0},"end":{"line":42,"column":50}},"42":{"start":{"line":43,"column":0},"end":{"line":43,"column":56}},"43":{"start":{"line":44,"column":0},"end":{"line":44,"column":19}},"44":{"start":{"line":45,"column":0},"end":{"line":45,"column":5}},"47":{"start":{"line":48,"column":0},"end":{"line":48,"column":59}},"50":{"start":{"line":51,"column":0},"end":{"line":51,"column":24}},"51":{"start":{"line":52,"column":0},"end":{"line":52,"column":56}},"52":{"start":{"line":53,"column":0},"end":{"line":53,"column":5}},"55":{"start":{"line":56,"column":0},"end":{"line":56,"column":51}},"56":{"start":{"line":57,"column":0},"end":{"line":57,"column":79}},"58":{"start":{"line":59,"column":0},"end":{"line":59,"column":16}},"59":{"start":{"line":60,"column":0},"end":{"line":60,"column":19}},"60":{"start":{"line":61,"column":0},"end":{"line":61,"column":46}},"62":{"start":{"line":63,"column":0},"end":{"line":63,"column":16}},"63":{"start":{"line":64,"column":0},"end":{"line":64,"column":3}},"64":{"start":{"line":65,"column":0},"end":{"line":65,"column":1}}},"s":{"8":1,"14":1,"20":28,"21":28,"22":28,"23":28,"24":28,"25":28,"26":28,"27":28,"30":28,"31":2,"32":26,"34":28,"37":28,"39":28,"41":4,"42":4,"43":4,"44":4,"47":22,"50":28,"51":8,"52":7,"55":20,"56":20,"58":20,"59":28,"60":4,"62":4,"63":4,"64":28},"branchMap":{"0":{"type":"branch","line":21,"loc":{"start":{"line":21,"column":0},"end":{"line":65,"column":1}},"locations":[{"start":{"line":21,"column":0},"end":{"line":65,"column":1}}]},"1":{"type":"branch","line":28,"loc":{"start":{"line":28,"column":44},"end":{"line":28,"column":77}},"locations":[{"start":{"line":28,"column":44},"end":{"line":28,"column":77}}]},"2":{"type":"branch","line":28,"loc":{"start":{"line":28,"column":60},"end":{"line":28,"column":87}},"locations":[{"start":{"line":28,"column":60},"end":{"line":28,"column":87}}]},"3":{"type":"branch","line":31,"loc":{"start":{"line":31,"column":16},"end":{"line":32,"column":47}},"locations":[{"start":{"line":31,"column":16},"end":{"line":32,"column":47}}]},"4":{"type":"branch","line":32,"loc":{"start":{"line":32,"column":45},"end":{"line":33,"column":51}},"locations":[{"start":{"line":32,"column":45},"end":{"line":33,"column":51}}]},"5":{"type":"branch","line":38,"loc":{"start":{"line":38,"column":50},"end":{"line":40,"column":31}},"locations":[{"start":{"line":38,"column":50},"end":{"line":40,"column":31}}]},"6":{"type":"branch","line":40,"loc":{"start":{"line":40,"column":31},"end":{"line":45,"column":5}},"locations":[{"start":{"line":40,"column":31},"end":{"line":45,"column":5}}]},"7":{"type":"branch","line":45,"loc":{"start":{"line":45,"column":4},"end":{"line":51,"column":23}},"locations":[{"start":{"line":45,"column":4},"end":{"line":51,"column":23}}]},"8":{"type":"branch","line":45,"loc":{"start":{"line":45,"column":4},"end":{"line":48,"column":59}},"locations":[{"start":{"line":45,"column":4},"end":{"line":48,"column":59}}]},"9":{"type":"branch","line":48,"loc":{"start":{"line":48,"column":57},"end":{"line":51,"column":23}},"locations":[{"start":{"line":48,"column":57},"end":{"line":51,"column":23}}]},"10":{"type":"branch","line":51,"loc":{"start":{"line":51,"column":23},"end":{"line":53,"column":5}},"locations":[{"start":{"line":51,"column":23},"end":{"line":53,"column":5}}]},"11":{"type":"branch","line":52,"loc":{"start":{"line":52,"column":54},"end":{"line":53,"column":5}},"locations":[{"start":{"line":52,"column":54},"end":{"line":53,"column":5}}]},"12":{"type":"branch","line":53,"loc":{"start":{"line":53,"column":4},"end":{"line":60,"column":11}},"locations":[{"start":{"line":53,"column":4},"end":{"line":60,"column":11}}]},"13":{"type":"branch","line":60,"loc":{"start":{"line":60,"column":2},"end":{"line":64,"column":3}},"locations":[{"start":{"line":60,"column":2},"end":{"line":64,"column":3}}]}},"b":{"0":[28],"1":[5],"2":[5],"3":[2],"4":[26],"5":[26],"6":[4],"7":[25],"8":[22],"9":[21],"10":[8],"11":[7],"12":[20],"13":[4]},"fnMap":{"0":{"name":"rateLimit","decl":{"start":{"line":21,"column":0},"end":{"line":65,"column":1}},"loc":{"start":{"line":21,"column":0},"end":{"line":65,"column":1}},"line":21}},"f":{"0":28}}
,"C:\\Users\\abdul\\Downloads\\moodmash\\src\\lib\\auth\\rate-limit-storage.ts": {"path":"C:\\Users\\abdul\\Downloads\\moodmash\\src\\lib\\auth\\rate-limit-storage.ts","all":false,"statementMap":{"7":{"start":{"line":8,"column":0},"end":{"line":8,"column":39}},"8":{"start":{"line":9,"column":0},"end":{"line":9,"column":74}},"11":{"start":{"line":12,"column":0},"end":{"line":12,"column":25}},"12":{"start":{"line":13,"column":0},"end":{"line":13,"column":48}},"13":{"start":{"line":14,"column":0},"end":{"line":14,"column":52}},"14":{"start":{"line":15,"column":0},"end":{"line":15,"column":3}},"29":{"start":{"line":30,"column":0},"end":{"line":30,"column":64}},"30":{"start":{"line":31,"column":0},"end":{"line":31,"column":49}},"31":{"start":{"line":32,"column":0},"end":{"line":32,"column":9}},"32":{"start":{"line":33,"column":0},"end":{"line":33,"column":42}},"33":{"start":{"line":34,"column":0},"end":{"line":34,"column":21}},"34":{"start":{"line":35,"column":0},"end":{"line":35,"column":53}},"35":{"start":{"line":36,"column":0},"end":{"line":36,"column":15}},"36":{"start":{"line":37,"column":0},"end":{"line":37,"column":5}},"37":{"start":{"line":38,"column":0},"end":{"line":38,"column":3}},"39":{"start":{"line":40,"column":0},"end":{"line":40,"column":43}},"40":{"start":{"line":41,"column":0},"end":{"line":41,"column":9}},"41":{"start":{"line":42,"column":0},"end":{"line":42,"column":49}},"42":{"start":{"line":43,"column":0},"end":{"line":43,"column":21}},"43":{"start":{"line":44,"column":0},"end":{"line":44,"column":47}},"44":{"start":{"line":45,"column":0},"end":{"line":45,"column":15}},"45":{"start":{"line":46,"column":0},"end":{"line":46,"column":5}},"46":{"start":{"line":47,"column":0},"end":{"line":47,"column":3}},"48":{"start":{"line":49,"column":0},"end":{"line":49,"column":61}},"49":{"start":{"line":50,"column":0},"end":{"line":50,"column":9}},"50":{"start":{"line":51,"column":0},"end":{"line":51,"column":39}},"51":{"start":{"line":52,"column":0},"end":{"line":52,"column":21}},"52":{"start":{"line":53,"column":0},"end":{"line":53,"column":50}},"53":{"start":{"line":54,"column":0},"end":{"line":54,"column":5}},"54":{"start":{"line":55,"column":0},"end":{"line":55,"column":3}},"56":{"start":{"line":57,"column":0},"end":{"line":57,"column":43}},"57":{"start":{"line":58,"column":0},"end":{"line":58,"column":9}},"58":{"start":{"line":59,"column":0},"end":{"line":59,"column":27}},"59":{"start":{"line":60,"column":0},"end":{"line":60,"column":21}},"60":{"start":{"line":61,"column":0},"end":{"line":61,"column":50}},"61":{"start":{"line":62,"column":0},"end":{"line":62,"column":5}},"62":{"start":{"line":63,"column":0},"end":{"line":63,"column":3}},"63":{"start":{"line":64,"column":0},"end":{"line":64,"column":1}},"66":{"start":{"line":67,"column":0},"end":{"line":67,"column":60}},"75":{"start":{"line":76,"column":0},"end":{"line":76,"column":94}},"76":{"start":{"line":77,"column":0},"end":{"line":77,"column":53}},"77":{"start":{"line":78,"column":0},"end":{"line":78,"column":36}},"78":{"start":{"line":79,"column":0},"end":{"line":79,"column":1}},"83":{"start":{"line":84,"column":0},"end":{"line":84,"column":89}},"84":{"start":{"line":85,"column":0},"end":{"line":85,"column":56}},"85":{"start":{"line":86,"column":0},"end":{"line":86,"column":56}},"87":{"start":{"line":88,"column":0},"end":{"line":88,"column":22}},"88":{"start":{"line":89,"column":0},"end":{"line":89,"column":43}},"89":{"start":{"line":90,"column":0},"end":{"line":90,"column":3}},"91":{"start":{"line":92,"column":0},"end":{"line":92,"column":17}},"92":{"start":{"line":93,"column":0},"end":{"line":93,"column":1}}},"s":{"7":1,"8":1,"11":1,"12":1,"13":1,"14":1,"29":1,"30":1,"31":9,"32":9,"33":9,"34":1,"35":1,"36":1,"37":9,"39":1,"40":4,"41":4,"42":4,"43":1,"44":1,"45":1,"46":4,"48":1,"49":4,"50":4,"51":4,"52":3,"53":3,"54":4,"56":1,"57":3,"58":3,"59":3,"60":1,"61":1,"62":3,"63":1,"66":1,"75":1,"76":1,"77":1,"78":1,"83":5,"84":5,"85":5,"87":5,"88":2,"89":2,"91":5,"92":5},"branchMap":{"0":{"type":"branch","line":31,"loc":{"start":{"line":31,"column":2},"end":{"line":38,"column":3}},"locations":[{"start":{"line":31,"column":2},"end":{"line":38,"column":3}}]},"1":{"type":"branch","line":33,"loc":{"start":{"line":33,"column":34},"end":{"line":33,"column":40}},"locations":[{"start":{"line":33,"column":34},"end":{"line":33,"column":40}}]},"2":{"type":"branch","line":33,"loc":{"start":{"line":33,"column":34},"end":{"line":33,"column":42}},"locations":[{"start":{"line":33,"column":34},"end":{"line":33,"column":42}}]},"3":{"type":"branch","line":34,"loc":{"start":{"line":34,"column":4},"end":{"line":37,"column":5}},"locations":[{"start":{"line":34,"column":4},"end":{"line":37,"column":5}}]},"4":{"type":"branch","line":40,"loc":{"start":{"line":40,"column":2},"end":{"line":47,"column":3}},"locations":[{"start":{"line":40,"column":2},"end":{"line":47,"column":3}}]},"5":{"type":"branch","line":42,"loc":{"start":{"line":42,"column":41},"end":{"line":42,"column":47}},"locations":[{"start":{"line":42,"column":41},"end":{"line":42,"column":47}}]},"6":{"type":"branch","line":42,"loc":{"start":{"line":42,"column":41},"end":{"line":42,"column":49}},"locations":[{"start":{"line":42,"column":41},"end":{"line":42,"column":49}}]},"7":{"type":"branch","line":43,"loc":{"start":{"line":43,"column":4},"end":{"line":46,"column":5}},"locations":[{"start":{"line":43,"column":4},"end":{"line":46,"column":5}}]},"8":{"type":"branch","line":49,"loc":{"start":{"line":49,"column":2},"end":{"line":55,"column":3}},"locations":[{"start":{"line":49,"column":2},"end":{"line":55,"column":3}}]},"9":{"type":"branch","line":51,"loc":{"start":{"line":51,"column":37},"end":{"line":52,"column":13}},"locations":[{"start":{"line":51,"column":37},"end":{"line":52,"column":13}}]},"10":{"type":"branch","line":52,"loc":{"start":{"line":52,"column":4},"end":{"line":54,"column":5}},"locations":[{"start":{"line":52,"column":4},"end":{"line":54,"column":5}}]},"11":{"type":"branch","line":57,"loc":{"start":{"line":57,"column":2},"end":{"line":63,"column":3}},"locations":[{"start":{"line":57,"column":2},"end":{"line":63,"column":3}}]},"12":{"type":"branch","line":59,"loc":{"start":{"line":59,"column":25},"end":{"line":60,"column":13}},"locations":[{"start":{"line":59,"column":25},"end":{"line":60,"column":13}}]},"13":{"type":"branch","line":60,"loc":{"start":{"line":60,"column":4},"end":{"line":62,"column":5}},"locations":[{"start":{"line":60,"column":4},"end":{"line":62,"column":5}}]},"14":{"type":"branch","line":76,"loc":{"start":{"line":76,"column":0},"end":{"line":79,"column":1}},"locations":[{"start":{"line":76,"column":0},"end":{"line":79,"column":1}}]},"15":{"type":"branch","line":84,"loc":{"start":{"line":84,"column":0},"end":{"line":93,"column":1}},"locations":[{"start":{"line":84,"column":0},"end":{"line":93,"column":1}}]},"16":{"type":"branch","line":88,"loc":{"start":{"line":88,"column":21},"end":{"line":90,"column":3}},"locations":[{"start":{"line":88,"column":21},"end":{"line":90,"column":3}}]}},"b":{"0":[9],"1":[8],"2":[2],"3":[1],"4":[4],"5":[3],"6":[2],"7":[1],"8":[4],"9":[1],"10":[3],"11":[3],"12":[2],"13":[1],"14":[1],"15":[5],"16":[2]},"fnMap":{"0":{"name":"increment","decl":{"start":{"line":31,"column":2},"end":{"line":38,"column":3}},"loc":{"start":{"line":31,"column":2},"end":{"line":38,"column":3}},"line":31},"1":{"name":"get","decl":{"start":{"line":40,"column":2},"end":{"line":47,"column":3}},"loc":{"start":{"line":40,"column":2},"end":{"line":47,"column":3}},"line":40},"2":{"name":"expire","decl":{"start":{"line":49,"column":2},"end":{"line":55,"column":3}},"loc":{"start":{"line":49,"column":2},"end":{"line":55,"column":3}},"line":49},"3":{"name":"reset","decl":{"start":{"line":57,"column":2},"end":{"line":63,"column":3}},"loc":{"start":{"line":57,"column":2},"end":{"line":63,"column":3}},"line":57},"4":{"name":"resetRateLimit","decl":{"start":{"line":76,"column":0},"end":{"line":79,"column":1}},"loc":{"start":{"line":76,"column":0},"end":{"line":79,"column":1}},"line":76},"5":{"name":"incrementFailedLoginAttempts","decl":{"start":{"line":84,"column":0},"end":{"line":93,"column":1}},"loc":{"start":{"line":84,"column":0},"end":{"line":93,"column":1}},"line":84}},"f":{"0":9,"1":4,"2":4,"3":3,"4":1,"5":5}}
,"C:\\Users\\abdul\\Downloads\\moodmash\\src\\lib\\auth\\rate-limit.ts": {"path":"C:\\Users\\abdul\\Downloads\\moodmash\\src\\lib\\auth\\rate-limit.ts","all":false,"statementMap":{"18":{"start":{"line":19,"column":0},"end":{"line":19,"column":8}},"27":{"start":{"line":28,"column":0},"end":{"line":28,"column":8}},"33":{"start":{"line":34,"column":0},"end":{"line":34,"column":52}},"36":{"start":{"line":37,"column":0},"end":{"line":37,"column":8}}},"s":{"18":1,"27":1,"33":1,"36":1},"branchMap":{},"b":{},"fnMap":{},"f":{}}
,"C:\\Users\\abdul\\Downloads\\moodmash\\src\\lib\\auth\\token.ts": {"path":"C:\\Users\\abdul\\Downloads\\moodmash\\src\\lib\\auth\\token.ts","all":false,"statementMap":{"0":{"start":{"line":1,"column":0},"end":{"line":1,"column":28}},"4":{"start":{"line":5,"column":0},"end":{"line":5,"column":85}},"6":{"start":{"line":7,"column":0},"end":{"line":7,"column":61}},"7":{"start":{"line":8,"column":0},"end":{"line":8,"column":42}},"8":{"start":{"line":9,"column":0},"end":{"line":9,"column":67}},"11":{"start":{"line":12,"column":0},"end":{"line":12,"column":68}},"12":{"start":{"line":13,"column":0},"end":{"line":13,"column":1}},"14":{"start":{"line":15,"column":0},"end":{"line":15,"column":54}},"16":{"start":{"line":17,"column":0},"end":{"line":17,"column":64}},"17":{"start":{"line":18,"column":0},"end":{"line":18,"column":1}}},"s":{"0":1,"4":14,"6":14,"7":14,"8":14,"11":14,"12":14,"14":11,"16":11,"17":11},"branchMap":{"0":{"type":"branch","line":5,"loc":{"start":{"line":5,"column":0},"end":{"line":13,"column":1}},"locations":[{"start":{"line":5,"column":0},"end":{"line":13,"column":1}}]},"1":{"type":"branch","line":15,"loc":{"start":{"line":15,"column":0},"end":{"line":18,"column":1}},"locations":[{"start":{"line":15,"column":0},"end":{"line":18,"column":1}}]}},"b":{"0":[14],"1":[11]},"fnMap":{"0":{"name":"createToken","decl":{"start":{"line":5,"column":0},"end":{"line":13,"column":1}},"loc":{"start":{"line":5,"column":0},"end":{"line":13,"column":1}},"line":5},"1":{"name":"generateOTP","decl":{"start":{"line":15,"column":0},"end":{"line":18,"column":1}},"loc":{"start":{"line":15,"column":0},"end":{"line":18,"column":1}},"line":15}},"f":{"0":14,"1":11}}
,"C:\\Users\\abdul\\Downloads\\moodmash\\src\\lib\\auth\\tokens.ts": {"path":"C:\\Users\\abdul\\Downloads\\moodmash\\src\\lib\\auth\\tokens.ts","all":false,"statementMap":{"9":{"start":{"line":10,"column":0},"end":{"line":10,"column":99}},"12":{"start":{"line":13,"column":0},"end":{"line":13,"column":32}},"13":{"start":{"line":14,"column":0},"end":{"line":14,"column":33}},"14":{"start":{"line":15,"column":0},"end":{"line":15,"column":3}},"15":{"start":{"line":16,"column":0},"end":{"line":16,"column":14}},"16":{"start":{"line":17,"column":0},"end":{"line":17,"column":1}},"23":{"start":{"line":24,"column":0},"end":{"line":24,"column":91}},"26":{"start":{"line":27,"column":0},"end":{"line":27,"column":32}},"27":{"start":{"line":28,"column":0},"end":{"line":28,"column":33}},"28":{"start":{"line":29,"column":0},"end":{"line":29,"column":3}},"29":{"start":{"line":30,"column":0},"end":{"line":30,"column":14}},"30":{"start":{"line":31,"column":0},"end":{"line":31,"column":1}},"37":{"start":{"line":38,"column":0},"end":{"line":38,"column":81}},"43":{"start":{"line":44,"column":0},"end":{"line":44,"column":40}},"44":{"start":{"line":45,"column":0},"end":{"line":45,"column":69}},"45":{"start":{"line":46,"column":0},"end":{"line":46,"column":3}},"48":{"start":{"line":49,"column":0},"end":{"line":49,"column":37}},"49":{"start":{"line":50,"column":0},"end":{"line":50,"column":1}},"56":{"start":{"line":57,"column":0},"end":{"line":57,"column":85}},"62":{"start":{"line":63,"column":0},"end":{"line":63,"column":40}},"63":{"start":{"line":64,"column":0},"end":{"line":64,"column":73}},"64":{"start":{"line":65,"column":0},"end":{"line":65,"column":3}},"67":{"start":{"line":68,"column":0},"end":{"line":68,"column":37}},"68":{"start":{"line":69,"column":0},"end":{"line":69,"column":1}}},"s":{"9":3,"12":3,"13":1,"14":1,"15":2,"16":2,"23":3,"26":3,"27":1,"28":1,"29":2,"30":2,"37":1,"43":1,"44":1,"45":1,"48":1,"49":1,"56":1,"62":1,"63":1,"64":1,"67":1,"68":1},"branchMap":{"0":{"type":"branch","line":10,"loc":{"start":{"line":10,"column":0},"end":{"line":17,"column":1}},"locations":[{"start":{"line":10,"column":0},"end":{"line":17,"column":1}}]},"1":{"type":"branch","line":13,"loc":{"start":{"line":13,"column":31},"end":{"line":15,"column":3}},"locations":[{"start":{"line":13,"column":31},"end":{"line":15,"column":3}}]},"2":{"type":"branch","line":15,"loc":{"start":{"line":15,"column":2},"end":{"line":17,"column":1}},"locations":[{"start":{"line":15,"column":2},"end":{"line":17,"column":1}}]},"3":{"type":"branch","line":24,"loc":{"start":{"line":24,"column":0},"end":{"line":31,"column":1}},"locations":[{"start":{"line":24,"column":0},"end":{"line":31,"column":1}}]},"4":{"type":"branch","line":27,"loc":{"start":{"line":27,"column":31},"end":{"line":29,"column":3}},"locations":[{"start":{"line":27,"column":31},"end":{"line":29,"column":3}}]},"5":{"type":"branch","line":29,"loc":{"start":{"line":29,"column":2},"end":{"line":31,"column":1}},"locations":[{"start":{"line":29,"column":2},"end":{"line":31,"column":1}}]},"6":{"type":"branch","line":38,"loc":{"start":{"line":38,"column":0},"end":{"line":50,"column":1}},"locations":[{"start":{"line":38,"column":0},"end":{"line":50,"column":1}}]},"7":{"type":"branch","line":57,"loc":{"start":{"line":57,"column":0},"end":{"line":69,"column":1}},"locations":[{"start":{"line":57,"column":0},"end":{"line":69,"column":1}}]}},"b":{"0":[3],"1":[1],"2":[2],"3":[3],"4":[1],"5":[2],"6":[1],"7":[1]},"fnMap":{"0":{"name":"verifyPasswordResetToken","decl":{"start":{"line":10,"column":0},"end":{"line":17,"column":1}},"loc":{"start":{"line":10,"column":0},"end":{"line":17,"column":1}},"line":10},"1":{"name":"verifyEmailToken","decl":{"start":{"line":24,"column":0},"end":{"line":31,"column":1}},"loc":{"start":{"line":24,"column":0},"end":{"line":31,"column":1}},"line":24},"2":{"name":"createPasswordResetToken","decl":{"start":{"line":38,"column":0},"end":{"line":50,"column":1}},"loc":{"start":{"line":38,"column":0},"end":{"line":50,"column":1}},"line":38},"3":{"name":"createEmailVerificationToken","decl":{"start":{"line":57,"column":0},"end":{"line":69,"column":1}},"loc":{"start":{"line":57,"column":0},"end":{"line":69,"column":1}},"line":57}},"f":{"0":3,"1":3,"2":1,"3":1}}
,"C:\\Users\\abdul\\Downloads\\moodmash\\src\\lib\\auth\\utils.ts": {"path":"C:\\Users\\abdul\\Downloads\\moodmash\\src\\lib\\auth\\utils.ts","all":false,"statementMap":{"1":{"start":{"line":2,"column":0},"end":{"line":2,"column":50}},"2":{"start":{"line":3,"column":0},"end":{"line":3,"column":43}},"5":{"start":{"line":6,"column":0},"end":{"line":6,"column":85}},"6":{"start":{"line":7,"column":0},"end":{"line":7,"column":7}},"7":{"start":{"line":8,"column":0},"end":{"line":8,"column":14}},"8":{"start":{"line":9,"column":0},"end":{"line":9,"column":52}},"9":{"start":{"line":10,"column":0},"end":{"line":10,"column":5}},"12":{"start":{"line":13,"column":0},"end":{"line":13,"column":42}},"13":{"start":{"line":14,"column":0},"end":{"line":14,"column":54}},"14":{"start":{"line":15,"column":0},"end":{"line":15,"column":19}},"16":{"start":{"line":17,"column":0},"end":{"line":17,"column":16}},"17":{"start":{"line":18,"column":0},"end":{"line":18,"column":3}},"18":{"start":{"line":19,"column":0},"end":{"line":19,"column":1}}},"s":{"1":1,"2":1,"5":15,"6":15,"7":15,"8":14,"9":14,"12":1,"13":1,"14":15,"16":0,"17":0,"18":15},"branchMap":{"0":{"type":"branch","line":6,"loc":{"start":{"line":6,"column":0},"end":{"line":19,"column":1}},"locations":[{"start":{"line":6,"column":0},"end":{"line":19,"column":1}}]},"1":{"type":"branch","line":8,"loc":{"start":{"line":8,"column":13},"end":{"line":10,"column":5}},"locations":[{"start":{"line":8,"column":13},"end":{"line":10,"column":5}}]},"2":{"type":"branch","line":10,"loc":{"start":{"line":10,"column":4},"end":{"line":15,"column":11}},"locations":[{"start":{"line":10,"column":4},"end":{"line":15,"column":11}}]},"3":{"type":"branch","line":15,"loc":{"start":{"line":15,"column":2},"end":{"line":18,"column":3}},"locations":[{"start":{"line":15,"column":2},"end":{"line":18,"column":3}}]}},"b":{"0":[15],"1":[14],"2":[1],"3":[0]},"fnMap":{"0":{"name":"getSessionFromReq","decl":{"start":{"line":6,"column":0},"end":{"line":19,"column":1}},"loc":{"start":{"line":6,"column":0},"end":{"line":19,"column":1}},"line":6}},"f":{"0":15}}
,"C:\\Users\\abdul\\Downloads\\moodmash\\src\\lib\\auth\\webauthn-authentication.ts": {"path":"C:\\Users\\abdul\\Downloads\\moodmash\\src\\lib\\auth\\webauthn-authentication.ts","all":false,"statementMap":{"5":{"start":{"line":6,"column":0},"end":{"line":6,"column":37}},"6":{"start":{"line":7,"column":0},"end":{"line":7,"column":8}},"19":{"start":{"line":20,"column":0},"end":{"line":20,"column":80}},"27":{"start":{"line":28,"column":0},"end":{"line":28,"column":60}},"28":{"start":{"line":29,"column":0},"end":{"line":29,"column":17}},"29":{"start":{"line":30,"column":0},"end":{"line":30,"column":51}},"30":{"start":{"line":31,"column":0},"end":{"line":31,"column":23}},"32":{"start":{"line":33,"column":0},"end":{"line":33,"column":15}},"34":{"start":{"line":35,"column":0},"end":{"line":35,"column":58}},"35":{"start":{"line":36,"column":0},"end":{"line":36,"column":24}},"36":{"start":{"line":37,"column":0},"end":{"line":37,"column":35}},"37":{"start":{"line":38,"column":0},"end":{"line":38,"column":80}},"38":{"start":{"line":39,"column":0},"end":{"line":39,"column":7}},"40":{"start":{"line":41,"column":0},"end":{"line":41,"column":79}},"41":{"start":{"line":42,"column":0},"end":{"line":42,"column":52}},"42":{"start":{"line":43,"column":0},"end":{"line":43,"column":34}},"43":{"start":{"line":44,"column":0},"end":{"line":44,"column":96}},"44":{"start":{"line":45,"column":0},"end":{"line":45,"column":8}},"45":{"start":{"line":46,"column":0},"end":{"line":46,"column":3}},"47":{"start":{"line":48,"column":0},"end":{"line":48,"column":54}},"48":{"start":{"line":49,"column":0},"end":{"line":49,"column":20}},"49":{"start":{"line":50,"column":0},"end":{"line":50,"column":29}},"50":{"start":{"line":51,"column":0},"end":{"line":51,"column":21}},"51":{"start":{"line":52,"column":0},"end":{"line":52,"column":65}},"52":{"start":{"line":53,"column":0},"end":{"line":53,"column":4}},"54":{"start":{"line":55,"column":0},"end":{"line":55,"column":48}},"55":{"start":{"line":56,"column":0},"end":{"line":56,"column":1}},"64":{"start":{"line":65,"column":0},"end":{"line":65,"column":51}},"65":{"start":{"line":66,"column":0},"end":{"line":66,"column":41}},"66":{"start":{"line":67,"column":0},"end":{"line":67,"column":27}},"67":{"start":{"line":68,"column":0},"end":{"line":68,"column":94}},"69":{"start":{"line":70,"column":0},"end":{"line":70,"column":55}},"70":{"start":{"line":71,"column":0},"end":{"line":71,"column":12}},"71":{"start":{"line":72,"column":0},"end":{"line":72,"column":32}},"72":{"start":{"line":73,"column":0},"end":{"line":73,"column":6}},"73":{"start":{"line":74,"column":0},"end":{"line":74,"column":14}},"74":{"start":{"line":75,"column":0},"end":{"line":75,"column":13}},"75":{"start":{"line":76,"column":0},"end":{"line":76,"column":17}},"76":{"start":{"line":77,"column":0},"end":{"line":77,"column":19}},"77":{"start":{"line":78,"column":0},"end":{"line":78,"column":22}},"78":{"start":{"line":79,"column":0},"end":{"line":79,"column":10}},"79":{"start":{"line":80,"column":0},"end":{"line":80,"column":8}},"80":{"start":{"line":81,"column":0},"end":{"line":81,"column":6}},"81":{"start":{"line":82,"column":0},"end":{"line":82,"column":5}},"83":{"start":{"line":84,"column":0},"end":{"line":84,"column":22}},"84":{"start":{"line":85,"column":0},"end":{"line":85,"column":67}},"85":{"start":{"line":86,"column":0},"end":{"line":86,"column":3}},"87":{"start":{"line":88,"column":0},"end":{"line":88,"column":53}},"88":{"start":{"line":89,"column":0},"end":{"line":89,"column":25}},"89":{"start":{"line":90,"column":0},"end":{"line":90,"column":41}},"90":{"start":{"line":91,"column":0},"end":{"line":91,"column":40}},"91":{"start":{"line":92,"column":0},"end":{"line":92,"column":28}},"92":{"start":{"line":93,"column":0},"end":{"line":93,"column":20}},"93":{"start":{"line":94,"column":0},"end":{"line":94,"column":70}},"94":{"start":{"line":95,"column":0},"end":{"line":95,"column":76}},"95":{"start":{"line":96,"column":0},"end":{"line":96,"column":36}},"96":{"start":{"line":97,"column":0},"end":{"line":97,"column":6}},"97":{"start":{"line":98,"column":0},"end":{"line":98,"column":4}},"99":{"start":{"line":100,"column":0},"end":{"line":100,"column":67}},"102":{"start":{"line":103,"column":0},"end":{"line":103,"column":30}},"103":{"start":{"line":104,"column":0},"end":{"line":104,"column":32}},"104":{"start":{"line":105,"column":0},"end":{"line":105,"column":37}},"105":{"start":{"line":106,"column":0},"end":{"line":106,"column":68}},"106":{"start":{"line":107,"column":0},"end":{"line":107,"column":7}},"107":{"start":{"line":108,"column":0},"end":{"line":108,"column":3}},"109":{"start":{"line":110,"column":0},"end":{"line":110,"column":54}},"110":{"start":{"line":111,"column":0},"end":{"line":111,"column":1}}},"s":{"5":1,"6":1,"19":1,"27":7,"28":7,"29":7,"30":7,"32":7,"34":5,"35":5,"36":5,"37":5,"38":5,"40":5,"41":8,"42":8,"43":8,"44":5,"45":5,"47":7,"48":7,"49":7,"50":7,"51":7,"52":7,"54":7,"55":7,"64":9,"65":9,"66":9,"67":9,"69":9,"70":9,"71":9,"72":9,"73":9,"74":9,"75":9,"76":9,"77":9,"78":9,"79":9,"80":9,"81":9,"83":9,"84":2,"85":2,"87":7,"88":7,"89":7,"90":7,"91":7,"92":7,"93":7,"94":7,"95":7,"96":7,"97":7,"99":7,"102":8,"103":5,"104":5,"105":5,"106":5,"107":5,"109":6,"110":6},"branchMap":{"0":{"type":"branch","line":28,"loc":{"start":{"line":28,"column":0},"end":{"line":56,"column":1}},"locations":[{"start":{"line":28,"column":0},"end":{"line":56,"column":1}}]},"1":{"type":"branch","line":33,"loc":{"start":{"line":33,"column":14},"end":{"line":46,"column":3}},"locations":[{"start":{"line":33,"column":14},"end":{"line":46,"column":3}}]},"2":{"type":"branch","line":41,"loc":{"start":{"line":41,"column":43},"end":{"line":45,"column":6}},"locations":[{"start":{"line":41,"column":43},"end":{"line":45,"column":6}}]},"3":{"type":"branch","line":65,"loc":{"start":{"line":65,"column":0},"end":{"line":111,"column":1}},"locations":[{"start":{"line":65,"column":0},"end":{"line":111,"column":1}}]},"4":{"type":"branch","line":84,"loc":{"start":{"line":84,"column":21},"end":{"line":111,"column":1}},"locations":[{"start":{"line":84,"column":21},"end":{"line":111,"column":1}}]},"5":{"type":"branch","line":84,"loc":{"start":{"line":84,"column":21},"end":{"line":86,"column":3}},"locations":[{"start":{"line":84,"column":21},"end":{"line":86,"column":3}}]},"6":{"type":"branch","line":86,"loc":{"start":{"line":86,"column":2},"end":{"line":100,"column":67}},"locations":[{"start":{"line":86,"column":2},"end":{"line":100,"column":67}}]},"7":{"type":"branch","line":100,"loc":{"start":{"line":100,"column":65},"end":{"line":103,"column":29}},"locations":[{"start":{"line":100,"column":65},"end":{"line":103,"column":29}}]},"8":{"type":"branch","line":103,"loc":{"start":{"line":103,"column":29},"end":{"line":108,"column":3}},"locations":[{"start":{"line":103,"column":29},"end":{"line":108,"column":3}}]},"9":{"type":"branch","line":108,"loc":{"start":{"line":108,"column":2},"end":{"line":111,"column":1}},"locations":[{"start":{"line":108,"column":2},"end":{"line":111,"column":1}}]}},"b":{"0":[7],"1":[5],"2":[8],"3":[9],"4":[8],"5":[2],"6":[7],"7":[6],"8":[5],"9":[6]},"fnMap":{"0":{"name":"generateWebAuthnAuthenticationOptions","decl":{"start":{"line":28,"column":0},"end":{"line":56,"column":1}},"loc":{"start":{"line":28,"column":0},"end":{"line":56,"column":1}},"line":28},"1":{"name":"verifyWebAuthnAuthentication","decl":{"start":{"line":65,"column":0},"end":{"line":111,"column":1}},"loc":{"start":{"line":65,"column":0},"end":{"line":111,"column":1}},"line":65}},"f":{"0":7,"1":9}}
,"C:\\Users\\abdul\\Downloads\\moodmash\\src\\lib\\auth\\webauthn-config.ts": {"path":"C:\\Users\\abdul\\Downloads\\moodmash\\src\\lib\\auth\\webauthn-config.ts","all":false,"statementMap":{"6":{"start":{"line":7,"column":0},"end":{"line":7,"column":38}},"7":{"start":{"line":8,"column":0},"end":{"line":8,"column":40}},"8":{"start":{"line":9,"column":0},"end":{"line":9,"column":55}},"9":{"start":{"line":10,"column":0},"end":{"line":10,"column":18}},"10":{"start":{"line":11,"column":0},"end":{"line":11,"column":2}},"13":{"start":{"line":14,"column":0},"end":{"line":14,"column":33}},"16":{"start":{"line":17,"column":0},"end":{"line":17,"column":49}},"19":{"start":{"line":20,"column":0},"end":{"line":20,"column":64}},"22":{"start":{"line":23,"column":0},"end":{"line":23,"column":48}},"23":{"start":{"line":24,"column":0},"end":{"line":24,"column":68}},"24":{"start":{"line":25,"column":0},"end":{"line":25,"column":2}}},"s":{"6":1,"7":11,"8":9,"9":2,"10":11,"13":1,"16":1,"19":1,"22":1,"23":4,"24":4},"branchMap":{"0":{"type":"branch","line":7,"loc":{"start":{"line":7,"column":23},"end":{"line":11,"column":2}},"locations":[{"start":{"line":7,"column":23},"end":{"line":11,"column":2}}]},"1":{"type":"branch","line":8,"loc":{"start":{"line":8,"column":21},"end":{"line":9,"column":55}},"locations":[{"start":{"line":8,"column":21},"end":{"line":9,"column":55}}]},"2":{"type":"branch","line":9,"loc":{"start":{"line":9,"column":47},"end":{"line":10,"column":18}},"locations":[{"start":{"line":9,"column":47},"end":{"line":10,"column":18}}]},"3":{"type":"branch","line":23,"loc":{"start":{"line":23,"column":33},"end":{"line":25,"column":2}},"locations":[{"start":{"line":23,"column":33},"end":{"line":25,"column":2}}]},"4":{"type":"branch","line":24,"loc":{"start":{"line":24,"column":21},"end":{"line":24,"column":68}},"locations":[{"start":{"line":24,"column":21},"end":{"line":24,"column":68}}]}},"b":{"0":[11],"1":[9],"2":[2],"3":[4],"4":[1]},"fnMap":{"0":{"name":"getRpID","decl":{"start":{"line":7,"column":23},"end":{"line":11,"column":2}},"loc":{"start":{"line":7,"column":23},"end":{"line":11,"column":2}},"line":7},"1":{"name":"getExpectedOrigin","decl":{"start":{"line":23,"column":33},"end":{"line":25,"column":2}},"loc":{"start":{"line":23,"column":33},"end":{"line":25,"column":2}},"line":23}},"f":{"0":11,"1":4}}
[...]
,"C:\\Users\\abdul\\Downloads\\moodmash\\src\\pages\\api\\users\\[id]\\public-key.ts": {"path":"C:\\Users\\abdul\\Downloads\\moodmash\\src\\pages\\api\\users\\[id]\\public-key.ts","all":false,"statementMap":{"0":{"start":{"line":1,"column":0},"end":{"line":1,"column":54}},"1":{"start":{"line":2,"column":0},"end":{"line":2,"column":38}},"43":{"start":{"line":44,"column":0},"end":{"line":44,"column":70}},"45":{"start":{"line":46,"column":0},"end":{"line":46,"column":27}},"47":{"start":{"line":48,"column":0},"end":{"line":48,"column":38}},"48":{"start":{"line":49,"column":0},"end":{"line":49,"column":33}},"49":{"start":{"line":50,"column":0},"end":{"line":50,"column":27}},"50":{"start":{"line":51,"column":0},"end":{"line":51,"column":37}},"51":{"start":{"line":52,"column":0},"end":{"line":52,"column":7}},"52":{"start":{"line":53,"column":0},"end":{"line":53,"column":3}},"54":{"start":{"line":55,"column":0},"end":{"line":55,"column":7}},"56":{"start":{"line":57,"column":0},"end":{"line":57,"column":47}},"57":{"start":{"line":58,"column":0},"end":{"line":58,"column":20}},"58":{"start":{"line":59,"column":0},"end":{"line":59,"column":7}},"60":{"start":{"line":61,"column":0},"end":{"line":61,"column":16}},"61":{"start":{"line":62,"column":0},"end":{"line":62,"column":35}},"62":{"start":{"line":63,"column":0},"end":{"line":63,"column":27}},"63":{"start":{"line":64,"column":0},"end":{"line":64,"column":34}},"64":{"start":{"line":65,"column":0},"end":{"line":65,"column":9}},"65":{"start":{"line":66,"column":0},"end":{"line":66,"column":5}},"68":{"start":{"line":69,"column":0},"end":{"line":69,"column":65}},"69":{"start":{"line":70,"column":0},"end":{"line":70,"column":28}},"70":{"start":{"line":71,"column":0},"end":{"line":71,"column":15}},"71":{"start":{"line":72,"column":0},"end":{"line":72,"column":24}},"72":{"start":{"line":73,"column":0},"end":{"line":73,"column":21}},"73":{"start":{"line":74,"column":0},"end":{"line":74,"column":24}},"74":{"start":{"line":75,"column":0},"end":{"line":75,"column":8}},"75":{"start":{"line":76,"column":0},"end":{"line":76,"column":7}},"77":{"start":{"line":78,"column":0},"end":{"line":78,"column":25}},"78":{"start":{"line":79,"column":0},"end":{"line":79,"column":35}},"79":{"start":{"line":80,"column":0},"end":{"line":80,"column":27}},"80":{"start":{"line":81,"column":0},"end":{"line":81,"column":54}},"81":{"start":{"line":82,"column":0},"end":{"line":82,"column":9}},"82":{"start":{"line":83,"column":0},"end":{"line":83,"column":5}},"84":{"start":{"line":85,"column":0},"end":{"line":85,"column":33}},"85":{"start":{"line":86,"column":0},"end":{"line":86,"column":41}},"86":{"start":{"line":87,"column":0},"end":{"line":87,"column":35}},"87":{"start":{"line":88,"column":0},"end":{"line":88,"column":41}},"88":{"start":{"line":89,"column":0},"end":{"line":89,"column":7}},"89":{"start":{"line":90,"column":0},"end":{"line":90,"column":19}},"90":{"start":{"line":91,"column":0},"end":{"line":91,"column":60}},"91":{"start":{"line":92,"column":0},"end":{"line":92,"column":33}},"92":{"start":{"line":93,"column":0},"end":{"line":93,"column":37}},"93":{"start":{"line":94,"column":0},"end":{"line":94,"column":49}},"94":{"start":{"line":95,"column":0},"end":{"line":95,"column":7}},"95":{"start":{"line":96,"column":0},"end":{"line":96,"column":3}},"96":{"start":{"line":97,"column":0},"end":{"line":97,"column":2}},"98":{"start":{"line":99,"column":0},"end":{"line":99,"column":32}},"99":{"start":{"line":100,"column":0},"end":{"line":100,"column":3}},"100":{"start":{"line":101,"column":0},"end":{"line":101,"column":21}},"101":{"start":{"line":102,"column":0},"end":{"line":102,"column":22}},"102":{"start":{"line":103,"column":0},"end":{"line":103,"column":4}},"103":{"start":{"line":104,"column":0},"end":{"line":104,"column":9}},"104":{"start":{"line":105,"column":0},"end":{"line":105,"column":2}}},"s":{"0":1,"1":1,"43":1,"45":10,"47":10,"48":2,"49":2,"50":2,"51":2,"52":2,"54":8,"56":8,"57":8,"58":8,"60":10,"61":2,"62":2,"63":2,"64":2,"65":2,"68":4,"69":4,"70":4,"71":4,"72":4,"73":4,"74":4,"75":4,"77":10,"78":2,"79":2,"80":2,"81":2,"82":2,"84":2,"85":2,"86":2,"87":2,"88":2,"89":2,"90":2,"91":2,"92":2,"93":2,"94":2,"95":2,"96":10,"98":1,"99":1,"100":1,"101":1,"102":1,"103":1,"104":1},"branchMap":{"0":{"type":"branch","line":44,"loc":{"start":{"line":44,"column":16},"end":{"line":97,"column":2}},"locations":[{"start":{"line":44,"column":16},"end":{"line":97,"column":2}}]},"1":{"type":"branch","line":48,"loc":{"start":{"line":48,"column":7},"end":{"line":48,"column":37}},"locations":[{"start":{"line":48,"column":7},"end":{"line":48,"column":37}}]},"2":{"type":"branch","line":48,"loc":{"start":{"line":48,"column":37},"end":{"line":53,"column":3}},"locations":[{"start":{"line":48,"column":37},"end":{"line":53,"column":3}}]},"3":{"type":"branch","line":53,"loc":{"start":{"line":53,"column":2},"end":{"line":59,"column":7}},"locations":[{"start":{"line":53,"column":2},"end":{"line":59,"column":7}}]},"4":{"type":"branch","line":59,"loc":{"start":{"line":59,"column":5},"end":{"line":61,"column":15}},"locations":[{"start":{"line":59,"column":5},"end":{"line":61,"column":15}}]},"5":{"type":"branch","line":61,"loc":{"start":{"line":61,"column":15},"end":{"line":66,"column":5}},"locations":[{"start":{"line":61,"column":15},"end":{"line":66,"column":5}}]},"6":{"type":"branch","line":66,"loc":{"start":{"line":66,"column":4},"end":{"line":78,"column":24}},"locations":[{"start":{"line":66,"column":4},"end":{"line":78,"column":24}}]},"7":{"type":"branch","line":78,"loc":{"start":{"line":78,"column":24},"end":{"line":96,"column":3}},"locations":[{"start":{"line":78,"column":24},"end":{"line":96,"column":3}}]}},"b":{"0":[10],"1":[8],"2":[2],"3":[8],"4":[6],"5":[2],"6":[4],"7":[2]},"fnMap":{"0":{"name":"handler","decl":{"start":{"line":44,"column":16},"end":{"line":97,"column":2}},"loc":{"start":{"line":44,"column":16},"end":{"line":97,"column":2}},"line":44}},"f":{"0":10}}
,"C:\\Users\\abdul\\Downloads\\moodmash\\src\\pages\\api\\voice\\process.ts": {"path":"C:\\Users\\abdul\\Downloads\\moodmash\\src\\pages\\api\\voice\\process.ts","all":false,"statementMap":{"0":{"start":{"line":1,"column":0},"end":{"line":1,"column":32}},"1":{"start":{"line":2,"column":0},"end":{"line":2,"column":61}},"2":{"start":{"line":3,"column":0},"end":{"line":3,"column":36}},"3":{"start":{"line":4,"column":0},"end":{"line":4,"column":20}},"7":{"start":{"line":8,"column":0},"end":{"line":8,"column":23}},"8":{"start":{"line":9,"column":0},"end":{"line":9,"column":8}},"9":{"start":{"line":10,"column":0},"end":{"line":10,"column":22}},"10":{"start":{"line":11,"column":0},"end":{"line":11,"column":4}},"11":{"start":{"line":12,"column":0},"end":{"line":12,"column":2}},"33":{"start":{"line":34,"column":0},"end":{"line":34,"column":38}},"34":{"start":{"line":35,"column":0},"end":{"line":35,"column":22}},"35":{"start":{"line":36,"column":0},"end":{"line":36,"column":22}},"36":{"start":{"line":37,"column":0},"end":{"line":37,"column":3}},"37":{"start":{"line":38,"column":0},"end":{"line":38,"column":30}},"38":{"start":{"line":39,"column":0},"end":{"line":39,"column":65}},"39":{"start":{"line":40,"column":0},"end":{"line":40,"column":3}},"41":{"start":{"line":42,"column":0},"end":{"line":42,"column":7}},"43":{"start":{"line":44,"column":0},"end":{"line":44,"column":55}},"44":{"start":{"line":45,"column":0},"end":{"line":45,"column":21}},"45":{"start":{"line":46,"column":0},"end":{"line":46,"column":13}},"46":{"start":{"line":47,"column":0},"end":{"line":47,"column":5}},"49":{"start":{"line":50,"column":0},"end":{"line":50,"column":32}},"50":{"start":{"line":51,"column":0},"end":{"line":51,"column":50}},"51":{"start":{"line":52,"column":0},"end":{"line":52,"column":39}},"53":{"start":{"line":54,"column":0},"end":{"line":54,"column":21}},"54":{"start":{"line":55,"column":0},"end":{"line":55,"column":71}},"55":{"start":{"line":56,"column":0},"end":{"line":56,"column":5}},"58":{"start":{"line":59,"column":0},"end":{"line":59,"column":70}},"59":{"start":{"line":60,"column":0},"end":{"line":60,"column":85}},"62":{"start":{"line":63,"column":0},"end":{"line":63,"column":80}},"63":{"start":{"line":64,"column":0},"end":{"line":64,"column":21}},"64":{"start":{"line":65,"column":0},"end":{"line":65,"column":16}},"65":{"start":{"line":66,"column":0},"end":{"line":66,"column":48}},"66":{"start":{"line":67,"column":0},"end":{"line":67,"column":8}},"67":{"start":{"line":68,"column":0},"end":{"line":68,"column":17}},"68":{"start":{"line":69,"column":0},"end":{"line":69,"column":7}},"70":{"start":{"line":71,"column":0},"end":{"line":71,"column":29}},"71":{"start":{"line":72,"column":0},"end":{"line":72,"column":53}},"72":{"start":{"line":73,"column":0},"end":{"line":73,"column":5}},"74":{"start":{"line":75,"column":0},"end":{"line":75,"column":55}},"77":{"start":{"line":78,"column":0},"end":{"line":78,"column":88}},"78":{"start":{"line":79,"column":0},"end":{"line":79,"column":21}},"79":{"start":{"line":80,"column":0},"end":{"line":80,"column":16}},"80":{"start":{"line":81,"column":0},"end":{"line":81,"column":48}},"81":{"start":{"line":82,"column":0},"end":{"line":82,"column":43}},"82":{"start":{"line":83,"column":0},"end":{"line":83,"column":8}},"83":{"start":{"line":84,"column":0},"end":{"line":84,"column":28}},"84":{"start":{"line":85,"column":0},"end":{"line":85,"column":30}},"85":{"start":{"line":86,"column":0},"end":{"line":86,"column":52}},"86":{"start":{"line":87,"column":0},"end":{"line":87,"column":33}},"87":{"start":{"line":88,"column":0},"end":{"line":88,"column":32}},"88":{"start":{"line":89,"column":0},"end":{"line":89,"column":9}},"89":{"start":{"line":90,"column":0},"end":{"line":90,"column":7}},"91":{"start":{"line":92,"column":0},"end":{"line":92,"column":33}},"92":{"start":{"line":93,"column":0},"end":{"line":93,"column":55}},"93":{"start":{"line":94,"column":0},"end":{"line":94,"column":5}},"95":{"start":{"line":96,"column":0},"end":{"line":96,"column":65}},"98":{"start":{"line":99,"column":0},"end":{"line":99,"column":35}},"99":{"start":{"line":100,"column":0},"end":{"line":100,"column":18}},"100":{"start":{"line":101,"column":0},"end":{"line":101,"column":103}},"101":{"start":{"line":102,"column":0},"end":{"line":102,"column":18}},"102":{"start":{"line":103,"column":0},"end":{"line":103,"column":50}},"103":{"start":{"line":104,"column":0},"end":{"line":104,"column":10}},"104":{"start":{"line":105,"column":0},"end":{"line":105,"column":9}},"106":{"start":{"line":107,"column":0},"end":{"line":107,"column":32}},"107":{"start":{"line":108,"column":0},"end":{"line":108,"column":62}},"108":{"start":{"line":109,"column":0},"end":{"line":109,"column":7}},"110":{"start":{"line":111,"column":0},"end":{"line":111,"column":44}},"112":{"start":{"line":113,"column":0},"end":{"line":113,"column":42}},"113":{"start":{"line":114,"column":0},"end":{"line":114,"column":14}},"114":{"start":{"line":115,"column":0},"end":{"line":115,"column":45}},"115":{"start":{"line":116,"column":0},"end":{"line":116,"column":48}},"116":{"start":{"line":117,"column":0},"end":{"line":117,"column":7}},"119":{"start":{"line":120,"column":0},"end":{"line":120,"column":62}},"120":{"start":{"line":121,"column":0},"end":{"line":121,"column":5}},"123":{"start":{"line":124,"column":0},"end":{"line":124,"column":38}},"126":{"start":{"line":127,"column":0},"end":{"line":127,"column":72}},"127":{"start":{"line":128,"column":0},"end":{"line":128,"column":27}},"128":{"start":{"line":129,"column":0},"end":{"line":129,"column":20}},"129":{"start":{"line":130,"column":0},"end":{"line":130,"column":6}},"131":{"start":{"line":132,"column":0},"end":{"line":132,"column":74}},"133":{"start":{"line":134,"column":0},"end":{"line":134,"column":33}},"134":{"start":{"line":135,"column":0},"end":{"line":135,"column":24}},"135":{"start":{"line":136,"column":0},"end":{"line":136,"column":18}},"136":{"start":{"line":137,"column":0},"end":{"line":137,"column":42}},"137":{"start":{"line":138,"column":0},"end":{"line":138,"column":43}},"138":{"start":{"line":139,"column":0},"end":{"line":139,"column":8}},"139":{"start":{"line":140,"column":0},"end":{"line":140,"column":15}},"140":{"start":{"line":141,"column":0},"end":{"line":141,"column":36}},"141":{"start":{"line":142,"column":0},"end":{"line":142,"column":7}},"142":{"start":{"line":143,"column":0},"end":{"line":143,"column":19}},"143":{"start":{"line":144,"column":0},"end":{"line":144,"column":52}},"144":{"start":{"line":145,"column":0},"end":{"line":145,"column":80}},"145":{"start":{"line":146,"column":0},"end":{"line":146,"column":3}},"146":{"start":{"line":147,"column":0},"end":{"line":147,"column":1}}},"s":{"0":1,"1":1,"2":1,"3":1,"7":1,"8":1,"9":1,"10":1,"11":1,"33":14,"34":14,"35":14,"36":14,"37":14,"38":1,"39":1,"41":13,"43":13,"44":14,"45":1,"46":1,"49":12,"50":12,"51":13,"53":14,"54":1,"55":1,"58":11,"59":14,"62":14,"63":14,"64":14,"65":14,"66":14,"67":14,"68":14,"70":14,"71":1,"72":1,"74":10,"77":10,"78":10,"79":10,"80":10,"81":10,"82":10,"83":10,"84":10,"85":14,"86":14,"87":14,"88":14,"89":14,"91":10,"92":1,"93":1,"95":9,"98":9,"99":10,"100":11,"101":11,"102":11,"103":11,"104":11,"106":11,"107":1,"108":1,"110":9,"112":11,"113":6,"114":11,"115":1,"116":1,"119":2,"120":2,"123":6,"126":14,"127":3,"128":3,"129":3,"131":14,"133":14,"134":14,"135":14,"136":14,"137":14,"138":14,"139":14,"140":14,"141":14,"142":14,"143":5,"144":5,"145":5,"146":14},"branchMap":{"0":{"type":"branch","line":34,"loc":{"start":{"line":34,"column":0},"end":{"line":147,"column":1}},"locations":[{"start":{"line":34,"column":0},"end":{"line":147,"column":1}}]},"1":{"type":"branch","line":38,"loc":{"start":{"line":38,"column":29},"end":{"line":40,"column":3}},"locations":[{"start":{"line":38,"column":29},"end":{"line":40,"column":3}}]},"2":{"type":"branch","line":40,"loc":{"start":{"line":40,"column":2},"end":{"line":45,"column":20}},"locations":[{"start":{"line":40,"column":2},"end":{"line":45,"column":20}}]},"3":{"type":"branch","line":45,"loc":{"start":{"line":45,"column":20},"end":{"line":47,"column":5}},"locations":[{"start":{"line":45,"column":20},"end":{"line":47,"column":5}}]},"4":{"type":"branch","line":47,"loc":{"start":{"line":47,"column":4},"end":{"line":52,"column":39}},"locations":[{"start":{"line":47,"column":4},"end":{"line":52,"column":39}}]},"5":{"type":"branch","line":47,"loc":{"start":{"line":47,"column":4},"end":{"line":52,"column":36}},"locations":[{"start":{"line":47,"column":4},"end":{"line":52,"column":36}}]},"6":{"type":"branch","line":52,"loc":{"start":{"line":52,"column":28},"end":{"line":52,"column":39}},"locations":[{"start":{"line":52,"column":28},"end":{"line":52,"column":39}}]},"7":{"type":"branch","line":54,"loc":{"start":{"line":54,"column":20},"end":{"line":56,"column":5}},"locations":[{"start":{"line":54,"column":20},"end":{"line":56,"column":5}}]},"8":{"type":"branch","line":56,"loc":{"start":{"line":56,"column":4},"end":{"line":60,"column":70}},"locations":[{"start":{"line":56,"column":4},"end":{"line":60,"column":70}}]},"9":{"type":"branch","line":60,"loc":{"start":{"line":60,"column":58},"end":{"line":60,"column":82}},"locations":[{"start":{"line":60,"column":58},"end":{"line":60,"column":82}}]},"10":{"type":"branch","line":69,"loc":{"start":{"line":69,"column":5},"end":{"line":71,"column":28}},"locations":[{"start":{"line":69,"column":5},"end":{"line":71,"column":28}}]},"11":{"type":"branch","line":71,"loc":{"start":{"line":71,"column":28},"end":{"line":73,"column":5}},"locations":[{"start":{"line":71,"column":28},"end":{"line":73,"column":5}}]},"12":{"type":"branch","line":73,"loc":{"start":{"line":73,"column":4},"end":{"line":86,"column":47}},"locations":[{"start":{"line":73,"column":4},"end":{"line":86,"column":47}}]},"13":{"type":"branch","line":86,"loc":{"start":{"line":86,"column":42},"end":{"line":86,"column":52}},"locations":[{"start":{"line":86,"column":42},"end":{"line":86,"column":52}}]},"14":{"type":"branch","line":90,"loc":{"start":{"line":90,"column":5},"end":{"line":127,"column":71}},"locations":[{"start":{"line":90,"column":5},"end":{"line":127,"column":71}}]},"15":{"type":"branch","line":92,"loc":{"start":{"line":92,"column":32},"end":{"line":94,"column":5}},"locations":[{"start":{"line":92,"column":32},"end":{"line":94,"column":5}}]},"16":{"type":"branch","line":94,"loc":{"start":{"line":94,"column":4},"end":{"line":100,"column":17}},"locations":[{"start":{"line":94,"column":4},"end":{"line":100,"column":17}}]},"17":{"type":"branch","line":100,"loc":{"start":{"line":100,"column":17},"end":{"line":121,"column":5}},"locations":[{"start":{"line":100,"column":17},"end":{"line":121,"column":5}}]},"18":{"type":"branch","line":105,"loc":{"start":{"line":105,"column":7},"end":{"line":107,"column":31}},"locations":[{"start":{"line":105,"column":7},"end":{"line":107,"column":31}}]},"19":{"type":"branch","line":107,"loc":{"start":{"line":107,"column":31},"end":{"line":109,"column":7}},"locations":[{"start":{"line":107,"column":31},"end":{"line":109,"column":7}}]},"20":{"type":"branch","line":109,"loc":{"start":{"line":109,"column":6},"end":{"line":113,"column":41}},"locations":[{"start":{"line":109,"column":6},"end":{"line":113,"column":41}}]},"21":{"type":"branch","line":113,"loc":{"start":{"line":113,"column":41},"end":{"line":115,"column":17}},"locations":[{"start":{"line":113,"column":41},"end":{"line":115,"column":17}}]},"22":{"type":"branch","line":115,"loc":{"start":{"line":115,"column":6},"end":{"line":121,"column":5}},"locations":[{"start":{"line":115,"column":6},"end":{"line":121,"column":5}}]},"23":{"type":"branch","line":115,"loc":{"start":{"line":115,"column":6},"end":{"line":117,"column":7}},"locations":[{"start":{"line":115,"column":6},"end":{"line":117,"column":7}}]},"24":{"type":"branch","line":115,"loc":{"start":{"line":115,"column":44},"end":{"line":117,"column":7}},"locations":[{"start":{"line":115,"column":44},"end":{"line":117,"column":7}}]},"25":{"type":"branch","line":117,"loc":{"start":{"line":117,"column":6},"end":{"line":121,"column":5}},"locations":[{"start":{"line":117,"column":6},"end":{"line":121,"column":5}}]},"26":{"type":"branch","line":121,"loc":{"start":{"line":121,"column":4},"end":{"line":127,"column":65}},"locations":[{"start":{"line":121,"column":4},"end":{"line":127,"column":65}}]},"27":{"type":"branch","line":127,"loc":{"start":{"line":127,"column":36},"end":{"line":127,"column":71}},"locations":[{"start":{"line":127,"column":36},"end":{"line":127,"column":71}}]},"28":{"type":"branch","line":127,"loc":{"start":{"line":127,"column":66},"end":{"line":130,"column":6}},"locations":[{"start":{"line":127,"column":66},"end":{"line":130,"column":6}}]},"29":{"type":"branch","line":132,"loc":{"start":{"line":132,"column":28},"end":{"line":132,"column":71}},"locations":[{"start":{"line":132,"column":28},"end":{"line":132,"column":71}}]},"30":{"type":"branch","line":132,"loc":{"start":{"line":132,"column":59},"end":{"line":132,"column":74}},"locations":[{"start":{"line":132,"column":59},"end":{"line":132,"column":74}}]},"31":{"type":"branch","line":143,"loc":{"start":{"line":143,"column":2},"end":{"line":146,"column":3}},"locations":[{"start":{"line":143,"column":2},"end":{"line":146,"column":3}}]},"32":{"type":"branch","line":120,"loc":{"start":{"line":120,"column":24},"end":{"line":120,"column":60}},"locations":[{"start":{"line":120,"column":24},"end":{"line":120,"column":60}}]}},"b":{"0":[14],"1":[1],"2":[13],"3":[1],"4":[13],"5":[12],"6":[11],"7":[1],"8":[11],"9":[0],"10":[11],"11":[1],"12":[10],"13":[0],"14":[10],"15":[1],"16":[9],"17":[11],"18":[10],"19":[1],"20":[9],"21":[6],"22":[10],"23":[3],"24":[1],"25":[2],"26":[6],"27":[3],"28":[3],"29":[3],"30":[3],"31":[5],"32":[2]},"fnMap":{"0":{"name":"handler","decl":{"start":{"line":34,"column":0},"end":{"line":147,"column":1}},"loc":{"start":{"line":34,"column":0},"end":{"line":147,"column":1}},"line":34}},"f":{"0":14}}
}
