TN:
SF:src\lib\auth\auth-options.ts
FN:42,authorize
FN:70,session
FN:76,jwt
FNF:3
FNH:3
FNDA:7,authorize
FNDA:6,session
FNDA:4,jwt
DA:1,1
DA:2,1
DA:4,1
DA:5,1
DA:6,1
DA:11,1
DA:12,1
DA:13,1
DA:14,1
DA:15,1
DA:16,1
DA:17,1
DA:18,1
DA:19,1
DA:20,1
DA:21,1
DA:22,1
DA:23,1
DA:24,1
DA:25,1
DA:26,1
DA:27,1
DA:28,1
DA:29,1
DA:30,1
DA:31,1
DA:32,1
DA:33,1
DA:34,1
DA:35,1
DA:36,1
DA:37,1
DA:38,1
DA:39,1
DA:40,1
DA:41,1
DA:42,1
DA:43,7
DA:44,3
DA:45,3
DA:47,4
DA:48,4
DA:49,4
DA:51,7
DA:52,2
DA:53,2
DA:55,2
DA:57,7
DA:58,1
DA:59,1
DA:61,1
DA:62,1
DA:63,1
DA:64,1
DA:65,1
DA:66,7
DA:67,1
DA:68,1
DA:69,1
DA:70,1
DA:71,6
DA:72,2
DA:73,2
DA:74,6
DA:75,6
DA:76,1
DA:77,4
DA:78,2
DA:79,2
DA:80,4
DA:81,4
DA:82,1
DA:83,1
DA:86,1
LF:74
LH:74
BRDA:28,0,0,1
BRDA:42,1,0,7
BRDA:43,2,0,5
BRDA:43,3,0,3
BRDA:45,4,0,4
BRDA:51,5,0,3
BRDA:51,6,0,2
BRDA:57,7,0,1
BRDA:70,8,0,6
BRDA:71,9,0,4
BRDA:71,10,0,2
BRDA:76,11,0,4
BRDA:77,12,0,2
BRF:13
BRH:13
end_of_record
TN:
SF:src\lib\auth\auth.config.ts
FN:49,authorize
FN:92,jwt
FN:108,session
FNF:3
FNH:3
FNDA:5,authorize
FNDA:2,jwt
FNDA:1,session
DA:2,1
DA:3,1
DA:4,1
DA:5,1
DA:6,1
DA:7,1
DA:32,1
DA:33,1
DA:34,1
DA:35,1
DA:36,1
DA:37,1
DA:38,1
DA:39,1
DA:40,1
DA:41,1
DA:42,1
DA:43,1
DA:44,1
DA:45,1
DA:46,1
DA:47,1
DA:48,1
DA:49,1
DA:50,5
DA:51,1
DA:52,1
DA:54,4
DA:55,4
DA:57,4
DA:58,4
DA:59,4
DA:60,4
DA:61,4
DA:62,4
DA:63,4
DA:64,4
DA:65,4
DA:66,4
DA:67,4
DA:68,4
DA:69,4
DA:71,5
DA:72,2
DA:73,2
DA:75,2
DA:77,5
DA:78,1
DA:79,1
DA:81,1
DA:82,1
DA:83,1
DA:84,1
DA:85,1
DA:86,1
DA:87,1
DA:88,5
DA:89,1
DA:90,1
DA:91,1
DA:92,1
DA:93,2
DA:94,1
DA:96,1
DA:97,1
DA:98,1
DA:99,1
DA:102,2
DA:104,2
DA:106,2
DA:107,2
DA:108,1
DA:109,1
DA:110,1
DA:111,1
DA:112,1
DA:113,1
DA:114,1
DA:115,1
DA:116,1
DA:117,1
DA:118,1
DA:119,1
DA:120,1
DA:121,1
DA:122,1
DA:123,1
DA:124,1
DA:125,1
DA:126,1
LF:90
LH:90
BRDA:49,0,0,5
BRDA:50,1,0,4
BRDA:50,2,0,1
BRDA:52,3,0,4
BRDA:71,4,0,3
BRDA:71,5,0,2
BRDA:77,6,0,1
BRDA:92,7,0,2
BRDA:93,8,0,1
BRDA:108,9,0,1
BRF:10
BRH:10
end_of_record
TN:
SF:src\lib\auth\auth.ts
FN:11,auth
FN:16,signIn
FN:20,signOut
FNF:3
FNH:3
FNDA:1,auth
FNDA:1,signIn
FNDA:1,signOut
DA:1,1
DA:2,1
DA:6,1
DA:7,1
DA:11,1
DA:12,1
DA:13,1
DA:14,1
DA:16,1
DA:17,1
DA:18,1
DA:20,1
DA:21,1
DA:22,1
LF:14
LH:14
BRDA:11,0,0,1
BRDA:16,1,0,1
BRDA:20,2,0,1
BRF:3
BRH:3
end_of_record
TN:
SF:src\lib\auth\mfa.ts
FN:7,generateMfaSecret
FN:44,generateBackupCodes
FN:55,verifyTOTP
FN:65,verifyBackupCode
FN:98,generateTOTPQRCode
FNF:5
FNH:5
FNDA:6,generateMfaSecret
FNDA:6,generateBackupCodes
FNDA:6,verifyTOTP
FNDA:11,verifyBackupCode
FNDA:1,generateTOTPQRCode
DA:1,1
DA:2,1
DA:3,1
DA:4,1
DA:7,6
DA:8,6
DA:9,6
DA:14,6
DA:16,6
DA:19,6
DA:20,6
DA:23,6
DA:26,6
DA:27,6
DA:28,6
DA:29,6
DA:30,6
DA:31,6
DA:32,6
DA:34,4
DA:35,4
DA:36,4
DA:37,4
DA:38,4
DA:39,4
DA:44,6
DA:45,6
DA:47,6
DA:48,60
DA:49,60
DA:51,6
DA:52,6
DA:55,1
DA:56,6
DA:57,6
DA:58,6
DA:59,2
DA:60,2
DA:61,2
DA:62,6
DA:65,11
DA:66,11
DA:67,11
DA:68,11
DA:69,11
DA:71,11
DA:72,5
DA:73,5
DA:75,6
DA:76,6
DA:78,11
DA:79,2
DA:80,2
DA:83,4
DA:84,4
DA:87,4
DA:88,4
DA:89,4
DA:90,4
DA:91,4
DA:92,4
DA:94,3
DA:95,3
DA:98,1
DA:99,1
DA:100,1
DA:101,1
DA:102,1
DA:103,1
DA:104,1
DA:105,1
DA:106,1
DA:107,1
LF:73
LH:73
BRDA:7,0,0,6
BRDA:19,1,0,0
BRDA:32,2,0,4
BRDA:44,3,0,6
BRDA:47,4,0,60
BRDA:55,5,0,6
BRDA:58,6,0,2
BRDA:65,7,0,11
BRDA:71,8,0,9
BRDA:71,9,0,8
BRDA:71,10,0,9
BRDA:71,11,0,5
BRDA:73,12,0,6
BRDA:78,13,0,8
BRDA:78,14,0,2
BRDA:80,15,0,4
BRDA:92,16,0,3
BRDA:98,17,0,1
BRDA:100,18,0,0
BRF:19
BRH:17
end_of_record
TN:
SF:src\lib\auth\password.ts
FN:3,hashPassword
FN:11,comparePasswords
FNF:2
FNH:2
FNDA:3,hashPassword
FNDA:5,comparePasswords
DA:1,1
DA:3,3
DA:4,3
DA:5,3
DA:6,3
DA:7,1
DA:8,1
DA:9,3
DA:11,5
DA:12,5
DA:13,5
DA:14,5
DA:15,5
DA:16,5
DA:17,5
DA:18,1
DA:19,1
DA:20,5
LF:18
LH:18
BRDA:3,0,0,3
BRDA:6,1,0,1
BRDA:11,2,0,5
BRDA:17,3,0,1
BRF:4
BRH:4
end_of_record
TN:
SF:src\lib\auth\rate-limit-client.ts
FN:30,throttle
FN:51,lastCall
FN:87,withBackoff
FNF:3
FNH:3
FNDA:3,throttle
FNDA:3,lastCall
FNDA:6,withBackoff
DA:9,1
DA:10,1
DA:11,1
DA:30,1
DA:31,3
DA:32,3
DA:33,3
DA:34,3
DA:35,3
DA:36,3
DA:38,3
DA:39,6
DA:40,6
DA:42,6
DA:43,3
DA:44,1
DA:45,1
DA:47,3
DA:48,1
DA:49,1
DA:51,3
DA:52,3
DA:53,2
DA:56,2
DA:57,3
DA:58,3
DA:59,3
DA:61,3
DA:62,3
DA:63,6
DA:64,3
DA:87,6
DA:88,6
DA:89,6
DA:90,6
DA:91,6
DA:92,6
DA:93,6
DA:94,6
DA:95,6
DA:96,6
DA:98,6
DA:100,6
DA:101,10
DA:102,10
DA:103,10
DA:104,6
DA:107,6
DA:110,6
DA:113,6
DA:114,2
DA:115,2
DA:118,4
DA:120,6
DA:121,0
DA:122,0
DA:125,4
DA:126,4
DA:127,10
DA:128,6
LF:60
LH:58
BRDA:30,0,0,3
BRDA:38,1,0,6
BRDA:42,2,0,3
BRDA:43,3,0,1
BRDA:47,4,0,1
BRDA:51,5,0,3
BRDA:52,6,0,2
BRDA:87,7,0,6
BRDA:100,8,0,10
BRDA:103,9,0,6
BRDA:110,10,0,2
BRDA:113,11,0,5
BRDA:113,12,0,2
BRDA:115,13,0,4
BRDA:120,14,0,0
BRDA:122,15,0,4
BRDA:125,16,0,4
BRF:17
BRH:16
end_of_record
TN:
SF:src\lib\auth\rate-limit-config.ts
FN:65,generateRateLimitKey
FN:69,generateIPRateLimitKey
FNF:2
FNH:2
FNDA:15,generateRateLimitKey
FNDA:14,generateIPRateLimitKey
DA:26,1
DA:27,1
DA:28,1
DA:29,1
DA:30,1
DA:31,1
DA:32,1
DA:33,1
DA:34,1
DA:35,1
DA:36,1
DA:37,1
DA:38,1
DA:39,1
DA:40,1
DA:41,1
DA:42,1
DA:43,1
DA:44,1
DA:45,1
DA:46,1
DA:47,1
DA:48,1
DA:49,1
DA:50,1
DA:51,1
DA:52,1
DA:53,1
DA:54,1
DA:55,1
DA:56,1
DA:57,1
DA:58,1
DA:59,1
DA:60,1
DA:61,1
DA:62,1
DA:65,1
DA:66,15
DA:67,15
DA:69,1
DA:70,14
DA:71,14
LF:43
LH:43
BRDA:65,0,0,15
BRDA:69,1,0,14
BRF:2
BRH:2
end_of_record
TN:
SF:src\lib\auth\rate-limit-middleware.ts
FN:21,rateLimit
FNF:1
FNH:1
FNDA:28,rateLimit
DA:9,1
DA:15,1
DA:21,28
DA:22,28
DA:23,28
DA:24,28
DA:25,28
DA:26,28
DA:27,28
DA:28,28
DA:31,28
DA:32,2
DA:33,26
DA:35,28
DA:38,28
DA:40,28
DA:42,4
DA:43,4
DA:44,4
DA:45,4
DA:48,22
DA:51,28
DA:52,8
DA:53,7
DA:56,20
DA:57,20
DA:59,20
DA:60,28
DA:61,4
DA:63,4
DA:64,4
DA:65,28
LF:32
LH:32
BRDA:21,0,0,28
BRDA:28,1,0,5
BRDA:28,2,0,5
BRDA:31,3,0,2
BRDA:32,4,0,26
BRDA:38,5,0,26
BRDA:40,6,0,4
BRDA:45,7,0,25
BRDA:45,8,0,22
BRDA:48,9,0,21
BRDA:51,10,0,8
BRDA:52,11,0,7
BRDA:53,12,0,20
BRDA:60,13,0,4
BRF:14
BRH:14
end_of_record
TN:
SF:src\lib\auth\rate-limit-storage.ts
FN:31,increment
FN:40,get
FN:49,expire
FN:57,reset
FN:76,resetRateLimit
FN:84,incrementFailedLoginAttempts
FNF:6
FNH:6
FNDA:9,increment
FNDA:4,get
FNDA:4,expire
FNDA:3,reset
FNDA:1,resetRateLimit
FNDA:5,incrementFailedLoginAttempts
DA:8,1
DA:9,1
DA:12,1
DA:13,1
DA:14,1
DA:15,1
DA:30,1
DA:31,1
DA:32,9
DA:33,9
DA:34,9
DA:35,1
DA:36,1
DA:37,1
DA:38,9
DA:40,1
DA:41,4
DA:42,4
DA:43,4
DA:44,1
DA:45,1
DA:46,1
DA:47,4
DA:49,1
DA:50,4
DA:51,4
DA:52,4
DA:53,3
DA:54,3
DA:55,4
DA:57,1
DA:58,3
DA:59,3
DA:60,3
DA:61,1
DA:62,1
DA:63,3
DA:64,1
DA:67,1
DA:76,1
DA:77,1
DA:78,1
DA:79,1
DA:84,5
DA:85,5
DA:86,5
DA:88,5
DA:89,2
DA:90,2
DA:92,5
DA:93,5
LF:51
LH:51
BRDA:31,0,0,9
BRDA:33,1,0,8
BRDA:33,2,0,2
BRDA:34,3,0,1
BRDA:40,4,0,4
BRDA:42,5,0,3
BRDA:42,6,0,2
BRDA:43,7,0,1
BRDA:49,8,0,4
BRDA:51,9,0,1
BRDA:52,10,0,3
BRDA:57,11,0,3
BRDA:59,12,0,2
BRDA:60,13,0,1
BRDA:76,14,0,1
BRDA:84,15,0,5
BRDA:88,16,0,2
BRF:17
BRH:17
end_of_record
TN:
SF:src\lib\auth\rate-limit.ts
FNF:0
FNH:0
DA:19,1
DA:28,1
DA:34,1
DA:37,1
LF:4
LH:4
BRF:0
BRH:0
end_of_record
TN:
SF:src\lib\auth\token.ts
FN:5,createToken
FN:15,generateOTP
FNF:2
FNH:2
FNDA:14,createToken
FNDA:11,generateOTP
DA:1,1
DA:5,14
DA:7,14
DA:8,14
DA:9,14
DA:12,14
DA:13,14
DA:15,11
DA:17,11
DA:18,11
LF:10
LH:10
BRDA:5,0,0,14
BRDA:15,1,0,11
BRF:2
BRH:2
end_of_record
TN:
SF:src\lib\auth\tokens.ts
FN:10,verifyPasswordResetToken
FN:24,verifyEmailToken
FN:38,createPasswordResetToken
FN:57,createEmailVerificationToken
FNF:4
FNH:4
FNDA:3,verifyPasswordResetToken
FNDA:3,verifyEmailToken
FNDA:1,createPasswordResetToken
FNDA:1,createEmailVerificationToken
DA:10,3
DA:13,3
DA:14,1
DA:15,1
DA:16,2
DA:17,2
DA:24,3
DA:27,3
DA:28,1
DA:29,1
DA:30,2
DA:31,2
DA:38,1
DA:44,1
DA:45,1
DA:46,1
DA:49,1
DA:50,1
DA:57,1
DA:63,1
DA:64,1
DA:65,1
DA:68,1
DA:69,1
LF:24
LH:24
BRDA:10,0,0,3
BRDA:13,1,0,1
BRDA:15,2,0,2
BRDA:24,3,0,3
BRDA:27,4,0,1
BRDA:29,5,0,2
BRDA:38,6,0,1
BRDA:57,7,0,1
BRF:8
BRH:8
end_of_record
TN:
SF:src\lib\auth\utils.ts
FN:6,getSessionFromReq
FNF:1
FNH:1
FNDA:15,getSessionFromReq
DA:2,1
DA:3,1
DA:6,15
DA:7,15
DA:8,15
DA:9,14
DA:10,14
DA:13,1
DA:14,1
DA:15,15
DA:17,0
DA:18,0
DA:19,15
LF:13
LH:11
BRDA:6,0,0,15
BRDA:8,1,0,14
BRDA:10,2,0,1
BRDA:15,3,0,0
BRF:4
BRH:3
end_of_record
TN:
SF:src\lib\auth\webauthn-authentication.ts
FN:28,generateWebAuthnAuthenticationOptions
FN:65,verifyWebAuthnAuthentication
FNF:2
FNH:2
FNDA:7,generateWebAuthnAuthenticationOptions
FNDA:9,verifyWebAuthnAuthentication
DA:6,1
DA:7,1
DA:20,1
DA:28,7
DA:29,7
DA:30,7
DA:31,7
DA:33,7
DA:35,5
DA:36,5
DA:37,5
DA:38,5
DA:39,5
DA:41,5
DA:42,8
DA:43,8
DA:44,8
DA:45,5
DA:46,5
DA:48,7
DA:49,7
DA:50,7
DA:51,7
DA:52,7
DA:53,7
DA:55,7
DA:56,7
DA:65,9
DA:66,9
DA:67,9
DA:68,9
DA:70,9
DA:71,9
DA:72,9
DA:73,9
DA:74,9
DA:75,9
DA:76,9
DA:77,9
DA:78,9
DA:79,9
DA:80,9
DA:81,9
DA:82,9
DA:84,9
DA:85,2
DA:86,2
DA:88,7
DA:89,7
DA:90,7
DA:91,7
DA:92,7
DA:93,7
DA:94,7
DA:95,7
DA:96,7
DA:97,7
DA:98,7
DA:100,7
DA:103,8
DA:104,5
DA:105,5
DA:106,5
DA:107,5
DA:108,5
DA:110,6
DA:111,6
LF:67
LH:67
BRDA:28,0,0,7
BRDA:33,1,0,5
BRDA:41,2,0,8
BRDA:65,3,0,9
BRDA:84,4,0,8
BRDA:84,5,0,2
BRDA:86,6,0,7
BRDA:100,7,0,6
BRDA:103,8,0,5
BRDA:108,9,0,6
BRF:10
BRH:10
end_of_record
TN:
SF:src\lib\auth\webauthn-config.ts
FN:7,getRpID
FN:23,getExpectedOrigin
FNF:2
FNH:2
FNDA:11,getRpID
FNDA:4,getExpectedOrigin
DA:7,1
DA:8,11
DA:9,9
DA:10,2
DA:11,11
DA:14,1
DA:17,1
DA:20,1
DA:23,1
DA:24,4
DA:25,4
LF:11
LH:11
BRDA:7,0,0,11
BRDA:8,1,0,9
BRDA:9,2,0,2
BRDA:23,3,0,4
BRDA:24,4,0,1
BRF:5
BRH:5
end_of_record
TN:
SF:src\lib\auth\webauthn-credentials.ts
FN:15,deleteWebAuthnCredential
FN:40,getUserCredentials
FN:64,updateCredentialFriendlyName
FNF:3
FNH:3
FNDA:6,deleteWebAuthnCredential
FNDA:2,getUserCredentials
FNDA:4,updateCredentialFriendlyName
DA:6,1
DA:15,6
DA:16,6
DA:17,6
DA:18,6
DA:19,6
DA:20,6
DA:21,6
DA:22,6
DA:23,6
DA:24,6
DA:25,6
DA:27,3
DA:28,3
DA:29,3
DA:30,3
DA:31,3
DA:32,6
DA:40,2
DA:41,2
DA:42,2
DA:43,2
DA:44,2
DA:45,2
DA:46,2
DA:47,2
DA:48,2
DA:49,2
DA:50,2
DA:51,2
DA:52,2
DA:53,2
DA:54,2
DA:55,2
DA:64,4
DA:65,4
DA:66,4
DA:67,4
DA:68,4
DA:69,4
DA:70,4
DA:71,4
DA:72,4
DA:73,4
DA:74,0
DA:75,0
DA:76,0
DA:77,4
LF:48
LH:45
BRDA:15,0,0,6
BRDA:25,1,0,3
BRDA:40,2,0,2
BRDA:64,3,0,4
BRDA:73,4,0,0
BRF:5
BRH:4
end_of_record
TN:
SF:src\lib\auth\webauthn-registration.ts
FN:31,generateWebAuthnRegistrationOptions
FN:73,verifyWebAuthnRegistration
FNF:2
FNH:2
FNDA:5,generateWebAuthnRegistrationOptions
FNDA:4,verifyWebAuthnRegistration
DA:6,1
DA:7,1
DA:21,1
DA:31,5
DA:32,5
DA:33,5
DA:34,5
DA:35,5
DA:37,5
DA:38,5
DA:39,5
DA:40,5
DA:41,5
DA:43,5
DA:44,5
DA:45,5
DA:46,5
DA:47,5
DA:48,5
DA:49,5
DA:50,5
DA:51,5
DA:52,8
DA:53,8
DA:54,8
DA:55,5
DA:56,5
DA:57,5
DA:58,5
DA:59,5
DA:60,5
DA:61,5
DA:63,5
DA:64,5
DA:73,4
DA:74,4
DA:75,4
DA:76,4
DA:77,4
DA:78,4
DA:79,4
DA:80,4
DA:81,4
DA:82,4
DA:84,4
DA:85,4
LF:46
LH:46
BRDA:31,0,0,5
BRDA:51,1,0,8
BRDA:73,2,0,4
BRF:3
BRH:3
end_of_record
TN:
SF:src\lib\auth\webauthn.ts
FNF:0
FNH:0
DA:8,1
DA:14,1
DA:20,1
DA:26,1
LF:4
LH:4
BRF:0
BRH:0
end_of_record
TN:
SF:src\lib\encryption\crypto.ts
FNF:0
FNH:0
DA:8,1
LF:1
LH:1
BRF:0
BRH:0
end_of_record
TN:
SF:src\lib\encryption\keyManager.ts
FN:34,KeyManager
FN:48,initialize
FN:56,hasKeys
FN:65,setKeys
FN:94,getPublicKey
FN:102,getSecretKey
FN:109,getKeys
FN:123,getMetadata
FN:131,setEncryptionKeyFromPassword
FN:150,getEncryptionKey
FN:162,clearEncryptionKey
FN:172,markPublicKeyAsShared
FN:183,clearKeys
FN:204,loadKeysFromStorage
FN:244,saveKeysToStorage
FN:273,saveMetadataToStorage
FN:286,getOrCreateDeviceId
FN:303,getPublicKeyForUser
FN:314,storePublicKeyForUser
FNF:19
FNH:19
FNDA:62,KeyManager
FNDA:36,initialize
FNDA:5,hasKeys
FNDA:34,setKeys
FNDA:16,getPublicKey
FNDA:16,getSecretKey
FNDA:3,getKeys
FNDA:22,getMetadata
FNDA:5,setEncryptionKeyFromPassword
FNDA:6,getEncryptionKey
FNDA:3,clearEncryptionKey
FNDA:5,markPublicKeyAsShared
FNDA:3,clearKeys
FNDA:46,loadKeysFromStorage
FNDA:33,saveKeysToStorage
FNDA:36,saveMetadataToStorage
FNDA:33,getOrCreateDeviceId
FNDA:7,getPublicKeyForUser
FNDA:7,storePublicKeyForUser
DA:1,1
DA:4,1
DA:5,1
DA:6,1
DA:7,1
DA:25,1
DA:26,1
DA:27,1
DA:28,1
DA:29,1
DA:30,1
DA:31,1
DA:32,1
DA:34,1
DA:35,62
DA:36,61
DA:37,61
DA:38,10
DA:39,10
DA:40,10
DA:41,61
DA:42,62
DA:48,1
DA:49,36
DA:50,36
DA:51,36
DA:56,1
DA:57,5
DA:58,5
DA:65,1
DA:66,34
DA:67,1
DA:68,1
DA:70,33
DA:71,33
DA:72,33
DA:74,33
DA:75,33
DA:77,33
DA:78,33
DA:79,33
DA:80,33
DA:81,33
DA:82,33
DA:83,33
DA:84,33
DA:85,33
DA:86,33
DA:88,33
DA:89,34
DA:94,1
DA:95,16
DA:96,16
DA:102,1
DA:103,16
DA:104,16
DA:109,1
DA:110,3
DA:111,2
DA:112,2
DA:114,1
DA:115,1
DA:116,1
DA:117,1
DA:118,3
DA:123,1
DA:124,22
DA:125,22
DA:131,1
DA:132,5
DA:133,1
DA:134,1
DA:136,4
DA:137,4
DA:139,4
DA:141,4
DA:142,4
DA:144,4
DA:145,5
DA:150,1
DA:152,6
DA:153,4
DA:154,4
DA:156,6
DA:157,6
DA:162,1
DA:163,3
DA:164,3
DA:165,2
DA:166,2
DA:167,3
DA:172,1
DA:173,5
DA:174,4
DA:175,4
DA:176,4
DA:177,4
DA:178,5
DA:183,1
DA:184,3
DA:185,3
DA:186,3
DA:187,3
DA:188,3
DA:190,3
DA:191,3
DA:192,3
DA:193,3
DA:194,3
DA:196,3
DA:197,3
DA:198,3
DA:199,3
DA:204,1
DA:205,46
DA:207,45
DA:209,45
DA:210,46
DA:211,12
DA:212,12
DA:215,44
DA:216,46
DA:217,9
DA:218,9
DA:221,44
DA:222,46
DA:223,11
DA:224,11
DA:227,44
DA:228,46
DA:229,10
DA:230,10
DA:233,44
DA:234,44
DA:235,44
DA:236,46
DA:237,1
DA:238,1
DA:239,46
DA:244,1
DA:245,33
DA:247,32
DA:249,32
DA:250,32
DA:251,32
DA:254,32
DA:255,32
DA:256,32
DA:259,32
DA:260,32
DA:261,32
DA:264,32
DA:265,33
DA:266,0
DA:267,0
DA:268,33
DA:273,1
DA:274,36
DA:276,36
DA:277,36
DA:278,36
DA:279,2
DA:280,2
DA:281,36
DA:286,1
DA:287,33
DA:289,32
DA:290,33
DA:291,8
DA:292,8
DA:294,24
DA:295,24
DA:296,24
DA:297,33
DA:303,1
DA:304,7
DA:306,6
DA:307,7
DA:314,1
DA:315,7
DA:317,6
DA:318,7
DA:319,1
DA:322,1
LF:184
LH:182
BRDA:322,0,0,0
BRDA:34,1,0,62
BRDA:35,2,0,61
BRDA:37,3,0,10
BRDA:48,4,0,36
BRDA:56,5,0,5
BRDA:57,6,0,2
BRDA:65,7,0,34
BRDA:66,8,0,1
BRDA:68,9,0,33
BRDA:94,10,0,16
BRDA:102,11,0,16
BRDA:109,12,0,3
BRDA:110,13,0,1
BRDA:110,14,0,2
BRDA:112,15,0,1
BRDA:123,16,0,22
BRDA:131,17,0,5
BRDA:132,18,0,1
BRDA:134,19,0,4
BRDA:150,20,0,6
BRDA:152,21,0,5
BRDA:152,22,0,4
BRDA:162,23,0,3
BRDA:164,24,0,2
BRDA:172,25,0,5
BRDA:173,26,0,4
BRDA:183,27,0,3
BRDA:204,28,0,46
BRDA:205,29,0,45
BRDA:205,30,0,1
BRDA:205,31,0,45
BRDA:210,32,0,12
BRDA:212,33,0,44
BRDA:216,34,0,9
BRDA:218,35,0,44
BRDA:222,36,0,11
BRDA:224,37,0,44
BRDA:228,38,0,10
BRDA:230,39,0,44
BRDA:236,40,0,1
BRDA:244,41,0,33
BRDA:245,42,0,32
BRDA:245,43,0,1
BRDA:245,44,0,32
BRDA:265,45,0,0
BRDA:273,46,0,36
BRDA:274,47,0,0
BRDA:278,48,0,2
BRDA:286,49,0,33
BRDA:287,50,0,1
BRDA:287,51,0,32
BRDA:290,52,0,8
BRDA:292,53,0,24
BRDA:303,54,0,7
BRDA:304,55,0,1
BRDA:304,56,0,6
BRDA:314,57,0,7
BRDA:315,58,0,1
BRDA:315,59,0,6
BRF:60
BRH:57
end_of_record
TN:
SF:src\lib\encryption\crypto\asymmetric.ts
FN:14,generateKeyPair
FN:25,encryptAsymmetric
FN:64,decryptAsymmetric
FNF:3
FNH:3
FNDA:31,generateKeyPair
FNDA:32,encryptAsymmetric
FNDA:22,decryptAsymmetric
DA:1,1
DA:3,1
DA:14,1
DA:15,31
DA:16,31
DA:25,1
DA:26,32
DA:27,32
DA:28,32
DA:29,32
DA:31,32
DA:32,32
DA:34,32
DA:35,32
DA:38,32
DA:41,32
DA:44,32
DA:47,32
DA:48,32
DA:50,32
DA:51,32
DA:52,32
DA:53,32
DA:54,32
DA:55,32
DA:64,1
DA:65,22
DA:66,22
DA:67,22
DA:68,22
DA:69,22
DA:70,2
DA:71,2
DA:74,20
DA:75,22
DA:78,22
DA:79,22
DA:80,22
DA:83,22
DA:84,22
DA:87,22
DA:90,22
DA:93,13
DA:94,13
LF:44
LH:44
BRDA:14,0,0,31
BRDA:25,1,0,32
BRDA:32,2,0,19
BRDA:32,3,0,13
BRDA:35,4,0,19
BRDA:35,5,0,13
BRDA:41,6,0,18
BRDA:41,7,0,11
BRDA:64,8,0,22
BRDA:69,9,0,4
BRDA:69,10,0,2
BRDA:71,11,0,21
BRDA:71,12,0,20
BRDA:75,13,0,10
BRDA:75,14,0,10
BRDA:78,15,0,2
BRDA:80,16,0,19
BRDA:80,17,0,1
BRDA:90,18,0,20
BRDA:90,19,0,4
BRDA:90,20,0,13
BRF:21
BRH:21
end_of_record
TN:
SF:src\lib\encryption\crypto\index.ts
FNF:0
FNH:0
DA:6,1
DA:9,1
DA:12,1
DA:15,1
DA:18,1
DA:21,1
DA:24,1
LF:7
LH:7
BRF:0
BRH:0
end_of_record
TN:
SF:src\lib\encryption\crypto\messages.ts
FN:12,createEncryptedMessage
FN:37,decryptMessage
FNF:2
FNH:2
FNDA:3,createEncryptedMessage
FNDA:4,decryptMessage
DA:1,1
DA:12,1
DA:13,3
DA:14,3
DA:15,3
DA:16,3
DA:17,3
DA:18,3
DA:19,3
DA:20,3
DA:22,3
DA:23,3
DA:24,3
DA:25,3
DA:26,3
DA:27,3
DA:28,3
DA:29,3
DA:37,1
DA:38,4
DA:39,4
DA:40,4
DA:41,4
DA:43,4
DA:45,3
DA:47,3
DA:48,4
DA:50,2
DA:51,2
DA:52,4
LF:30
LH:30
BRDA:12,0,0,3
BRDA:37,1,0,4
BRDA:43,2,0,1
BRDA:43,3,0,3
BRDA:48,4,0,2
BRF:5
BRH:5
end_of_record
TN:
SF:src\lib\encryption\crypto\preferences.ts
FN:10,encryptPreferences
FN:20,decryptPreferences
FNF:2
FNH:2
FNDA:5,encryptPreferences
FNDA:5,decryptPreferences
DA:1,1
DA:10,1
DA:11,5
DA:12,5
DA:20,1
DA:21,5
DA:23,5
DA:25,4
DA:26,4
DA:27,5
DA:28,1
DA:29,1
DA:30,5
LF:13
LH:13
BRDA:10,0,0,5
BRDA:20,1,0,5
BRDA:23,2,0,1
BRDA:23,3,0,4
BRDA:27,4,0,1
BRF:5
BRH:5
end_of_record
TN:
SF:src\lib\encryption\crypto\symmetric.ts
FN:17,encryptSymmetric
FN:43,decryptSymmetric
FNF:2
FNH:2
FNDA:43,encryptSymmetric
FNDA:26,decryptSymmetric
DA:1,1
DA:3,1
DA:17,1
DA:19,43
DA:22,43
DA:25,43
DA:28,43
DA:29,43
DA:31,43
DA:32,43
DA:33,43
DA:34,43
DA:35,43
DA:43,1
DA:44,26
DA:45,26
DA:46,26
DA:48,26
DA:51,26
DA:52,26
DA:55,26
DA:58,26
DA:61,6
DA:62,6
LF:24
LH:24
BRDA:17,0,0,43
BRDA:19,1,0,34
BRDA:19,2,0,9
BRDA:22,3,0,17
BRDA:22,4,0,25
BRDA:43,5,0,26
BRDA:48,6,0,25
BRDA:48,7,0,1
BRDA:58,8,0,22
BRDA:58,9,0,19
BRDA:58,10,0,6
BRF:11
BRH:11
end_of_record
TN:
SF:src\lib\encryption\crypto\type-helpers.ts
FN:15,validateMetadataValue
FN:37,createUserPreferences
FN:51,createEncryptedData
FN:60,createUserKeys
FN:69,createEncryptedMessage
FN:86,isValidUserPreferences
FNF:6
FNH:6
FNDA:43,validateMetadataValue
FNDA:2,createUserPreferences
FNDA:4,createEncryptedData
FNDA:2,createUserKeys
FNDA:2,createEncryptedMessage
FNDA:12,isValidUserPreferences
DA:15,1
DA:16,43
DA:17,43
DA:18,34
DA:19,27
DA:20,23
DA:21,43
DA:22,23
DA:23,23
DA:25,43
DA:26,4
DA:27,4
DA:29,43
DA:30,7
DA:31,7
DA:33,9
DA:34,9
DA:37,1
DA:38,2
DA:39,2
DA:40,2
DA:41,2
DA:42,2
DA:43,2
DA:44,2
DA:45,2
DA:46,2
DA:47,2
DA:48,2
DA:51,1
DA:52,4
DA:53,4
DA:54,4
DA:55,4
DA:56,4
DA:57,4
DA:60,1
DA:61,2
DA:62,2
DA:63,2
DA:64,2
DA:65,2
DA:66,2
DA:69,1
DA:70,2
DA:71,2
DA:72,2
DA:73,2
DA:74,2
DA:76,2
DA:77,2
DA:78,2
DA:79,2
DA:80,2
DA:81,2
DA:82,2
DA:83,2
DA:86,1
DA:87,12
DA:88,2
DA:89,2
DA:91,10
DA:94,12
DA:95,12
DA:96,12
DA:99,12
DA:100,4
DA:102,3
DA:104,3
DA:105,3
DA:106,3
DA:107,2
DA:108,2
DA:109,4
DA:110,1
DA:111,1
DA:113,2
DA:114,2
DA:115,2
DA:116,2
DA:117,2
DA:118,4
DA:119,1
DA:120,1
DA:121,4
DA:124,5
DA:125,12
DA:126,8
DA:127,1
DA:128,1
DA:129,8
DA:131,4
DA:132,4
LF:93
LH:93
BRDA:15,0,0,43
BRDA:17,1,0,34
BRDA:18,2,0,27
BRDA:19,3,0,23
BRDA:21,4,0,23
BRDA:23,5,0,20
BRDA:25,6,0,4
BRDA:27,7,0,16
BRDA:29,8,0,7
BRDA:29,9,0,7
BRDA:31,10,0,9
BRDA:26,11,0,12
BRDA:30,12,0,14
BRDA:37,13,0,2
BRDA:39,14,0,1
BRDA:41,15,0,1
BRDA:41,16,0,1
BRDA:51,17,0,4
BRDA:53,18,0,2
BRDA:60,19,0,2
BRDA:62,20,0,1
BRDA:64,21,0,1
BRDA:69,22,0,2
BRDA:78,23,0,1
BRDA:80,24,0,1
BRDA:86,25,0,12
BRDA:87,26,0,11
BRDA:87,27,0,2
BRDA:89,28,0,10
BRDA:94,29,0,3
BRDA:94,30,0,1
BRDA:94,31,0,9
BRDA:95,32,0,1
BRDA:95,33,0,0
BRDA:95,34,0,9
BRDA:96,35,0,2
BRDA:96,36,0,1
BRDA:96,37,0,8
BRDA:99,38,0,4
BRDA:100,39,0,3
BRDA:100,40,0,1
BRDA:100,41,0,3
BRDA:106,42,0,2
BRDA:109,43,0,1
BRDA:111,44,0,2
BRDA:118,45,0,1
BRDA:121,46,0,5
BRDA:125,47,0,8
BRDA:126,48,0,3
BRDA:126,49,0,1
BRDA:129,50,0,4
BRF:51
BRH:50
end_of_record
TN:
SF:src\lib\encryption\crypto\types.ts
FNF:0
FNH:0
LF:0
LH:0
BRF:0
BRH:0
end_of_record
TN:
SF:src\lib\encryption\crypto\user-keys.ts
FN:12,generateSrpCredentials
FN:25,generateUserKeys
FNF:2
FNH:2
FNDA:13,generateSrpCredentials
FNDA:6,generateUserKeys
DA:1,1
DA:2,1
DA:4,1
DA:12,1
DA:13,13
DA:14,13
DA:15,13
DA:17,13
DA:18,13
DA:25,6
DA:27,6
DA:30,6
DA:33,6
DA:35,6
DA:36,6
DA:37,6
DA:38,6
DA:39,6
DA:40,6
LF:19
LH:19
BRDA:12,0,0,13
BRDA:25,1,0,6
BRF:2
BRH:2
end_of_record
TN:
SF:src\lib\encryption\crypto\utils.ts
FN:17,generateNonce
FN:24,generateSalt
FN:31,stringToUint8Array
FN:38,uint8ArrayToString
FN:45,encodeBase64
FN:52,decodeBase64
FN:62,deriveKeyFromPassword
FNF:7
FNH:7
FNDA:33,generateNonce
FNDA:2,generateSalt
FNDA:35,stringToUint8Array
FNDA:10,uint8ArrayToString
FNDA:99,encodeBase64
FNDA:78,decodeBase64
FNDA:6,deriveKeyFromPassword
DA:1,1
DA:2,1
DA:3,1
DA:6,1
DA:7,0
DA:8,0
DA:11,1
DA:12,1
DA:17,1
DA:18,33
DA:19,33
DA:24,1
DA:25,2
DA:26,2
DA:31,1
DA:32,35
DA:33,35
DA:38,1
DA:39,10
DA:40,10
DA:45,1
DA:46,99
DA:47,99
DA:52,1
DA:53,78
DA:54,78
DA:62,6
DA:63,6
DA:64,6
DA:65,6
DA:66,6
DA:67,6
DA:68,6
DA:71,6
DA:72,6
DA:73,6
DA:74,6
DA:75,6
DA:76,6
DA:77,6
DA:80,6
DA:81,6
DA:82,6
DA:83,6
DA:84,6
DA:85,6
DA:86,6
DA:87,6
DA:88,6
DA:89,6
DA:91,6
DA:92,6
LF:52
LH:50
BRDA:6,0,0,0
BRDA:6,1,0,0
BRDA:17,2,0,33
BRDA:24,3,0,2
BRDA:31,4,0,35
BRDA:38,5,0,10
BRDA:45,6,0,99
BRDA:52,7,0,78
BRDA:62,8,0,6
BRDA:68,9,0,5
BRDA:68,10,0,1
BRF:11
BRH:9
end_of_record
TN:
SF:src\pages\api\health.ts
FN:63,handler
FNF:1
FNH:1
FNDA:4,handler
DA:2,1
DA:63,4
DA:65,4
DA:66,1
DA:67,1
DA:69,3
DA:71,3
DA:74,2
DA:75,2
DA:76,2
DA:77,4
DA:78,4
DA:79,4
DA:80,4
DA:81,1
DA:84,1
DA:85,1
DA:86,1
DA:87,1
DA:88,1
DA:89,1
DA:90,4
LF:22
LH:22
BRDA:63,0,0,4
BRDA:65,1,0,1
BRDA:67,2,0,3
BRDA:71,3,0,2
BRDA:77,4,0,1
BRDA:78,5,0,1
BRDA:80,6,0,1
BRF:7
BRH:7
end_of_record
TN:
SF:src\pages\api\hello.ts
FN:8,handler
FNF:1
FNH:1
FNDA:5,handler
DA:8,5
DA:9,5
DA:10,5
LF:3
LH:3
BRDA:8,0,0,5
BRF:1
BRH:1
end_of_record
TN:
SF:src\pages\api\test-db.ts
FN:4,handler
FNF:1
FNH:1
FNDA:3,handler
DA:1,1
DA:4,3
DA:5,3
DA:7,3
DA:8,3
DA:9,3
DA:10,3
DA:11,3
DA:12,3
DA:13,3
DA:14,3
DA:15,3
DA:18,2
DA:19,2
DA:20,2
DA:21,2
DA:22,2
DA:23,2
DA:24,2
DA:25,2
DA:26,2
DA:27,2
DA:28,2
DA:29,2
DA:31,2
DA:32,2
DA:33,2
DA:34,2
DA:35,2
DA:36,2
DA:37,2
DA:38,2
DA:39,2
DA:40,2
DA:41,2
DA:42,3
DA:43,3
DA:44,3
DA:45,3
DA:46,3
DA:47,3
DA:48,3
DA:49,3
DA:50,1
DA:51,1
DA:52,1
DA:53,1
DA:54,3
DA:55,3
DA:56,3
DA:57,3
DA:58,1
DA:59,1
DA:60,1
DA:61,3
LF:55
LH:55
BRDA:4,0,0,3
BRDA:15,1,0,2
BRDA:42,2,0,1
BRDA:43,3,0,1
BRDA:44,4,0,1
BRDA:45,5,0,1
BRDA:46,6,0,1
BRDA:47,7,0,1
BRDA:48,8,0,1
BRDA:57,9,0,1
BRDA:49,10,0,1
BRF:11
BRH:11
end_of_record
TN:
SF:src\pages\api\account\settings\appearance.ts
FN:6,handler
FNF:1
FNH:1
FNDA:9,handler
DA:2,1
DA:3,1
DA:4,1
DA:6,9
DA:7,9
DA:8,1
DA:9,1
DA:12,8
DA:13,8
DA:15,7
DA:17,7
DA:19,9
DA:20,1
DA:21,1
DA:24,6
DA:27,9
DA:28,1
DA:29,1
DA:32,5
DA:33,5
DA:34,5
DA:35,9
DA:36,1
DA:37,1
DA:40,4
DA:41,4
DA:42,4
DA:43,4
DA:44,4
DA:45,4
DA:46,4
DA:48,9
DA:49,1
DA:50,1
DA:53,3
DA:54,3
DA:55,3
DA:56,3
DA:57,3
DA:58,3
DA:59,3
DA:60,3
DA:61,3
DA:62,3
DA:64,3
DA:65,3
DA:66,3
DA:67,3
DA:68,3
DA:69,1
DA:70,1
DA:71,3
DA:74,3
DA:75,3
DA:76,3
DA:77,3
DA:78,3
DA:79,3
DA:80,3
DA:83,3
DA:84,3
DA:85,3
DA:86,3
DA:87,3
DA:88,3
DA:89,3
DA:91,2
DA:92,2
DA:93,2
DA:94,2
DA:95,9
DA:96,1
DA:97,1
DA:98,1
DA:99,9
LF:75
LH:75
BRDA:6,0,0,9
BRDA:7,1,0,1
BRDA:9,2,0,8
BRDA:13,3,0,1
BRDA:13,4,0,7
BRDA:19,5,0,6
BRDA:19,6,0,1
BRDA:21,7,0,6
BRDA:27,8,0,1
BRDA:29,9,0,5
BRDA:35,10,0,1
BRDA:37,11,0,4
BRDA:48,12,0,1
BRDA:50,13,0,3
BRDA:67,14,0,0
BRDA:68,15,0,1
BRDA:89,16,0,2
BRDA:95,17,0,1
BRF:18
BRH:17
end_of_record
TN:
SF:src\pages\api\account\settings\index.ts
FN:6,handler
FNF:1
FNH:1
FNDA:8,handler
DA:2,1
DA:3,1
DA:4,1
DA:6,8
DA:7,8
DA:8,1
DA:9,1
DA:12,7
DA:13,7
DA:15,6
DA:17,6
DA:19,8
DA:20,1
DA:21,1
DA:24,5
DA:25,5
DA:26,5
DA:27,5
DA:28,5
DA:29,5
DA:30,5
DA:32,8
DA:33,1
DA:34,1
DA:37,3
DA:38,3
DA:39,3
DA:40,3
DA:41,3
DA:42,3
DA:43,3
DA:44,3
DA:45,3
DA:46,3
DA:47,3
DA:48,3
DA:49,3
DA:50,3
DA:52,8
DA:53,2
DA:54,2
DA:55,2
DA:57,2
DA:58,2
DA:59,2
DA:60,2
DA:61,2
DA:62,2
DA:63,2
DA:64,2
DA:65,2
DA:66,2
DA:67,2
DA:68,1
DA:69,1
DA:70,2
DA:72,3
DA:73,8
DA:74,1
DA:75,1
DA:76,1
DA:77,8
LF:62
LH:62
BRDA:6,0,0,8
BRDA:7,1,0,1
BRDA:9,2,0,7
BRDA:13,3,0,1
BRDA:13,4,0,6
BRDA:19,5,0,5
BRDA:19,6,0,1
BRDA:21,7,0,5
BRDA:30,8,0,4
BRDA:32,9,0,1
BRDA:34,10,0,3
BRDA:52,11,0,2
BRDA:55,12,0,0
BRDA:67,13,0,1
BRDA:70,14,0,3
BRDA:73,15,0,1
BRF:16
BRH:15
end_of_record
TN:
SF:src\pages\api\account\settings\notifications.ts
FN:6,handler
FNF:1
FNH:1
FNDA:8,handler
DA:2,1
DA:3,1
DA:4,1
DA:6,8
DA:7,8
DA:8,1
DA:9,1
DA:12,7
DA:13,7
DA:15,6
DA:17,6
DA:19,8
DA:20,1
DA:21,1
DA:24,5
DA:27,8
DA:28,1
DA:29,1
DA:32,4
DA:33,4
DA:34,4
DA:35,4
DA:36,4
DA:37,4
DA:38,4
DA:40,8
DA:41,1
DA:42,1
DA:45,3
DA:46,3
DA:47,3
DA:48,3
DA:49,3
DA:50,3
DA:51,3
DA:52,3
DA:54,3
DA:55,3
DA:56,3
DA:57,3
DA:58,3
DA:59,1
DA:60,1
DA:61,3
DA:64,3
DA:65,3
DA:66,3
DA:67,3
DA:68,3
DA:69,3
DA:70,3
DA:73,3
DA:74,3
DA:75,3
DA:76,3
DA:77,3
DA:78,3
DA:79,3
DA:81,2
DA:82,2
DA:83,2
DA:84,2
DA:85,8
DA:86,1
DA:87,1
DA:88,1
DA:89,8
LF:67
LH:67
BRDA:6,0,0,8
BRDA:7,1,0,1
BRDA:9,2,0,7
BRDA:13,3,0,1
BRDA:13,4,0,6
BRDA:19,5,0,5
BRDA:19,6,0,1
BRDA:21,7,0,5
BRDA:27,8,0,1
BRDA:29,9,0,4
BRDA:40,10,0,1
BRDA:42,11,0,3
BRDA:57,12,0,0
BRDA:58,13,0,1
BRDA:79,14,0,2
BRDA:85,15,0,1
BRF:16
BRH:15
end_of_record
TN:
SF:src\pages\api\auth\[...nextauth].ts
FNF:0
FNH:0
DA:1,1
DA:3,1
LF:2
LH:2
BRF:0
BRH:0
end_of_record
TN:
SF:src\pages\api\auth\forgot-password.ts
FN:6,handler
FNF:1
FNH:1
FNDA:12,handler
DA:2,1
DA:3,1
DA:4,1
DA:6,12
DA:7,12
DA:8,2
DA:9,2
DA:11,10
DA:13,12
DA:14,2
DA:15,2
DA:18,8
DA:19,8
DA:22,7
DA:23,7
DA:25,6
DA:27,6
DA:28,6
DA:29,6
DA:33,12
DA:34,2
DA:35,2
DA:36,2
DA:37,2
DA:40,12
DA:41,12
DA:42,12
DA:45,12
DA:46,12
DA:47,12
DA:48,12
DA:49,12
DA:51,2
DA:52,2
DA:53,2
DA:54,2
DA:55,2
DA:56,2
DA:57,2
DA:58,12
LF:40
LH:40
BRDA:6,0,0,12
BRDA:7,1,0,2
BRDA:9,2,0,10
BRDA:13,3,0,2
BRDA:15,4,0,8
BRDA:19,5,0,1
BRDA:19,6,0,7
BRDA:23,7,0,1
BRDA:23,8,0,10
BRDA:23,9,0,6
BRDA:29,10,0,5
BRDA:33,11,0,6
BRDA:33,12,0,2
BRDA:37,13,0,3
BRDA:40,14,0,0
BRDA:40,15,0,3
BRDA:41,16,0,1
BRDA:49,17,0,2
BRF:18
BRH:17
end_of_record
TN:
SF:src\pages\api\auth\reset-password.ts
FN:5,handler
FNF:1
FNH:1
FNDA:17,handler
DA:2,1
DA:3,1
DA:5,17
DA:6,17
DA:7,2
DA:8,2
DA:10,15
DA:12,17
DA:13,3
DA:14,3
DA:17,17
DA:18,2
DA:19,2
DA:21,10
DA:23,10
DA:24,10
DA:25,10
DA:27,17
DA:28,2
DA:29,2
DA:32,17
DA:34,2
DA:35,2
DA:36,2
DA:37,2
DA:38,2
DA:41,4
DA:42,4
DA:43,4
DA:45,17
DA:46,2
DA:47,2
DA:50,2
DA:53,2
DA:54,2
DA:55,2
DA:56,2
DA:59,2
DA:60,2
DA:61,2
DA:63,2
DA:64,2
DA:65,2
DA:66,2
DA:67,2
DA:68,17
LF:46
LH:46
BRDA:5,0,0,17
BRDA:6,1,0,2
BRDA:8,2,0,16
BRDA:8,3,0,15
BRDA:12,4,0,14
BRDA:12,5,0,3
BRDA:14,6,0,12
BRDA:17,7,0,2
BRDA:19,8,0,10
BRDA:25,9,0,8
BRDA:27,10,0,2
BRDA:29,11,0,6
BRDA:32,12,0,2
BRDA:38,13,0,4
BRDA:45,14,0,2
BRF:15
BRH:15
end_of_record
TN:
SF:src\pages\api\auth\validate-reset-token.ts
FN:4,handler
FNF:1
FNH:1
FNDA:12,handler
DA:2,1
DA:4,12
DA:5,12
DA:6,2
DA:7,2
DA:9,10
DA:11,12
DA:12,2
DA:13,2
DA:15,8
DA:17,8
DA:18,8
DA:19,8
DA:21,12
DA:22,2
DA:23,2
DA:26,12
DA:28,2
DA:29,2
DA:30,2
DA:31,2
DA:32,2
DA:35,2
DA:36,2
DA:37,2
DA:38,2
DA:39,2
DA:40,12
LF:28
LH:28
BRDA:4,0,0,12
BRDA:5,1,0,2
BRDA:7,2,0,10
BRDA:11,3,0,2
BRDA:13,4,0,8
BRDA:19,5,0,6
BRDA:21,6,0,2
BRDA:23,7,0,4
BRDA:26,8,0,2
BRF:9
BRH:9
end_of_record
TN:
SF:src\pages\api\auth\verify-email.ts
FN:5,handler
FNF:1
FNH:1
FNDA:15,handler
DA:2,1
DA:3,1
DA:5,15
DA:6,15
DA:7,2
DA:8,2
DA:10,13
DA:12,15
DA:13,2
DA:14,2
DA:17,11
DA:18,11
DA:20,10
DA:22,10
DA:23,10
DA:24,10
DA:26,15
DA:27,2
DA:28,2
DA:31,15
DA:33,2
DA:34,2
DA:35,2
DA:36,2
DA:37,2
DA:40,4
DA:41,4
DA:42,4
DA:44,15
DA:45,2
DA:46,2
DA:49,2
DA:50,2
DA:51,2
DA:52,2
DA:55,2
DA:56,2
DA:57,2
DA:59,2
DA:60,2
DA:61,2
DA:62,2
DA:63,2
DA:64,15
LF:44
LH:44
BRDA:5,0,0,15
BRDA:6,1,0,2
BRDA:8,2,0,13
BRDA:12,3,0,2
BRDA:14,4,0,11
BRDA:18,5,0,1
BRDA:18,6,0,10
BRDA:24,7,0,8
BRDA:26,8,0,2
BRDA:28,9,0,6
BRDA:31,10,0,2
BRDA:37,11,0,4
BRDA:44,12,0,2
BRF:13
BRH:13
end_of_record
TN:
SF:src\pages\api\auth\mfa\challenge.ts
FN:6,handler
FNF:1
FNH:1
FNDA:10,handler
DA:2,1
DA:3,1
DA:4,1
DA:6,10
DA:7,10
DA:8,1
DA:9,1
DA:11,9
DA:13,10
DA:14,1
DA:15,1
DA:18,8
DA:19,8
DA:22,8
DA:23,8
DA:25,8
DA:27,8
DA:28,8
DA:29,8
DA:30,8
DA:31,8
DA:32,8
DA:33,8
DA:34,8
DA:35,8
DA:37,10
DA:39,1
DA:40,1
DA:43,10
DA:44,1
DA:45,1
DA:48,5
DA:50,10
DA:52,2
DA:53,10
DA:55,3
DA:56,1
DA:57,1
DA:59,2
DA:60,2
DA:62,10
DA:64,1
DA:65,1
DA:66,1
DA:69,3
DA:70,3
DA:71,3
DA:72,3
DA:73,10
DA:74,1
DA:75,1
DA:76,1
DA:77,10
LF:53
LH:53
BRDA:6,0,0,10
BRDA:7,1,0,1
BRDA:9,2,0,9
BRDA:13,3,0,8
BRDA:13,4,0,1
BRDA:15,5,0,8
BRDA:19,6,0,0
BRDA:19,7,0,8
BRDA:23,8,0,0
BRDA:23,9,0,8
BRDA:35,10,0,7
BRDA:37,11,0,1
BRDA:40,12,0,6
BRDA:43,13,0,1
BRDA:45,14,0,5
BRDA:50,15,0,2
BRDA:53,16,0,3
BRDA:55,17,0,1
BRDA:57,18,0,2
BRDA:60,19,0,4
BRDA:62,20,0,1
BRDA:66,21,0,3
BRDA:73,22,0,1
BRF:23
BRH:21
end_of_record
TN:
SF:src\pages\api\auth\mfa\disable.ts
FN:7,handler
FNF:1
FNH:1
FNDA:12,handler
DA:2,1
DA:3,1
DA:4,1
DA:5,1
DA:7,12
DA:8,12
DA:9,1
DA:10,1
DA:13,11
DA:14,11
DA:16,11
DA:18,11
DA:20,12
DA:21,2
DA:22,2
DA:24,8
DA:25,8
DA:27,12
DA:28,1
DA:29,1
DA:32,7
DA:33,7
DA:34,7
DA:35,7
DA:36,7
DA:37,7
DA:38,7
DA:39,7
DA:41,12
DA:42,1
DA:43,1
DA:45,12
DA:46,1
DA:47,1
DA:50,5
DA:52,12
DA:54,2
DA:55,12
DA:57,3
DA:58,1
DA:59,1
DA:61,2
DA:62,2
DA:64,12
DA:65,1
DA:66,1
DA:69,3
DA:70,3
DA:71,3
DA:72,3
DA:73,3
DA:74,3
DA:75,3
DA:76,3
DA:78,3
DA:79,12
DA:80,1
DA:81,1
DA:82,1
DA:83,12
LF:60
LH:60
BRDA:7,0,0,12
BRDA:8,1,0,1
BRDA:10,2,0,11
BRDA:14,3,0,0
BRDA:14,4,0,11
BRDA:18,5,0,10
BRDA:20,6,0,9
BRDA:20,7,0,2
BRDA:22,8,0,8
BRDA:27,9,0,1
BRDA:29,10,0,7
BRDA:41,11,0,1
BRDA:43,12,0,6
BRDA:45,13,0,1
BRDA:47,14,0,5
BRDA:52,15,0,2
BRDA:55,16,0,3
BRDA:57,17,0,1
BRDA:59,18,0,2
BRDA:62,19,0,4
BRDA:64,20,0,1
BRDA:66,21,0,3
BRDA:79,22,0,1
BRF:23
BRH:22
end_of_record
TN:
SF:src\pages\api\auth\mfa\setup.ts
FN:7,handler
FNF:1
FNH:1
FNDA:8,handler
DA:2,1
DA:3,1
DA:4,1
DA:5,1
DA:7,8
DA:8,8
DA:9,1
DA:10,1
DA:13,7
DA:14,7
DA:16,7
DA:18,7
DA:20,8
DA:21,2
DA:22,2
DA:24,4
DA:27,4
DA:28,4
DA:29,4
DA:30,4
DA:32,8
DA:33,1
DA:34,1
DA:36,8
DA:37,1
DA:38,1
DA:40,8
DA:41,1
DA:42,1
DA:45,1
DA:47,1
DA:48,1
DA:49,1
DA:50,1
DA:51,1
DA:52,1
DA:53,1
DA:54,1
DA:55,1
DA:56,8
LF:40
LH:40
BRDA:7,0,0,8
BRDA:8,1,0,1
BRDA:10,2,0,7
BRDA:14,3,0,0
BRDA:14,4,0,7
BRDA:18,5,0,6
BRDA:20,6,0,5
BRDA:20,7,0,2
BRDA:22,8,0,4
BRDA:32,9,0,1
BRDA:34,10,0,3
BRDA:36,11,0,1
BRDA:38,12,0,2
BRDA:40,13,0,1
BRF:14
BRH:13
end_of_record
TN:
SF:src\pages\api\auth\mfa\validate.ts
FN:6,handler
FNF:1
FNH:1
FNDA:10,handler
DA:2,1
DA:3,1
DA:4,1
DA:6,10
DA:7,10
DA:8,1
DA:9,1
DA:12,9
DA:13,9
DA:15,9
DA:16,9
DA:18,10
DA:19,1
DA:20,1
DA:23,8
DA:24,8
DA:25,8
DA:26,8
DA:27,8
DA:28,8
DA:29,8
DA:30,8
DA:32,10
DA:33,1
DA:34,1
DA:36,10
DA:37,1
DA:38,1
DA:41,5
DA:43,10
DA:45,2
DA:46,10
DA:48,3
DA:49,1
DA:50,1
DA:52,2
DA:53,2
DA:55,10
DA:56,1
DA:57,1
DA:59,3
DA:60,3
DA:61,3
DA:62,3
DA:63,10
DA:64,1
DA:65,1
DA:66,1
DA:67,10
LF:49
LH:49
BRDA:6,0,0,10
BRDA:7,1,0,1
BRDA:9,2,0,9
BRDA:13,3,0,0
BRDA:13,4,0,9
BRDA:18,5,0,8
BRDA:18,6,0,1
BRDA:20,7,0,8
BRDA:30,8,0,7
BRDA:32,9,0,1
BRDA:34,10,0,6
BRDA:36,11,0,1
BRDA:38,12,0,5
BRDA:43,13,0,2
BRDA:46,14,0,3
BRDA:48,15,0,1
BRDA:50,16,0,2
BRDA:53,17,0,4
BRDA:55,18,0,1
BRDA:57,19,0,3
BRDA:63,20,0,1
BRF:21
BRH:20
end_of_record
TN:
SF:src\pages\api\auth\mfa\verify.ts
FN:7,handler
FNF:1
FNH:1
FNDA:9,handler
DA:2,1
DA:3,1
DA:4,1
DA:5,1
DA:7,9
DA:8,9
DA:9,1
DA:10,1
DA:13,8
DA:14,8
DA:16,8
DA:18,8
DA:20,9
DA:21,2
DA:22,2
DA:24,5
DA:25,5
DA:27,9
DA:28,1
DA:29,1
DA:32,4
DA:33,4
DA:34,4
DA:35,4
DA:37,9
DA:38,1
DA:39,1
DA:41,9
DA:42,1
DA:43,1
DA:46,2
DA:48,9
DA:49,1
DA:50,1
DA:53,1
DA:54,1
DA:55,1
DA:56,1
DA:57,1
DA:58,1
DA:59,1
DA:61,1
DA:62,1
DA:63,1
DA:64,1
DA:65,1
DA:66,9
LF:47
LH:47
BRDA:7,0,0,9
BRDA:8,1,0,1
BRDA:10,2,0,8
BRDA:14,3,0,0
BRDA:14,4,0,8
BRDA:18,5,0,7
BRDA:20,6,0,6
BRDA:20,7,0,2
BRDA:22,8,0,5
BRDA:27,9,0,4
BRDA:27,10,0,1
BRDA:29,11,0,4
BRDA:37,12,0,1
BRDA:39,13,0,3
BRDA:41,14,0,1
BRDA:43,15,0,2
BRDA:48,16,0,1
BRF:17
BRH:16
end_of_record
TN:
SF:src\pages\api\auth\register\index.ts
FN:5,handler
FNF:1
FNH:1
FNDA:6,handler
DA:2,1
DA:3,1
DA:5,6
DA:6,6
DA:7,1
DA:8,1
DA:10,5
DA:11,5
DA:14,6
DA:15,1
DA:16,1
DA:18,6
DA:19,1
DA:20,1
DA:23,3
DA:24,3
DA:25,3
DA:27,6
DA:28,1
DA:29,1
DA:32,1
DA:35,1
DA:36,1
DA:37,1
DA:38,1
DA:39,1
DA:40,1
DA:41,1
DA:42,1
DA:53,1
DA:54,1
DA:55,1
DA:56,1
DA:57,1
DA:58,1
DA:59,1
DA:60,1
DA:61,1
DA:62,1
DA:63,1
DA:64,1
DA:65,6
LF:42
LH:42
BRDA:5,0,0,6
BRDA:6,1,0,1
BRDA:8,2,0,5
BRDA:14,3,0,4
BRDA:14,4,0,1
BRDA:16,5,0,4
BRDA:18,6,0,1
BRDA:20,7,0,3
BRDA:25,8,0,2
BRDA:27,9,0,1
BRF:10
BRH:10
end_of_record
TN:
SF:src\pages\api\auth\webauthn\login-options.ts
FN:8,handler
FNF:1
FNH:1
FNDA:4,handler
DA:2,1
DA:3,1
DA:6,1
DA:8,4
DA:9,4
DA:10,1
DA:11,1
DA:14,3
DA:15,3
DA:17,2
DA:20,2
DA:23,1
DA:26,1
DA:29,1
DA:30,1
DA:31,0
DA:32,0
DA:33,1
DA:34,1
DA:37,1
DA:38,1
DA:39,1
DA:40,1
DA:41,1
DA:42,1
DA:43,1
DA:44,1
DA:45,4
LF:28
LH:26
BRDA:8,0,0,4
BRDA:9,1,0,1
BRDA:11,2,0,3
BRDA:15,3,0,2
BRDA:15,4,0,1
BRDA:20,5,0,1
BRF:6
BRH:6
end_of_record
TN:
SF:src\pages\api\auth\webauthn\login-verify.ts
FN:8,handler
FNF:1
FNH:1
FNDA:19,handler
DA:1,1
DA:2,1
DA:3,1
DA:5,1
DA:6,1
DA:8,19
DA:9,19
DA:10,3
DA:11,3
DA:14,16
DA:15,16
DA:17,15
DA:18,15
DA:20,19
DA:21,3
DA:22,3
DA:25,12
DA:26,19
DA:27,2
DA:28,2
DA:29,2
DA:30,2
DA:33,10
DA:36,9
DA:38,19
DA:39,3
DA:40,3
DA:43,19
DA:44,5
DA:45,4
DA:48,5
DA:50,19
DA:52,3
DA:53,3
DA:54,3
DA:55,3
DA:56,3
DA:57,3
DA:58,3
DA:59,3
DA:62,1
DA:63,1
DA:64,1
DA:65,1
DA:66,1
DA:67,1
DA:68,1
DA:69,18
DA:70,3
DA:71,3
DA:72,3
DA:73,19
LF:52
LH:52
BRDA:8,0,0,19
BRDA:9,1,0,3
BRDA:11,2,0,16
BRDA:15,3,0,1
BRDA:15,4,0,15
BRDA:20,5,0,14
BRDA:20,6,0,3
BRDA:22,7,0,12
BRDA:26,8,0,2
BRDA:30,9,0,10
BRDA:33,10,0,9
BRDA:38,11,0,8
BRDA:38,12,0,3
BRDA:40,13,0,6
BRDA:43,14,0,5
BRDA:44,15,0,4
BRDA:48,16,0,4
BRDA:50,17,0,3
BRDA:59,18,0,18
BRDA:59,19,0,1
BRDA:69,20,0,3
BRF:21
BRH:21
end_of_record
TN:
SF:src\pages\api\auth\webauthn\register-options.ts
FN:14,handler
FNF:1
FNH:1
FNDA:11,handler
DA:2,1
DA:3,1
DA:4,1
DA:5,1
DA:9,1
DA:12,1
DA:14,11
DA:15,11
DA:16,2
DA:17,2
DA:20,9
DA:21,9
DA:23,8
DA:25,8
DA:27,11
DA:28,2
DA:29,2
DA:31,6
DA:33,11
DA:34,2
DA:35,2
DA:38,11
DA:41,3
DA:42,3
DA:45,3
DA:46,0
DA:47,3
DA:50,3
DA:51,3
DA:52,3
DA:53,3
DA:54,11
DA:55,1
DA:56,1
DA:57,1
DA:58,11
LF:36
LH:35
BRDA:14,0,0,11
BRDA:15,1,0,2
BRDA:17,2,0,9
BRDA:21,3,0,1
BRDA:21,4,0,8
BRDA:27,5,0,6
BRDA:27,6,0,9
BRDA:27,7,0,2
BRDA:29,8,0,6
BRDA:33,9,0,5
BRDA:33,10,0,2
BRDA:35,11,0,4
BRDA:38,12,0,1
BRDA:38,13,0,3
BRDA:54,14,0,1
BRF:15
BRH:15
end_of_record
TN:
SF:src\pages\api\auth\webauthn\register-verify.ts
FN:8,handler
FNF:1
FNH:1
FNDA:15,handler
DA:2,1
DA:3,1
DA:4,1
DA:5,1
DA:6,1
DA:8,15
DA:9,15
DA:10,2
DA:11,2
DA:14,13
DA:15,13
DA:17,12
DA:19,12
DA:21,15
DA:22,2
DA:23,2
DA:25,10
DA:27,15
DA:28,2
DA:29,2
DA:32,8
DA:33,15
DA:34,2
DA:35,2
DA:36,2
DA:37,2
DA:40,6
DA:43,5
DA:45,15
DA:46,1
DA:47,1
DA:50,15
DA:51,1
DA:52,1
DA:54,3
DA:56,3
DA:57,3
DA:58,3
DA:59,3
DA:60,3
DA:61,3
DA:62,15
DA:63,15
DA:64,15
DA:65,15
DA:66,15
DA:67,15
DA:70,3
DA:71,3
DA:72,3
DA:74,3
DA:75,3
DA:76,3
DA:77,3
DA:78,15
DA:79,1
DA:80,1
DA:81,1
DA:82,15
LF:59
LH:59
BRDA:8,0,0,15
BRDA:9,1,0,2
BRDA:11,2,0,13
BRDA:15,3,0,1
BRDA:15,4,0,12
BRDA:21,5,0,10
BRDA:21,6,0,2
BRDA:23,7,0,13
BRDA:23,8,0,10
BRDA:27,9,0,8
BRDA:27,10,0,2
BRDA:29,11,0,8
BRDA:33,12,0,12
BRDA:33,13,0,2
BRDA:37,14,0,6
BRDA:40,15,0,5
BRDA:45,16,0,1
BRDA:47,17,0,4
BRDA:50,18,0,1
BRDA:52,19,0,3
BRDA:62,20,0,0
BRDA:63,21,0,3
BRDA:63,22,0,1
BRDA:64,23,0,0
BRDA:67,24,0,3
BRDA:78,25,0,1
BRF:26
BRH:24
end_of_record
TN:
SF:src\pages\api\auth\webauthn\credentials\[id].ts
FN:6,handler
FNF:1
FNH:0
FNDA:0,handler
DA:2,1
DA:3,1
DA:4,1
DA:6,0
DA:7,0
DA:8,0
DA:9,0
DA:12,0
DA:13,0
DA:15,0
DA:17,0
DA:18,0
DA:19,0
DA:21,0
DA:23,0
DA:25,0
DA:26,0
DA:27,0
DA:29,0
DA:32,0
DA:33,0
DA:34,0
DA:35,0
DA:36,0
DA:37,0
DA:39,0
DA:40,0
DA:41,0
DA:44,0
DA:45,0
DA:46,0
DA:49,0
DA:50,0
DA:51,0
DA:52,0
DA:53,0
DA:56,0
DA:57,0
DA:58,0
DA:59,0
DA:60,0
DA:62,0
DA:63,0
DA:64,0
DA:65,0
DA:66,0
DA:67,0
LF:47
LH:3
BRF:0
BRH:0
end_of_record
TN:
SF:src\pages\api\auth\webauthn\credentials\index.ts
FN:6,handler
FNF:1
FNH:0
FNDA:0,handler
DA:1,1
DA:2,1
DA:3,1
DA:6,0
DA:7,0
DA:8,0
DA:9,0
DA:12,0
DA:13,0
DA:15,0
DA:17,0
DA:19,0
DA:20,0
DA:21,0
DA:24,0
DA:25,0
DA:26,0
DA:27,0
DA:28,0
DA:29,0
DA:30,0
DA:31,0
DA:32,0
DA:33,0
DA:34,0
DA:35,0
DA:37,0
DA:38,0
DA:39,0
DA:40,0
DA:41,0
DA:42,0
DA:43,0
DA:44,0
LF:34
LH:3
BRF:0
BRH:0
end_of_record
TN:
SF:src\pages\api\dashboard\stats.ts
FN:132,formatActivity
FNF:1
FNH:1
FNDA:6,formatActivity
DA:1,1
DA:2,1
DA:3,1
DA:93,1
DA:94,1
DA:95,1
DA:96,1
DA:97,1
DA:98,1
DA:99,1
DA:100,1
DA:101,1
DA:102,1
DA:103,1
DA:104,1
DA:105,1
DA:106,1
DA:107,1
DA:108,1
DA:109,1
DA:132,6
DA:133,6
DA:134,4
DA:135,4
DA:136,4
DA:137,4
DA:138,4
DA:139,4
DA:140,4
DA:141,6
DA:142,6
DA:144,1
DA:145,1
DA:146,1
DA:147,1
DA:148,1
DA:149,1
DA:150,1
DA:151,12
DA:153,12
DA:154,2
DA:155,2
DA:158,10
DA:160,10
DA:161,10
DA:162,10
DA:165,10
DA:166,10
DA:167,10
DA:168,10
DA:169,10
DA:170,10
DA:171,10
DA:174,10
DA:175,10
DA:176,10
DA:177,10
DA:178,10
DA:179,10
DA:180,10
DA:183,10
DA:184,10
DA:185,10
DA:186,10
DA:187,10
DA:188,10
DA:189,10
DA:190,10
DA:191,10
DA:192,10
DA:193,10
DA:194,10
DA:195,10
DA:196,10
DA:197,10
DA:198,10
DA:199,10
DA:200,10
DA:201,10
DA:204,6
DA:207,6
DA:208,6
DA:209,6
DA:210,6
DA:211,6
DA:212,6
DA:213,6
DA:216,6
DA:217,6
DA:218,12
DA:219,2
DA:222,2
DA:225,6
DA:226,6
DA:227,6
DA:229,6
DA:230,2
DA:231,2
DA:234,4
DA:235,4
DA:236,4
DA:237,2
DA:238,2
DA:239,6
DA:241,2
DA:242,2
DA:243,2
DA:244,2
DA:245,2
DA:247,2
DA:248,2
DA:249,12
DA:250,1
LF:113
LH:113
BRDA:132,0,0,6
BRDA:133,1,0,4
BRDA:150,2,0,12
BRDA:153,3,0,2
BRDA:155,4,0,10
BRDA:201,5,0,6
BRDA:218,6,0,2
BRDA:222,7,0,6
BRDA:229,8,0,2
BRDA:231,9,0,4
BRDA:236,10,0,2
BRDA:237,11,0,2
BRDA:239,12,0,2
BRF:13
BRH:13
end_of_record
TN:
SF:src\pages\api\messages\secure.ts
FN:1,(empty-report)
FNF:1
FNH:0
FNDA:0,(empty-report)
DA:1,0
DA:2,0
DA:90,0
DA:91,0
DA:93,0
DA:94,0
DA:95,0
DA:96,0
DA:97,0
DA:98,0
DA:100,0
DA:102,0
DA:104,0
DA:105,0
DA:106,0
DA:107,0
DA:108,0
DA:109,0
DA:111,0
DA:113,0
DA:114,0
DA:115,0
DA:117,0
DA:118,0
DA:119,0
DA:120,0
DA:121,0
DA:122,0
DA:125,0
DA:126,0
DA:127,0
DA:129,0
DA:130,0
DA:131,0
DA:132,0
DA:133,0
DA:134,0
DA:137,0
DA:138,0
DA:139,0
DA:140,0
DA:141,0
DA:142,0
DA:143,0
DA:144,0
DA:145,0
DA:146,0
DA:147,0
DA:148,0
DA:150,0
DA:151,0
DA:152,0
DA:153,0
DA:154,0
DA:155,0
DA:156,0
DA:157,0
DA:158,0
DA:159,0
DA:160,0
DA:161,0
DA:162,0
DA:163,0
DA:164,0
DA:165,0
DA:167,0
DA:168,0
DA:169,0
DA:172,0
DA:173,0
DA:174,0
DA:177,0
DA:178,0
DA:179,0
DA:180,0
DA:181,0
DA:182,0
DA:183,0
DA:184,0
DA:185,0
DA:186,0
DA:187,0
DA:188,0
DA:191,0
DA:192,0
DA:193,0
DA:194,0
DA:195,0
DA:196,0
DA:197,0
DA:198,0
DA:199,0
DA:200,0
DA:201,0
DA:202,0
DA:203,0
DA:204,0
DA:205,0
DA:206,0
DA:207,0
DA:208,0
DA:209,0
DA:210,0
DA:211,0
DA:212,0
DA:213,0
DA:214,0
DA:217,0
DA:218,0
DA:219,0
DA:221,0
DA:222,0
DA:223,0
DA:224,0
DA:225,0
DA:226,0
DA:227,0
DA:228,0
DA:229,0
DA:230,0
DA:231,0
DA:232,0
DA:233,0
DA:234,0
DA:235,0
DA:236,0
DA:237,0
DA:238,0
DA:239,0
DA:240,0
DA:241,0
DA:243,0
DA:244,0
DA:245,0
DA:246,0
DA:247,0
DA:248,0
DA:249,0
LF:138
LH:0
BRDA:1,0,0,0
BRF:1
BRH:0
end_of_record
TN:
SF:src\pages\api\moods\user.ts
FN:6,handler
FNF:1
FNH:1
FNDA:7,handler
DA:2,1
DA:3,1
DA:4,1
DA:6,7
DA:7,7
DA:8,1
DA:9,1
DA:12,6
DA:13,6
DA:15,5
DA:17,5
DA:19,7
DA:20,1
DA:21,1
DA:24,7
DA:25,7
DA:26,7
DA:29,7
DA:30,7
DA:31,7
DA:32,7
DA:33,7
DA:34,7
DA:35,7
DA:36,7
DA:37,7
DA:38,7
DA:39,7
DA:40,7
DA:41,7
DA:42,7
DA:45,3
DA:46,3
DA:47,3
DA:49,3
DA:50,3
DA:51,3
DA:52,3
DA:53,3
DA:54,3
DA:55,3
DA:56,3
DA:57,3
DA:58,7
DA:59,1
DA:60,1
DA:61,1
DA:62,7
LF:48
LH:48
BRDA:6,0,0,7
BRDA:7,1,0,1
BRDA:9,2,0,6
BRDA:13,3,0,1
BRDA:13,4,0,5
BRDA:19,5,0,4
BRDA:19,6,0,1
BRDA:21,7,0,4
BRDA:24,8,0,2
BRDA:25,9,0,2
BRDA:42,10,0,3
BRDA:58,11,0,1
BRF:12
BRH:12
end_of_record
TN:
SF:src\pages\api\profile\encrypted-preferences.ts
FN:62,handler
FNF:1
FNH:1
FNDA:12,handler
DA:1,1
DA:3,1
DA:62,1
DA:63,12
DA:65,12
DA:66,1
DA:67,1
DA:68,1
DA:69,1
DA:70,1
DA:73,12
DA:74,4
DA:76,4
DA:77,4
DA:78,4
DA:80,4
DA:81,1
DA:82,1
DA:83,1
DA:84,1
DA:85,1
DA:88,3
DA:89,3
DA:90,3
DA:92,4
DA:93,1
DA:94,1
DA:95,1
DA:96,1
DA:97,1
DA:99,1
DA:100,1
DA:101,1
DA:102,1
DA:103,1
DA:104,1
DA:105,1
DA:106,1
DA:107,1
DA:108,1
DA:109,1
DA:110,1
DA:111,1
DA:112,1
DA:113,1
DA:114,4
DA:116,7
DA:117,5
DA:118,5
DA:120,5
DA:121,1
DA:122,1
DA:123,1
DA:124,1
DA:125,1
DA:128,4
DA:129,4
DA:130,4
DA:132,5
DA:133,1
DA:134,1
DA:135,1
DA:136,1
DA:137,1
DA:140,3
DA:141,3
DA:142,3
DA:144,2
DA:146,5
DA:148,1
DA:149,1
DA:150,1
DA:151,1
DA:152,1
DA:153,1
DA:154,1
DA:155,1
DA:156,1
DA:158,1
DA:159,1
DA:160,1
DA:161,1
DA:162,1
DA:163,1
DA:164,1
DA:165,1
DA:167,2
DA:168,2
DA:169,2
DA:170,2
DA:171,2
DA:172,2
DA:173,2
DA:174,5
DA:175,1
DA:176,1
DA:177,1
DA:178,1
DA:179,1
DA:180,1
DA:181,7
DA:182,2
DA:183,2
DA:184,2
DA:185,2
DA:186,2
DA:187,12
DA:189,1
DA:190,1
DA:191,1
DA:192,1
DA:193,1
DA:194,1
DA:195,1
LF:114
LH:114
BRDA:62,0,0,12
BRDA:65,1,0,1
BRDA:70,2,0,11
BRDA:73,3,0,4
BRDA:80,4,0,1
BRDA:85,5,0,3
BRDA:90,6,0,2
BRDA:92,7,0,1
BRDA:114,8,0,7
BRDA:116,9,0,5
BRDA:120,10,0,4
BRDA:120,11,0,1
BRDA:125,12,0,4
BRDA:132,13,0,1
BRDA:137,14,0,3
BRDA:142,15,0,2
BRDA:146,16,0,1
BRDA:165,17,0,2
BRDA:174,18,0,1
BRDA:181,19,0,2
BRF:20
BRH:20
end_of_record
TN:
SF:src\pages\api\profile\preferences.ts
FN:202,parsePreferences
FNF:1
FNH:1
FNDA:7,parsePreferences
DA:1,1
DA:2,1
DA:3,1
DA:176,1
DA:177,1
DA:178,1
DA:179,1
DA:180,1
DA:181,1
DA:182,1
DA:183,1
DA:188,1
DA:189,1
DA:190,1
DA:191,1
DA:192,1
DA:193,1
DA:194,1
DA:195,1
DA:202,7
DA:203,7
DA:204,2
DA:205,2
DA:207,5
DA:208,5
DA:210,5
DA:211,7
DA:213,1
DA:214,1
DA:215,1
DA:216,7
DA:218,1
DA:219,1
DA:220,1
DA:221,1
DA:222,1
DA:223,1
DA:224,1
DA:225,18
DA:227,18
DA:228,1
DA:229,1
DA:232,18
DA:233,5
DA:234,5
DA:235,5
DA:236,5
DA:237,5
DA:238,5
DA:240,5
DA:241,1
DA:242,1
DA:245,3
DA:247,3
DA:248,3
DA:251,18
DA:252,10
DA:254,10
DA:257,10
DA:258,2
DA:259,2
DA:260,2
DA:261,2
DA:264,6
DA:265,6
DA:266,6
DA:267,6
DA:269,10
DA:270,0
DA:271,0
DA:274,4
DA:277,4
DA:278,4
DA:279,2
DA:280,2
DA:283,10
DA:284,10
DA:285,10
DA:286,10
DA:287,10
DA:288,10
DA:290,4
DA:291,4
DA:292,4
DA:293,4
DA:294,4
DA:295,4
DA:296,2
DA:297,2
DA:298,2
DA:299,2
DA:300,10
DA:303,2
DA:304,18
DA:306,9
DA:307,0
DA:308,0
DA:309,9
DA:310,6
DA:311,6
DA:313,3
DA:314,3
DA:315,3
DA:316,18
DA:317,1
LF:105
LH:101
BRDA:202,0,0,7
BRDA:203,1,0,2
BRDA:205,2,0,5
BRDA:211,3,0,1
BRDA:224,4,0,18
BRDA:227,5,0,1
BRDA:229,6,0,17
BRDA:232,7,0,5
BRDA:238,8,0,4
BRDA:240,9,0,1
BRDA:242,10,0,3
BRDA:248,11,0,12
BRDA:251,12,0,5
BRDA:251,13,0,10
BRDA:257,14,0,2
BRDA:261,15,0,6
BRDA:267,16,0,4
BRDA:269,17,0,0
BRDA:271,18,0,4
BRDA:278,19,0,2
BRDA:279,20,0,2
BRDA:288,21,0,4
BRDA:295,22,0,2
BRDA:300,23,0,2
BRDA:304,24,0,9
BRDA:306,25,0,0
BRDA:309,26,0,6
BRDA:311,27,0,3
BRF:28
BRH:26
end_of_record
TN:
SF:src\pages\api\profile\setup-encryption.ts
FN:56,handler
FNF:1
FNH:1
FNDA:10,handler
DA:2,1
DA:3,1
DA:56,1
DA:57,10
DA:59,10
DA:60,1
DA:61,1
DA:62,1
DA:63,1
DA:64,1
DA:66,10
DA:67,1
DA:68,1
DA:69,1
DA:70,1
DA:71,1
DA:74,8
DA:76,10
DA:77,2
DA:78,2
DA:79,2
DA:80,2
DA:81,2
DA:83,6
DA:85,6
DA:87,5
DA:88,5
DA:89,5
DA:91,5
DA:93,3
DA:94,3
DA:95,3
DA:96,3
DA:97,3
DA:98,3
DA:99,3
DA:100,3
DA:103,3
DA:104,2
DA:106,2
DA:107,2
DA:108,2
DA:110,2
DA:111,1
DA:112,1
DA:113,1
DA:114,1
DA:115,1
DA:116,1
DA:117,1
DA:118,1
DA:119,1
DA:120,1
DA:121,1
DA:122,1
DA:123,1
DA:124,1
DA:125,1
DA:126,1
DA:127,1
DA:128,2
DA:130,3
DA:131,5
DA:133,2
DA:134,2
DA:135,2
DA:136,2
DA:137,2
DA:138,2
DA:139,2
DA:140,2
DA:143,2
DA:144,1
DA:146,1
DA:147,1
DA:148,1
DA:149,1
DA:150,1
DA:151,1
DA:152,1
DA:153,1
DA:154,1
DA:156,2
DA:157,2
DA:158,6
DA:160,5
DA:161,5
DA:162,5
DA:163,3
DA:164,2
DA:165,10
DA:166,10
DA:167,10
DA:168,10
DA:169,10
DA:170,10
DA:171,10
DA:172,10
DA:173,1
DA:174,1
DA:175,1
DA:176,1
DA:177,1
DA:178,1
DA:179,10
DA:181,1
DA:182,1
DA:183,1
DA:184,1
DA:185,1
DA:186,1
DA:187,1
LF:112
LH:112
BRDA:56,0,0,10
BRDA:59,1,0,1
BRDA:64,2,0,9
BRDA:66,3,0,1
BRDA:71,4,0,8
BRDA:76,5,0,7
BRDA:76,6,0,2
BRDA:81,7,0,6
BRDA:158,8,0,5
BRDA:162,9,0,3
BRDA:163,10,0,2
BRDA:172,11,0,1
BRDA:85,12,0,5
BRDA:91,13,0,3
BRDA:103,14,0,2
BRDA:110,15,0,1
BRDA:131,16,0,2
BRDA:143,17,0,1
BRF:18
BRH:18
end_of_record
TN:
SF:src\pages\api\profile\update.ts
FN:6,handler
FNF:1
FNH:1
FNDA:14,handler
DA:2,1
DA:3,1
DA:4,1
DA:6,14
DA:7,14
DA:8,2
DA:9,2
DA:12,12
DA:13,12
DA:15,9
DA:17,9
DA:19,14
DA:20,2
DA:21,2
DA:23,7
DA:26,14
DA:27,2
DA:28,2
DA:31,5
DA:32,5
DA:33,5
DA:34,12
DA:35,14
DA:36,14
DA:37,14
DA:38,14
DA:39,14
DA:40,14
DA:41,14
DA:42,14
DA:43,14
DA:44,14
DA:45,14
DA:46,14
DA:48,3
DA:49,3
DA:50,3
DA:51,3
DA:52,8
DA:53,2
DA:54,2
DA:55,2
DA:56,14
LF:43
LH:43
BRDA:6,0,0,14
BRDA:7,1,0,2
BRDA:9,2,0,12
BRDA:13,3,0,3
BRDA:13,4,0,12
BRDA:13,5,0,9
BRDA:19,6,0,7
BRDA:19,7,0,12
BRDA:19,8,0,2
BRDA:21,9,0,7
BRDA:26,10,0,4
BRDA:26,11,0,12
BRDA:26,12,0,2
BRDA:28,13,0,5
BRDA:34,14,0,1
BRDA:35,15,0,3
BRDA:36,16,0,3
BRDA:46,17,0,8
BRDA:46,18,0,3
BRDA:52,19,0,2
BRF:20
BRH:20
end_of_record
TN:
SF:src\pages\api\streaming\notifications.ts
FN:20,notifyUser
FN:64,streamCallback
FNF:2
FNH:2
FNDA:6,notifyUser
FNDA:10,streamCallback
DA:1,1
DA:2,1
DA:15,1
DA:20,1
DA:21,6
DA:23,6
DA:24,6
DA:25,10
DA:26,10
DA:27,10
DA:28,2
DA:29,2
DA:30,6
DA:31,6
DA:32,6
DA:34,1
DA:35,1
DA:36,1
DA:37,1
DA:38,1
DA:39,1
DA:40,1
DA:41,14
DA:42,2
DA:43,2
DA:46,12
DA:47,12
DA:48,12
DA:49,12
DA:52,12
DA:53,12
DA:54,12
DA:55,12
DA:56,12
DA:59,14
DA:60,6
DA:61,6
DA:64,12
DA:65,10
DA:66,10
DA:69,14
DA:72,14
DA:73,2
DA:75,2
DA:76,2
DA:79,2
DA:80,0
DA:81,0
DA:82,2
DA:83,14
DA:86,14
DA:87,4
DA:88,2
DA:89,2
DA:90,2
DA:91,2
DA:92,2
DA:93,2
DA:94,14
DA:95,14
DA:96,1
LF:61
LH:59
BRDA:20,0,0,6
BRDA:24,1,0,10
BRDA:27,2,0,2
BRDA:40,3,0,14
BRDA:41,4,0,2
BRDA:43,5,0,12
BRDA:59,6,0,6
BRDA:61,7,0,12
BRDA:64,8,0,10
BRDA:72,9,0,2
BRDA:79,10,0,0
BRDA:86,11,0,4
BRDA:87,12,0,2
BRF:13
BRH:12
end_of_record
TN:
SF:src\pages\api\test\notification.ts
FNF:0
FNH:0
DA:1,1
DA:2,1
DA:4,1
DA:5,1
DA:6,1
DA:7,1
DA:8,1
DA:9,1
DA:10,1
DA:11,8
DA:12,8
DA:13,2
DA:14,2
DA:16,6
DA:18,8
DA:19,2
DA:20,2
DA:23,4
DA:24,4
DA:25,8
DA:26,8
DA:27,8
DA:30,8
DA:32,8
DA:33,8
DA:34,8
DA:35,8
DA:36,8
DA:37,8
DA:38,4
DA:39,4
DA:40,2
DA:41,2
DA:42,2
DA:43,2
DA:44,8
DA:45,1
LF:37
LH:37
BRDA:10,0,0,8
BRDA:12,1,0,2
BRDA:14,2,0,6
BRDA:18,3,0,2
BRDA:20,4,0,4
BRDA:25,5,0,0
BRDA:37,6,0,4
BRDA:39,7,0,2
BRF:8
BRH:7
end_of_record
TN:
SF:src\pages\api\translations\generate.ts
FN:4,handler
FNF:1
FNH:1
FNDA:3,handler
DA:1,1
DA:4,3
DA:6,3
DA:7,1
DA:8,1
DA:10,2
DA:12,2
DA:19,3
DA:20,1
DA:21,1
DA:24,1
DA:27,3
DA:28,3
DA:29,0
DA:30,0
DA:31,0
DA:32,3
LF:17
LH:14
BRDA:4,0,0,3
BRDA:6,1,0,1
BRDA:8,2,0,2
BRDA:19,3,0,1
BRDA:19,4,0,1
BRDA:27,5,0,0
BRDA:28,6,0,0
BRF:7
BRH:5
end_of_record
TN:
SF:src\pages\api\translations\get.ts
FN:9,handler
FN:56,createEmptyTranslations
FNF:2
FNH:2
FNDA:4,handler
FNDA:1,createEmptyTranslations
DA:1,1
DA:2,1
DA:4,1
DA:9,4
DA:10,4
DA:11,4
DA:12,4
DA:13,4
DA:14,1
DA:15,1
DA:18,3
DA:21,4
DA:22,4
DA:23,1
DA:24,1
DA:25,1
DA:26,1
DA:29,2
DA:30,4
DA:31,0
DA:32,0
DA:34,2
DA:35,2
DA:36,2
DA:39,4
DA:41,0
DA:42,0
DA:44,2
DA:48,4
DA:49,1
DA:52,1
DA:53,1
DA:56,1
DA:57,1
DA:58,2
DA:59,0
DA:60,2
DA:61,2
DA:62,2
DA:63,2
DA:64,1
DA:65,1
DA:67,1
DA:70,1
DA:72,1
DA:73,1
DA:74,0
DA:75,0
DA:76,1
DA:79,1
DA:81,1
DA:82,4
DA:83,0
DA:84,0
DA:85,0
DA:86,4
LF:56
LH:46
BRDA:9,0,0,4
BRDA:13,1,0,1
BRDA:15,2,0,3
BRDA:21,3,0,2
BRDA:21,4,0,2
BRDA:22,5,0,2
BRDA:22,6,0,1
BRDA:26,7,0,2
BRDA:30,8,0,0
BRDA:32,9,0,2
BRDA:39,10,0,0
BRDA:42,11,0,2
BRDA:48,12,0,1
BRDA:73,13,0,0
BRDA:82,14,0,0
BRDA:29,15,0,3
BRDA:56,16,0,1
BRDA:57,17,0,2
BRDA:58,18,0,0
BRDA:58,19,0,0
BRF:20
BRH:14
end_of_record
TN:
SF:src\pages\api\translations\languages.ts
FN:9,handler
FN:32,countKeys
FN:76,countTranslatedKeys
FNF:3
FNH:3
FNDA:2,handler
FNDA:4,countKeys
FNDA:36,countTranslatedKeys
DA:1,1
DA:2,1
DA:4,1
DA:9,2
DA:10,2
DA:11,2
DA:12,2
DA:13,2
DA:14,1
DA:15,1
DA:17,1
DA:18,1
DA:19,1
DA:22,1
DA:23,1
DA:24,1
DA:27,1
DA:28,2
DA:29,2
DA:32,2
DA:33,4
DA:34,10
DA:35,10
DA:36,2
DA:37,2
DA:38,8
DA:39,4
DA:40,4
DA:42,2
DA:43,1
DA:46,1
DA:48,10
DA:49,1
DA:50,1
DA:51,1
DA:52,1
DA:53,1
DA:55,9
DA:56,9
DA:59,10
DA:60,0
DA:61,0
DA:62,0
DA:63,0
DA:64,0
DA:67,9
DA:68,18
DA:69,18
DA:71,18
DA:72,18
DA:73,18
DA:76,18
DA:77,36
DA:78,90
DA:80,90
DA:82,18
DA:83,18
DA:84,18
DA:85,0
DA:86,90
DA:88,72
DA:89,0
DA:90,0
DA:91,72
DA:92,72
DA:93,36
DA:94,36
DA:96,18
DA:97,18
DA:98,9
DA:101,9
DA:103,9
DA:104,9
DA:105,9
DA:106,9
DA:107,1
DA:110,1
DA:111,2
DA:112,0
DA:113,0
DA:114,0
DA:115,2
LF:82
LH:71
BRDA:9,0,0,2
BRDA:13,1,0,1
BRDA:111,2,0,0
BRDA:23,3,0,2
BRDA:24,4,0,2
BRDA:27,5,0,2
BRDA:32,6,0,4
BRDA:33,7,0,10
BRDA:34,8,0,4
BRDA:34,9,0,6
BRDA:35,10,0,2
BRDA:35,11,0,2
BRDA:37,12,0,8
BRDA:46,13,0,10
BRDA:48,14,0,1
BRDA:53,15,0,9
BRDA:59,16,0,0
BRDA:64,17,0,9
BRDA:67,18,0,18
BRDA:76,19,0,36
BRDA:77,20,0,90
BRDA:78,21,0,36
BRDA:78,22,0,54
BRDA:80,23,0,18
BRDA:80,24,0,18
BRDA:84,25,0,0
BRDA:86,26,0,72
BRDA:88,27,0,0
BRF:28
BRH:24
end_of_record
TN:
SF:src\pages\api\translations\namespaces.ts
FN:8,handler
FNF:1
FNH:1
FNDA:3,handler
DA:1,1
DA:3,1
DA:8,3
DA:9,3
DA:10,3
DA:11,3
DA:12,3
DA:13,1
DA:14,1
DA:16,2
DA:18,2
DA:19,2
DA:22,2
DA:23,2
DA:24,2
DA:27,2
DA:28,3
DA:29,1
DA:30,1
DA:31,1
DA:32,3
LF:21
LH:21
BRDA:8,0,0,3
BRDA:12,1,0,1
BRDA:14,2,0,2
BRDA:28,3,0,1
BRDA:23,4,0,3
BRDA:24,5,0,3
BRF:6
BRH:6
end_of_record
TN:
SF:src\pages\api\upload\profile-image.ts
FN:16,handler
FN:48,formData
FNF:2
FNH:2
FNDA:13,handler
FNDA:9,formData
DA:2,1
DA:3,1
DA:4,1
DA:5,1
DA:6,1
DA:7,1
DA:10,1
DA:11,1
DA:12,1
DA:13,1
DA:14,1
DA:16,13
DA:17,13
DA:18,1
DA:19,1
DA:22,12
DA:23,12
DA:25,10
DA:27,10
DA:29,13
DA:30,1
DA:31,1
DA:34,9
DA:35,9
DA:36,9
DA:37,9
DA:38,9
DA:41,9
DA:42,9
DA:43,9
DA:44,9
DA:47,9
DA:48,9
DA:49,9
DA:50,9
DA:51,1
DA:52,1
DA:53,1
DA:54,8
DA:55,9
DA:56,9
DA:57,9
DA:60,8
DA:61,12
DA:62,1
DA:63,1
DA:65,13
DA:68,13
DA:69,13
DA:70,13
DA:71,13
DA:74,13
DA:75,13
DA:76,6
DA:77,6
DA:78,6
DA:81,6
DA:82,12
DA:83,13
DA:85,13
DA:86,13
DA:87,13
DA:88,13
DA:89,13
DA:90,2
DA:91,2
DA:92,2
DA:93,13
LF:68
LH:68
BRDA:16,0,0,13
BRDA:17,1,0,1
BRDA:19,2,0,12
BRDA:23,3,0,2
BRDA:23,4,0,12
BRDA:23,5,0,10
BRDA:29,6,0,9
BRDA:29,7,0,12
BRDA:29,8,0,1
BRDA:31,9,0,9
BRDA:57,10,0,8
BRDA:61,11,0,1
BRDA:63,12,0,7
BRDA:65,13,0,1
BRDA:65,14,0,6
BRDA:68,15,0,1
BRDA:75,16,0,7
BRDA:75,17,0,12
BRDA:75,18,0,6
BRDA:82,19,0,1
BRDA:89,20,0,2
BRDA:48,21,0,9
BRDA:49,22,0,9
BRDA:50,23,0,1
BRDA:53,24,0,8
BRF:25
BRH:25
end_of_record
TN:
SF:src\pages\api\users\[id]\public-key.ts
FN:44,handler
FNF:1
FNH:1
FNDA:10,handler
DA:1,1
DA:2,1
DA:44,1
DA:46,10
DA:48,10
DA:49,2
DA:50,2
DA:51,2
DA:52,2
DA:53,2
DA:55,8
DA:57,8
DA:58,8
DA:59,8
DA:61,10
DA:62,2
DA:63,2
DA:64,2
DA:65,2
DA:66,2
DA:69,4
DA:70,4
DA:71,4
DA:72,4
DA:73,4
DA:74,4
DA:75,4
DA:76,4
DA:78,10
DA:79,2
DA:80,2
DA:81,2
DA:82,2
DA:83,2
DA:85,2
DA:86,2
DA:87,2
DA:88,2
DA:89,2
DA:90,2
DA:91,2
DA:92,2
DA:93,2
DA:94,2
DA:95,2
DA:96,2
DA:97,10
DA:99,1
DA:100,1
DA:101,1
DA:102,1
DA:103,1
DA:104,1
DA:105,1
LF:54
LH:54
BRDA:44,0,0,10
BRDA:48,1,0,8
BRDA:48,2,0,2
BRDA:53,3,0,8
BRDA:59,4,0,6
BRDA:61,5,0,2
BRDA:66,6,0,4
BRDA:78,7,0,2
BRF:8
BRH:8
end_of_record
TN:
SF:src\pages\api\voice\process.ts
FN:34,handler
FNF:1
FNH:1
FNDA:14,handler
DA:1,1
DA:2,1
DA:3,1
DA:4,1
DA:8,1
DA:9,1
DA:10,1
DA:11,1
DA:12,1
DA:34,14
DA:35,14
DA:36,14
DA:37,14
DA:38,14
DA:39,1
DA:40,1
DA:42,13
DA:44,13
DA:45,14
DA:46,1
DA:47,1
DA:50,12
DA:51,12
DA:52,13
DA:54,14
DA:55,1
DA:56,1
DA:59,11
DA:60,14
DA:63,14
DA:64,14
DA:65,14
DA:66,14
DA:67,14
DA:68,14
DA:69,14
DA:71,14
DA:72,1
DA:73,1
DA:75,10
DA:78,10
DA:79,10
DA:80,10
DA:81,10
DA:82,10
DA:83,10
DA:84,10
DA:85,10
DA:86,14
DA:87,14
DA:88,14
DA:89,14
DA:90,14
DA:92,10
DA:93,1
DA:94,1
DA:96,9
DA:99,9
DA:100,10
DA:101,11
DA:102,11
DA:103,11
DA:104,11
DA:105,11
DA:107,11
DA:108,1
DA:109,1
DA:111,9
DA:113,11
DA:114,6
DA:115,11
DA:116,1
DA:117,1
DA:120,2
DA:121,2
DA:124,6
DA:127,14
DA:128,3
DA:129,3
DA:130,3
DA:132,14
DA:134,14
DA:135,14
DA:136,14
DA:137,14
DA:138,14
DA:139,14
DA:140,14
DA:141,14
DA:142,14
DA:143,14
DA:144,5
DA:145,5
DA:146,5
DA:147,14
LF:95
LH:95
BRDA:34,0,0,14
BRDA:38,1,0,1
BRDA:40,2,0,13
BRDA:45,3,0,1
BRDA:47,4,0,13
BRDA:47,5,0,12
BRDA:52,6,0,11
BRDA:54,7,0,1
BRDA:56,8,0,11
BRDA:60,9,0,0
BRDA:69,10,0,11
BRDA:71,11,0,1
BRDA:73,12,0,10
BRDA:86,13,0,0
BRDA:90,14,0,10
BRDA:92,15,0,1
BRDA:94,16,0,9
BRDA:100,17,0,11
BRDA:105,18,0,10
BRDA:107,19,0,1
BRDA:109,20,0,9
BRDA:113,21,0,6
BRDA:115,22,0,10
BRDA:115,23,0,3
BRDA:115,24,0,1
BRDA:117,25,0,2
BRDA:121,26,0,6
BRDA:127,27,0,3
BRDA:127,28,0,3
BRDA:132,29,0,3
BRDA:132,30,0,3
BRDA:143,31,0,5
BRDA:120,32,0,2
BRF:33
BRH:31
end_of_record
