{"/home/user/webapp/src/auth.ts": {"path":"/home/user/webapp/src/auth.ts","statementMap":{"0":{"start":{"line":8,"column":4},"end":{"line":12,"column":null}},"1":{"start":{"line":9,"column":8},"end":{"line":9,"column":null}},"2":{"start":{"line":10,"column":4},"end":{"line":12,"column":null}},"3":{"start":{"line":11,"column":8},"end":{"line":11,"column":null}},"4":{"start":{"line":13,"column":4},"end":{"line":13,"column":null}},"5":{"start":{"line":20,"column":20},"end":{"line":20,"column":null}},"6":{"start":{"line":22,"column":4},"end":{"line":22,"column":null}},"7":{"start":{"line":23,"column":4},"end":{"line":27,"column":null}},"8":{"start":{"line":30,"column":20},"end":{"line":36,"column":null}},"9":{"start":{"line":38,"column":20},"end":{"line":44,"column":null}},"10":{"start":{"line":46,"column":4},"end":{"line":46,"column":null}},"11":{"start":{"line":51,"column":18},"end":{"line":51,"column":null}},"12":{"start":{"line":52,"column":4},"end":{"line":52,"column":null}},"13":{"start":{"line":53,"column":4},"end":{"line":53,"column":null}},"14":{"start":{"line":53,"column":37},"end":{"line":53,"column":71}},"15":{"start":{"line":68,"column":17},"end":{"line":68,"column":null}},"16":{"start":{"line":71,"column":18},"end":{"line":71,"column":null}},"17":{"start":{"line":72,"column":4},"end":{"line":72,"column":null}},"18":{"start":{"line":73,"column":4},"end":{"line":73,"column":null}},"19":{"start":{"line":77,"column":4},"end":{"line":77,"column":null}},"20":{"start":{"line":81,"column":4},"end":{"line":81,"column":null}},"21":{"start":{"line":86,"column":10},"end":{"line":86,"column":null}},"22":{"start":{"line":88,"column":4},"end":{"line":90,"column":null}},"23":{"start":{"line":89,"column":8},"end":{"line":89,"column":null}},"24":{"start":{"line":92,"column":20},"end":{"line":92,"column":null}},"25":{"start":{"line":94,"column":4},"end":{"line":96,"column":null}},"26":{"start":{"line":95,"column":8},"end":{"line":95,"column":null}},"27":{"start":{"line":99,"column":4},"end":{"line":99,"column":null}},"28":{"start":{"line":100,"column":4},"end":{"line":100,"column":null}},"29":{"start":{"line":105,"column":20},"end":{"line":105,"column":null}},"30":{"start":{"line":107,"column":4},"end":{"line":112,"column":null}},"31":{"start":{"line":108,"column":8},"end":{"line":111,"column":null}},"32":{"start":{"line":114,"column":4},"end":{"line":114,"column":null}},"33":{"start":{"line":119,"column":19},"end":{"line":119,"column":null}},"34":{"start":{"line":120,"column":10},"end":{"line":120,"column":null}},"35":{"start":{"line":121,"column":4},"end":{"line":121,"column":null}},"36":{"start":{"line":121,"column":16},"end":{"line":121,"column":null}},"37":{"start":{"line":123,"column":4},"end":{"line":154,"column":null}},"38":{"start":{"line":125,"column":24},"end":{"line":132,"column":null}},"39":{"start":{"line":134,"column":8},"end":{"line":134,"column":null}},"40":{"start":{"line":134,"column":22},"end":{"line":134,"column":null}},"41":{"start":{"line":137,"column":8},"end":{"line":141,"column":null}},"42":{"start":{"line":143,"column":8},"end":{"line":150,"column":null}},"43":{"start":{"line":152,"column":8},"end":{"line":152,"column":null}},"44":{"start":{"line":153,"column":8},"end":{"line":153,"column":null}}},"fnMap":{"0":{"name":"isOAuthConfigured","decl":{"start":{"line":7,"column":16},"end":{"line":7,"column":34}},"loc":{"start":{"line":7,"column":84},"end":{"line":14,"column":null}},"line":7},"1":{"name":"initOAuthProviders","decl":{"start":{"line":17,"column":16},"end":{"line":17,"column":35}},"loc":{"start":{"line":17,"column":45},"end":{"line":47,"column":null}},"line":17},"2":{"name":"generateSessionToken","decl":{"start":{"line":50,"column":16},"end":{"line":50,"column":47}},"loc":{"start":{"line":50,"column":47},"end":{"line":54,"column":null}},"line":50},"3":{"name":"(anonymous_3)","decl":{"start":{"line":53,"column":29},"end":{"line":53,"column":37}},"loc":{"start":{"line":53,"column":37},"end":{"line":53,"column":71}},"line":53},"4":{"name":"createSession","decl":{"start":{"line":70,"column":16},"end":{"line":70,"column":30}},"loc":{"start":{"line":70,"column":56},"end":{"line":74,"column":null}},"line":70},"5":{"name":"getSession","decl":{"start":{"line":76,"column":16},"end":{"line":76,"column":27}},"loc":{"start":{"line":76,"column":58},"end":{"line":78,"column":null}},"line":76},"6":{"name":"deleteSession","decl":{"start":{"line":80,"column":16},"end":{"line":80,"column":30}},"loc":{"start":{"line":80,"column":51},"end":{"line":82,"column":null}},"line":80},"7":{"name":"requireAuth","decl":{"start":{"line":85,"column":22},"end":{"line":85,"column":34}},"loc":{"start":{"line":85,"column":73},"end":{"line":101,"column":null}},"line":85},"8":{"name":"requirePremium","decl":{"start":{"line":104,"column":22},"end":{"line":104,"column":37}},"loc":{"start":{"line":104,"column":76},"end":{"line":115,"column":null}},"line":104},"9":{"name":"getCurrentUser","decl":{"start":{"line":118,"column":22},"end":{"line":118,"column":37}},"loc":{"start":{"line":118,"column":187},"end":{"line":155,"column":null}},"line":118}},"branchMap":{"0":{"loc":{"start":{"line":8,"column":4},"end":{"line":12,"column":null}},"type":"if","locations":[{"start":{"line":8,"column":4},"end":{"line":12,"column":null}},{"start":{"line":10,"column":4},"end":{"line":12,"column":null}}],"line":8},"1":{"loc":{"start":{"line":9,"column":18},"end":{"line":9,"column":null}},"type":"binary-expr","locations":[{"start":{"line":9,"column":18},"end":{"line":9,"column":42}},{"start":{"line":9,"column":42},"end":{"line":9,"column":null}}],"line":9},"2":{"loc":{"start":{"line":10,"column":4},"end":{"line":12,"column":null}},"type":"if","locations":[{"start":{"line":10,"column":4},"end":{"line":12,"column":null}},{"start":{},"end":{}}],"line":10},"3":{"loc":{"start":{"line":11,"column":18},"end":{"line":11,"column":null}},"type":"binary-expr","locations":[{"start":{"line":11,"column":18},"end":{"line":11,"column":42}},{"start":{"line":11,"column":42},"end":{"line":11,"column":null}}],"line":11},"4":{"loc":{"start":{"line":20,"column":20},"end":{"line":20,"column":null}},"type":"binary-expr","locations":[{"start":{"line":20,"column":20},"end":{"line":20,"column":36}},{"start":{"line":20,"column":36},"end":{"line":20,"column":null}}],"line":20},"5":{"loc":{"start":{"line":30,"column":20},"end":{"line":36,"column":null}},"type":"cond-expr","locations":[{"start":{"line":31,"column":10},"end":{"line":35,"column":null}},{"start":{"line":36,"column":10},"end":{"line":36,"column":null}}],"line":30},"6":{"loc":{"start":{"line":30,"column":20},"end":{"line":30,"column":null}},"type":"binary-expr","locations":[{"start":{"line":30,"column":20},"end":{"line":30,"column":44}},{"start":{"line":30,"column":44},"end":{"line":30,"column":null}}],"line":30},"7":{"loc":{"start":{"line":38,"column":20},"end":{"line":44,"column":null}},"type":"cond-expr","locations":[{"start":{"line":39,"column":10},"end":{"line":43,"column":null}},{"start":{"line":44,"column":10},"end":{"line":44,"column":null}}],"line":38},"8":{"loc":{"start":{"line":38,"column":20},"end":{"line":38,"column":null}},"type":"binary-expr","locations":[{"start":{"line":38,"column":20},"end":{"line":38,"column":44}},{"start":{"line":38,"column":44},"end":{"line":38,"column":null}}],"line":38},"9":{"loc":{"start":{"line":77,"column":11},"end":{"line":77,"column":null}},"type":"binary-expr","locations":[{"start":{"line":77,"column":11},"end":{"line":77,"column":34}},{"start":{"line":77,"column":34},"end":{"line":77,"column":null}}],"line":77},"10":{"loc":{"start":{"line":88,"column":4},"end":{"line":90,"column":null}},"type":"if","locations":[{"start":{"line":88,"column":4},"end":{"line":90,"column":null}},{"start":{},"end":{}}],"line":88},"11":{"loc":{"start":{"line":94,"column":4},"end":{"line":96,"column":null}},"type":"if","locations":[{"start":{"line":94,"column":4},"end":{"line":96,"column":null}},{"start":{},"end":{}}],"line":94},"12":{"loc":{"start":{"line":107,"column":4},"end":{"line":112,"column":null}},"type":"if","locations":[{"start":{"line":107,"column":4},"end":{"line":112,"column":null}},{"start":{},"end":{}}],"line":107},"13":{"loc":{"start":{"line":107,"column":8},"end":{"line":107,"column":40}},"type":"binary-expr","locations":[{"start":{"line":107,"column":8},"end":{"line":107,"column":20}},{"start":{"line":107,"column":20},"end":{"line":107,"column":40}}],"line":107},"14":{"loc":{"start":{"line":121,"column":4},"end":{"line":121,"column":null}},"type":"if","locations":[{"start":{"line":121,"column":4},"end":{"line":121,"column":null}},{"start":{},"end":{}}],"line":121},"15":{"loc":{"start":{"line":134,"column":8},"end":{"line":134,"column":null}},"type":"if","locations":[{"start":{"line":134,"column":8},"end":{"line":134,"column":null}},{"start":{},"end":{}}],"line":134}},"s":{"0":0,"1":0,"2":0,"3":0,"4":0,"5":0,"6":0,"7":0,"8":0,"9":0,"10":0,"11":4,"12":4,"13":4,"14":80,"15":1,"16":0,"17":0,"18":0,"19":0,"20":0,"21":0,"22":0,"23":0,"24":0,"25":0,"26":0,"27":0,"28":0,"29":0,"30":0,"31":0,"32":0,"33":0,"34":0,"35":0,"36":0,"37":0,"38":0,"39":0,"40":0,"41":0,"42":0,"43":0,"44":0},"f":{"0":0,"1":0,"2":4,"3":80,"4":0,"5":0,"6":0,"7":0,"8":0,"9":0},"b":{"0":[0,0],"1":[0,0],"2":[0,0],"3":[0,0],"4":[0,0],"5":[0,0],"6":[0,0],"7":[0,0],"8":[0,0],"9":[0,0],"10":[0,0],"11":[0,0],"12":[0,0],"13":[0,0],"14":[0,0],"15":[0,0]},"meta":{"lastBranch":16,"lastFunction":10,"lastStatement":45,"seen":{"f:7:16:7:34":0,"b:8:4:12:Infinity:10:4:12:Infinity":0,"s:8:4:12:Infinity":0,"s:9:8:9:Infinity":1,"b:9:18:9:42:9:42:9:Infinity":1,"b:10:4:12:Infinity:undefined:undefined:undefined:undefined":2,"s:10:4:12:Infinity":2,"s:11:8:11:Infinity":3,"b:11:18:11:42:11:42:11:Infinity":3,"s:13:4:13:Infinity":4,"f:17:16:17:35":1,"s:20:20:20:Infinity":5,"b:20:20:20:36:20:36:20:Infinity":4,"s:22:4:22:Infinity":6,"s:23:4:27:Infinity":7,"s:30:20:36:Infinity":8,"b:31:10:35:Infinity:36:10:36:Infinity":5,"b:30:20:30:44:30:44:30:Infinity":6,"s:38:20:44:Infinity":9,"b:39:10:43:Infinity:44:10:44:Infinity":7,"b:38:20:38:44:38:44:38:Infinity":8,"s:46:4:46:Infinity":10,"f:50:16:50:47":2,"s:51:18:51:Infinity":11,"s:52:4:52:Infinity":12,"s:53:4:53:Infinity":13,"f:53:29:53:37":3,"s:53:37:53:71":14,"s:68:17:68:Infinity":15,"f:70:16:70:30":4,"s:71:18:71:Infinity":16,"s:72:4:72:Infinity":17,"s:73:4:73:Infinity":18,"f:76:16:76:27":5,"s:77:4:77:Infinity":19,"b:77:11:77:34:77:34:77:Infinity":9,"f:80:16:80:30":6,"s:81:4:81:Infinity":20,"f:85:22:85:34":7,"s:86:10:86:Infinity":21,"b:88:4:90:Infinity:undefined:undefined:undefined:undefined":10,"s:88:4:90:Infinity":22,"s:89:8:89:Infinity":23,"s:92:20:92:Infinity":24,"b:94:4:96:Infinity:undefined:undefined:undefined:undefined":11,"s:94:4:96:Infinity":25,"s:95:8:95:Infinity":26,"s:99:4:99:Infinity":27,"s:100:4:100:Infinity":28,"f:104:22:104:37":8,"s:105:20:105:Infinity":29,"b:107:4:112:Infinity:undefined:undefined:undefined:undefined":12,"s:107:4:112:Infinity":30,"b:107:8:107:20:107:20:107:40":13,"s:108:8:111:Infinity":31,"s:114:4:114:Infinity":32,"f:118:22:118:37":9,"s:119:19:119:Infinity":33,"s:120:10:120:Infinity":34,"b:121:4:121:Infinity:undefined:undefined:undefined:undefined":14,"s:121:4:121:Infinity":35,"s:121:16:121:Infinity":36,"s:123:4:154:Infinity":37,"s:125:24:132:Infinity":38,"b:134:8:134:Infinity:undefined:undefined:undefined:undefined":15,"s:134:8:134:Infinity":39,"s:134:22:134:Infinity":40,"s:137:8:141:Infinity":41,"s:143:8:150:Infinity":42,"s:152:8:152:Infinity":43,"s:153:8:153:Infinity":44}}}
}
