TN:
SF:src/auth.ts
FN:7,isOAuthConfigured
FN:17,initOAuthProviders
FN:50,generateSessionToken
FN:53,(anonymous_3)
FN:70,createSession
FN:76,getSession
FN:80,deleteSession
FN:85,requireAuth
FN:104,requirePremium
FN:118,getCurrentUser
FNF:10
FNH:2
FNDA:0,isOAuthConfigured
FNDA:0,initOAuthProviders
FNDA:4,generateSessionToken
FNDA:80,(anonymous_3)
FNDA:0,createSession
FNDA:0,getSession
FNDA:0,deleteSession
FNDA:0,requireAuth
FNDA:0,requirePremium
FNDA:0,getCurrentUser
DA:8,0
DA:9,0
DA:10,0
DA:11,0
DA:13,0
DA:20,0
DA:22,0
DA:23,0
DA:30,0
DA:38,0
DA:46,0
DA:51,4
DA:52,4
DA:53,80
DA:68,1
DA:71,0
DA:72,0
DA:73,0
DA:77,0
DA:81,0
DA:86,0
DA:88,0
DA:89,0
DA:92,0
DA:94,0
DA:95,0
DA:99,0
DA:100,0
DA:105,0
DA:107,0
DA:108,0
DA:114,0
DA:119,0
DA:120,0
DA:121,0
DA:123,0
DA:125,0
DA:134,0
DA:137,0
DA:143,0
DA:152,0
DA:153,0
LF:42
LH:4
BRDA:8,0,0,0
BRDA:8,0,1,0
BRDA:9,1,0,0
BRDA:9,1,1,0
BRDA:10,2,0,0
BRDA:10,2,1,0
BRDA:11,3,0,0
BRDA:11,3,1,0
BRDA:20,4,0,0
BRDA:20,4,1,0
BRDA:30,5,0,0
BRDA:30,5,1,0
BRDA:30,6,0,0
BRDA:30,6,1,0
BRDA:38,7,0,0
BRDA:38,7,1,0
BRDA:38,8,0,0
BRDA:38,8,1,0
BRDA:77,9,0,0
BRDA:77,9,1,0
BRDA:88,10,0,0
BRDA:88,10,1,0
BRDA:94,11,0,0
BRDA:94,11,1,0
BRDA:107,12,0,0
BRDA:107,12,1,0
BRDA:107,13,0,0
BRDA:107,13,1,0
BRDA:121,14,0,0
BRDA:121,14,1,0
BRDA:134,15,0,0
BRDA:134,15,1,0
BRF:32
BRH:0
end_of_record
